Log file open, 12/10/24 15:07:33
LogWindows: Failed to load 'aqProf.dll' (GetLastError=126)
LogWindows: File 'aqProf.dll' does not exist
LogWindows: Failed to load 'VtuneApi.dll' (GetLastError=126)
LogWindows: File 'VtuneApi.dll' does not exist
LogWindows: Failed to load 'VtuneApi32e.dll' (GetLastError=126)
LogWindows: File 'VtuneApi32e.dll' does not exist
LogConsoleResponse: Display: Failed to find resolution value strings in scalability ini. Falling back to default.
LogInit: Display: Running engine for game: MyFirstProject
LogPakFile: Registered encryption key '00000000000000000000000000000000': 0 pak files mounted, 0 remain pending
LogPlatformFile: Not using cached read wrapper
LogTaskGraph: Started task graph with 5 named threads and 35 total threads with 3 sets of task threads.
LogStats: Stats thread started at 0.529604
LogD3D11RHI: Loaded GFSDK_Aftermath_Lib.x64.dll
LogICUInternationalization: ICU TimeZone Detection - Raw Offset: +3:00, Platform Override: ''
LogPluginManager: Mounting plugin Paper2D
LogPluginManager: Mounting plugin AISupport
LogPluginManager: Mounting plugin LightPropagationVolume
LogPluginManager: Mounting plugin ActorLayerUtilities
LogPluginManager: Mounting plugin AnimationSharing
LogPluginManager: Mounting plugin CLionSourceCodeAccess
LogPluginManager: Mounting plugin CodeLiteSourceCodeAccess
LogPluginManager: Mounting plugin GitSourceControl
LogPluginManager: Mounting plugin KDevelopSourceCodeAccess
LogPluginManager: Mounting plugin NullSourceCodeAccess
LogPluginManager: Mounting plugin PerforceSourceControl
LogPluginManager: Mounting plugin SubversionSourceControl
LogPluginManager: Mounting plugin UObjectPlugin
LogPluginManager: Mounting plugin VisualStudioCodeSourceCodeAccess
LogPluginManager: Mounting plugin VisualStudioSourceCodeAccess
LogPluginManager: Mounting plugin XCodeSourceCodeAccess
LogPluginManager: Mounting plugin AssetManagerEditor
LogPluginManager: Mounting plugin CryptoKeys
LogPluginManager: Mounting plugin DataValidation
LogPluginManager: Mounting plugin FacialAnimation
LogPluginManager: Mounting plugin GameplayTagsEditor
LogPluginManager: Mounting plugin MacGraphicsSwitching
LogPluginManager: Mounting plugin MaterialAnalyzer
LogPluginManager: Mounting plugin MobileLauncherProfileWizard
LogPluginManager: Mounting plugin PluginBrowser
LogPluginManager: Mounting plugin SpeedTreeImporter
LogPluginManager: Mounting plugin DatasmithContent
LogPluginManager: Mounting plugin VariantManagerContent
LogPluginManager: Mounting plugin AlembicImporter
LogPluginManager: Mounting plugin AppleImageUtils
LogPluginManager: Mounting plugin AppleVision
LogPluginManager: Mounting plugin BackChannel
LogPluginManager: Mounting plugin CharacterAI
LogPluginManager: Mounting plugin GeometryCache
LogPluginManager: Mounting plugin HTML5Networking
LogPluginManager: Mounting plugin ProxyLODPlugin
LogPluginManager: Mounting plugin SkeletalReduction
LogPluginManager: Mounting plugin MagicLeap
LogPluginManager: Mounting plugin MagicLeapMedia
LogPluginManager: Mounting plugin AndroidMedia
LogPluginManager: Mounting plugin AvfMedia
LogPluginManager: Mounting plugin ImgMedia
LogPluginManager: Mounting plugin LinearTimecode
LogPluginManager: Mounting plugin MediaCompositing
LogPluginManager: Mounting plugin MediaPlayerEditor
LogPluginManager: Mounting plugin WebMMedia
LogPluginManager: Mounting plugin WmfMedia
LogPluginManager: Mounting plugin TcpMessaging
LogPluginManager: Mounting plugin UdpMessaging
LogPluginManager: Mounting plugin ActorSequence
LogPluginManager: Mounting plugin LevelSequenceEditor
LogPluginManager: Mounting plugin MatineeToLevelSequence
LogPluginManager: Mounting plugin NetcodeUnitTest
LogPluginManager: Mounting plugin NUTUnrealEngine4
LogPluginManager: Mounting plugin OnlineSubsystemGooglePlay
LogPluginManager: Mounting plugin OnlineSubsystemIOS
LogPluginManager: Mounting plugin OnlineSubsystem
LogPluginManager: Mounting plugin OnlineSubsystemNull
LogPluginManager: Mounting plugin OnlineSubsystemUtils
LogPluginManager: Mounting plugin LauncherChunkInstaller
LogPluginManager: Mounting plugin AndroidDeviceProfileSelector
LogPluginManager: Mounting plugin AndroidMoviePlayer
LogPluginManager: Mounting plugin AndroidPermission
LogPluginManager: Mounting plugin AppleMoviePlayer
LogPluginManager: Mounting plugin ArchVisCharacter
LogPluginManager: Mounting plugin AudioCapture
LogPluginManager: Mounting plugin CableComponent
LogPluginManager: Mounting plugin CustomMeshComponent
LogPluginManager: Mounting plugin EditableMesh
LogPluginManager: Mounting plugin ExampleDeviceProfileSelector
LogPluginManager: Mounting plugin Firebase
LogPluginManager: Mounting plugin GoogleCloudMessaging
LogPluginManager: Mounting plugin IOSDeviceProfileSelector
LogPluginManager: Mounting plugin LinuxDeviceProfileSelector
LogPluginManager: Mounting plugin LocationServicesBPLibrary
LogPluginManager: Mounting plugin MobilePatchingUtils
LogPluginManager: Mounting plugin OculusVR
LogPluginManager: Mounting plugin PhysXVehicles
LogPluginManager: Mounting plugin ProceduralMeshComponent
LogPluginManager: Mounting plugin RuntimePhysXCooking
LogPluginManager: Mounting plugin SignificanceManager
LogPluginManager: Mounting plugin SteamVR
LogPluginManager: Mounting plugin WebMMoviePlayer
LogPluginManager: Mounting plugin WindowsMoviePlayer
LogInit: Using libcurl 7.55.1-DEV
LogInit:  - built for x86_64-pc-win32
LogInit:  - supports SSL with OpenSSL/1.1.1
LogInit:  - supports HTTP deflate (compression) using libz 1.2.8
LogInit:  - other features:
LogInit:      CURL_VERSION_SSL
LogInit:      CURL_VERSION_LIBZ
LogInit:      CURL_VERSION_IPV6
LogInit:      CURL_VERSION_ASYNCHDNS
LogInit:      CURL_VERSION_LARGEFILE
LogInit:      CURL_VERSION_IDN
LogInit:  CurlRequestOptions (configurable via config and command line):
LogInit:  - bVerifyPeer = true  - Libcurl will verify peer certificate
LogInit:  - bUseHttpProxy = false  - Libcurl will NOT use HTTP proxy
LogInit:  - bDontReuseConnections = false  - Libcurl will reuse connections
LogInit:  - MaxHostConnections = 16  - Libcurl will limit the number of connections to a host
LogInit:  - LocalHostAddr = Default
LogInit:  - BufferSize = 65536
LogInit: WinSock: version 1.1 (2.2), MaxSocks=32767, MaxUdp=65467
LogHMD: Failed initializing OVRPlugin 1.32.0
LogInit: Build: ++UE4+Release-4.22-CL-7053642
LogInit: Engine Version: 4.22.3-7053642+++UE4+Release-4.22
LogInit: Compatible Engine Version: 4.22.0-5660361+++UE4+Release-4.22
LogInit: Net CL: 5660361
LogInit: OS: Windows 10 (Release 2009) (), CPU: 12th Gen Intel(R) Core(TM) i5-12400F, GPU: NVIDIA GeForce RTX 3050
LogInit: Compiled (64-bit): Jun 18 2019 03:09:11
LogInit: Compiled with Visual C++: 19.16.27025.01
LogInit: Build Configuration: Development
LogInit: Branch Name: ++UE4+Release-4.22
LogInit: Command Line: 
LogInit: Base Directory: C:/Games/UE_4.22/Engine/Binaries/Win64/
LogInit: Installed Engine Build: 1
LogDevObjectVersion: Number of dev versions registered: 23
LogDevObjectVersion:   Dev-Blueprints (B0D832E4-1F89-4F0D-ACCF-7EB736FD4AA2): 10
LogDevObjectVersion:   Dev-Build (E1C64328-A22C-4D53-A36C-8E866417BD8C): 0
LogDevObjectVersion:   Dev-Core (375EC13C-06E4-48FB-B500-84F0262A717E): 3
LogDevObjectVersion:   Dev-Editor (E4B068ED-F494-42E9-A231-DA0B2E46BB41): 30
LogDevObjectVersion:   Dev-Framework (CFFC743F-43B0-4480-9391-14DF171D2073): 35
LogDevObjectVersion:   Dev-Mobile (B02B49B5-BB20-44E9-A304-32B752E40360): 2
LogDevObjectVersion:   Dev-Networking (A4E4105C-59A1-49B5-A7C5-40C4547EDFEE): 0
LogDevObjectVersion:   Dev-Online (39C831C9-5AE6-47DC-9A44-9C173E1C8E7C): 0
LogDevObjectVersion:   Dev-Physics (78F01B33-EBEA-4F98-B9B4-84EACCB95AA2): 0
LogDevObjectVersion:   Dev-Platform (6631380F-2D4D-43E0-8009-CF276956A95A): 0
LogDevObjectVersion:   Dev-Rendering (12F88B9F-8875-4AFC-A67C-D90C383ABD29): 28
LogDevObjectVersion:   Dev-Sequencer (7B5AE74C-D270-4C10-A958-57980B212A5A): 11
LogDevObjectVersion:   Dev-VR (D7296918-1DD6-4BDD-9DE2-64A83CC13884): 2
LogDevObjectVersion:   Dev-LoadTimes (C2A15278-BFE7-4AFE-6C17-90FF531DF755): 1
LogDevObjectVersion:   Private-Geometry (6EACA3D4-40EC-4CC1-B786-8BED09428FC5): 3
LogDevObjectVersion:   Dev-AnimPhys (29E575DD-E0A3-4627-9D10-D276232CDCEA): 17
LogDevObjectVersion:   Dev-Anim (AF43A65D-7FD3-4947-9873-3E8ED9C1BB05): 2
LogDevObjectVersion:   Dev-ReflectionCapture (6B266CEC-1EC7-4B8F-A30B-E4D90942FC07): 1
LogDevObjectVersion:   Dev-Automation (0DF73D61-A23F-47EA-B727-89E90C41499A): 1
LogDevObjectVersion:   FortniteMain (601D1886-AC64-4F84-AA16-D3DE0DEAC7D6): 25
LogDevObjectVersion:   Dev-Enterprise (9DFFBCD6-494F-0158-E221-12823C92A888): 6
LogDevObjectVersion:   Dev-Niagara (F2AED0AC-9AFE-416F-8664-AA7FFA26D6FC): 1
LogDevObjectVersion:   Dev-Destruction (174F1F0B-B4C6-45A5-B13F-2EE8D0FB917D): 2
LogInit: Presizing for max 16777216 objects, including 0 objects not considered by GC, pre-allocating 0 bytes for permanent pool.
LogInit: Object subsystem initialized
LogConfig: Setting CVar [[con.DebugEarlyDefault:1]]
LogConfig: Setting CVar [[r.setres:1280x720]]
[2024.12.10-12.07.34:803][  0]LogConfig: Setting CVar [[r.VSync:0]]
[2024.12.10-12.07.34:803][  0]LogConfig: Setting CVar [[r.RHICmdBypass:0]]
[2024.12.10-12.07.34:803][  0]LogConfig: Applying CVar settings from Section [/Script/Engine.RendererSettings] File [C:/Users/Mike/Documents/Unreal Projects/MyFirstProject/Saved/Config/Windows/Engine.ini]
[2024.12.10-12.07.34:803][  0]LogConfig: Setting CVar [[r.GPUCrashDebugging:0]]
[2024.12.10-12.07.34:803][  0]LogConfig: Setting CVar [[r.DefaultFeature.AutoExposure.ExtendDefaultLuminanceRange:1]]
[2024.12.10-12.07.34:803][  0]LogConfig: Applying CVar settings from Section [/Script/Engine.RendererOverrideSettings] File [C:/Users/Mike/Documents/Unreal Projects/MyFirstProject/Saved/Config/Windows/Engine.ini]
[2024.12.10-12.07.34:803][  0]LogConfig: Applying CVar settings from Section [/Script/Engine.StreamingSettings] File [C:/Users/Mike/Documents/Unreal Projects/MyFirstProject/Saved/Config/Windows/Engine.ini]
[2024.12.10-12.07.34:803][  0]LogConfig: Setting CVar [[s.MinBulkDataSizeForAsyncLoading:131072]]
[2024.12.10-12.07.34:803][  0]LogConfig: Setting CVar [[s.AsyncLoadingThreadEnabled:0]]
[2024.12.10-12.07.34:803][  0]LogConfig: Setting CVar [[s.EventDrivenLoaderEnabled:1]]
[2024.12.10-12.07.34:803][  0]LogConfig: Setting CVar [[s.WarnIfTimeLimitExceeded:0]]
[2024.12.10-12.07.34:803][  0]LogConfig: Setting CVar [[s.TimeLimitExceededMultiplier:1.5]]
[2024.12.10-12.07.34:803][  0]LogConfig: Setting CVar [[s.TimeLimitExceededMinTime:0.005]]
[2024.12.10-12.07.34:803][  0]LogConfig: Setting CVar [[s.UseBackgroundLevelStreaming:1]]
[2024.12.10-12.07.34:803][  0]LogConfig: Setting CVar [[s.PriorityAsyncLoadingExtraTime:15.0]]
[2024.12.10-12.07.34:803][  0]LogConfig: Setting CVar [[s.LevelStreamingActorsUpdateTimeLimit:5.0]]
[2024.12.10-12.07.34:803][  0]LogConfig: Setting CVar [[s.PriorityLevelStreamingActorsUpdateExtraTime:5.0]]
[2024.12.10-12.07.34:803][  0]LogConfig: Setting CVar [[s.LevelStreamingComponentsRegistrationGranularity:10]]
[2024.12.10-12.07.34:804][  0]LogConfig: Setting CVar [[s.UnregisterComponentsTimeLimit:1.0]]
[2024.12.10-12.07.34:804][  0]LogConfig: Setting CVar [[s.LevelStreamingComponentsUnregistrationGranularity:5]]
[2024.12.10-12.07.34:804][  0]LogConfig: Applying CVar settings from Section [/Script/Engine.GarbageCollectionSettings] File [C:/Users/Mike/Documents/Unreal Projects/MyFirstProject/Saved/Config/Windows/Engine.ini]
[2024.12.10-12.07.34:804][  0]LogConfig: Setting CVar [[gc.MaxObjectsNotConsideredByGC:1]]
[2024.12.10-12.07.34:804][  0]LogConfig: Setting CVar [[gc.SizeOfPermanentObjectPool:0]]
[2024.12.10-12.07.34:804][  0]LogConfig: Setting CVar [[gc.FlushStreamingOnGC:0]]
[2024.12.10-12.07.34:804][  0]LogConfig: Setting CVar [[gc.NumRetriesBeforeForcingGC:10]]
[2024.12.10-12.07.34:804][  0]LogConfig: Setting CVar [[gc.AllowParallelGC:1]]
[2024.12.10-12.07.34:804][  0]LogConfig: Setting CVar [[gc.TimeBetweenPurgingPendingKillObjects:61.1]]
[2024.12.10-12.07.34:804][  0]LogConfig: Setting CVar [[gc.MaxObjectsInEditor:16777216]]
[2024.12.10-12.07.34:804][  0]LogConfig: Setting CVar [[gc.IncrementalBeginDestroyEnabled:1]]
[2024.12.10-12.07.34:804][  0]LogConfig: Setting CVar [[gc.CreateGCClusters:1]]
[2024.12.10-12.07.34:804][  0]LogConfig: Setting CVar [[gc.MinGCClusterSize:5]]
[2024.12.10-12.07.34:804][  0]LogConfig: Setting CVar [[gc.ActorClusteringEnabled:0]]
[2024.12.10-12.07.34:804][  0]LogConfig: Setting CVar [[gc.BlueprintClusteringEnabled:0]]
[2024.12.10-12.07.34:804][  0]LogConfig: Setting CVar [[gc.UseDisregardForGCOnDedicatedServers:0]]
[2024.12.10-12.07.34:804][  0]LogConfig: Applying CVar settings from Section [/Script/Engine.NetworkSettings] File [C:/Users/Mike/Documents/Unreal Projects/MyFirstProject/Saved/Config/Windows/Engine.ini]
[2024.12.10-12.07.34:804][  0]LogConfig: Applying CVar settings from Section [/Script/UnrealEd.CookerSettings] File [C:/Users/Mike/Documents/Unreal Projects/MyFirstProject/Saved/Config/Windows/Engine.ini]
[2024.12.10-12.07.34:808][  0]LogConfig: Applying CVar settings from Section [ViewDistanceQuality@3] File [C:/Users/Mike/Documents/Unreal Projects/MyFirstProject/Saved/Config/Windows/Scalability.ini]
[2024.12.10-12.07.34:808][  0]LogConfig: Setting CVar [[r.SkeletalMeshLODBias:0]]
[2024.12.10-12.07.34:808][  0]LogConfig: Setting CVar [[r.ViewDistanceScale:1.0]]
[2024.12.10-12.07.34:808][  0]LogConfig: Applying CVar settings from Section [AntiAliasingQuality@3] File [C:/Users/Mike/Documents/Unreal Projects/MyFirstProject/Saved/Config/Windows/Scalability.ini]
[2024.12.10-12.07.34:808][  0]LogConfig: Setting CVar [[r.PostProcessAAQuality:4]]
[2024.12.10-12.07.34:808][  0]LogConfig: Applying CVar settings from Section [ShadowQuality@3] File [C:/Users/Mike/Documents/Unreal Projects/MyFirstProject/Saved/Config/Windows/Scalability.ini]
[2024.12.10-12.07.34:808][  0]LogConfig: Setting CVar [[r.LightFunctionQuality:1]]
[2024.12.10-12.07.34:808][  0]LogConfig: Setting CVar [[r.ShadowQuality:5]]
[2024.12.10-12.07.34:808][  0]LogConfig: Setting CVar [[r.Shadow.CSM.MaxCascades:10]]
[2024.12.10-12.07.34:808][  0]LogConfig: Setting CVar [[r.Shadow.MaxResolution:2048]]
[2024.12.10-12.07.34:808][  0]LogConfig: Setting CVar [[r.Shadow.MaxCSMResolution:2048]]
[2024.12.10-12.07.34:808][  0]LogConfig: Setting CVar [[r.Shadow.RadiusThreshold:0.01]]
[2024.12.10-12.07.34:808][  0]LogConfig: Setting CVar [[r.Shadow.DistanceScale:1.0]]
[2024.12.10-12.07.34:808][  0]LogConfig: Setting CVar [[r.Shadow.CSM.TransitionScale:1.0]]
[2024.12.10-12.07.34:808][  0]LogConfig: Setting CVar [[r.Shadow.PreShadowResolutionFactor:1.0]]
[2024.12.10-12.07.34:808][  0]LogConfig: Setting CVar [[r.DistanceFieldShadowing:1]]
[2024.12.10-12.07.34:808][  0]LogConfig: Setting CVar [[r.DistanceFieldAO:1]]
[2024.12.10-12.07.34:808][  0]LogConfig: Setting CVar [[r.AOQuality:2]]
[2024.12.10-12.07.34:808][  0]LogConfig: Setting CVar [[r.VolumetricFog:1]]
[2024.12.10-12.07.34:808][  0]LogConfig: Setting CVar [[r.VolumetricFog.GridPixelSize:8]]
[2024.12.10-12.07.34:808][  0]LogConfig: Setting CVar [[r.VolumetricFog.GridSizeZ:128]]
[2024.12.10-12.07.34:808][  0]LogConfig: Setting CVar [[r.VolumetricFog.HistoryMissSupersampleCount:4]]
[2024.12.10-12.07.34:808][  0]LogConfig: Setting CVar [[r.LightMaxDrawDistanceScale:1]]
[2024.12.10-12.07.34:808][  0]LogConfig: Setting CVar [[r.CapsuleShadows:1]]
[2024.12.10-12.07.34:808][  0]LogConfig: Applying CVar settings from Section [PostProcessQuality@3] File [C:/Users/Mike/Documents/Unreal Projects/MyFirstProject/Saved/Config/Windows/Scalability.ini]
[2024.12.10-12.07.34:808][  0]LogConfig: Setting CVar [[r.MotionBlurQuality:4]]
[2024.12.10-12.07.34:808][  0]LogConfig: Setting CVar [[r.AmbientOcclusionMipLevelFactor:0.4]]
[2024.12.10-12.07.34:808][  0]LogConfig: Setting CVar [[r.AmbientOcclusionMaxQuality:100]]
[2024.12.10-12.07.34:808][  0]LogConfig: Setting CVar [[r.AmbientOcclusionLevels:-1]]
[2024.12.10-12.07.34:808][  0]LogConfig: Setting CVar [[r.AmbientOcclusionRadiusScale:1.0]]
[2024.12.10-12.07.34:808][  0]LogConfig: Setting CVar [[r.DepthOfFieldQuality:2]]
[2024.12.10-12.07.34:808][  0]LogConfig: Setting CVar [[r.RenderTargetPoolMin:400]]
[2024.12.10-12.07.34:808][  0]LogConfig: Setting CVar [[r.LensFlareQuality:2]]
[2024.12.10-12.07.34:808][  0]LogConfig: Setting CVar [[r.SceneColorFringeQuality:1]]
[2024.12.10-12.07.34:808][  0]LogConfig: Setting CVar [[r.EyeAdaptationQuality:2]]
[2024.12.10-12.07.34:808][  0]LogConfig: Setting CVar [[r.BloomQuality:5]]
[2024.12.10-12.07.34:808][  0]LogConfig: Setting CVar [[r.FastBlurThreshold:100]]
[2024.12.10-12.07.34:808][  0]LogConfig: Setting CVar [[r.Upscale.Quality:3]]
[2024.12.10-12.07.34:808][  0]LogConfig: Setting CVar [[r.Tonemapper.GrainQuantization:1]]
[2024.12.10-12.07.34:808][  0]LogConfig: Setting CVar [[r.LightShaftQuality:1]]
[2024.12.10-12.07.34:808][  0]LogConfig: Setting CVar [[r.Filter.SizeScale:1]]
[2024.12.10-12.07.34:808][  0]LogConfig: Setting CVar [[r.Tonemapper.Quality:5]]
[2024.12.10-12.07.34:808][  0]LogConfig: Setting CVar [[r.DOF.Gather.AccumulatorQuality:1        ; higher gathering accumulator quality]]
[2024.12.10-12.07.34:808][  0]LogConfig: Setting CVar [[r.DOF.Gather.PostfilterMethod:1          ; Median3x3 postfilering method]]
[2024.12.10-12.07.34:808][  0]LogConfig: Setting CVar [[r.DOF.Gather.EnableBokehSettings:0       ; no bokeh simulation when gathering]]
[2024.12.10-12.07.34:808][  0]LogConfig: Setting CVar [[r.DOF.Gather.RingCount:4                 ; medium number of samples when gathering]]
[2024.12.10-12.07.34:808][  0]LogConfig: Setting CVar [[r.DOF.Scatter.ForegroundCompositing:1    ; additive foreground scattering]]
[2024.12.10-12.07.34:808][  0]LogConfig: Setting CVar [[r.DOF.Scatter.BackgroundCompositing:2    ; additive background scattering]]
[2024.12.10-12.07.34:808][  0]LogConfig: Setting CVar [[r.DOF.Scatter.EnableBokehSettings:1      ; bokeh simulation when scattering]]
[2024.12.10-12.07.34:808][  0]LogConfig: Setting CVar [[r.DOF.Scatter.MaxSpriteRatio:0.1         ; only a maximum of 10% of scattered bokeh]]
[2024.12.10-12.07.34:808][  0]LogConfig: Setting CVar [[r.DOF.Recombine.Quality:1                ; cheap slight out of focus]]
[2024.12.10-12.07.34:808][  0]LogConfig: Setting CVar [[r.DOF.Recombine.EnableBokehSettings:0    ; no bokeh simulation on slight out of focus]]
[2024.12.10-12.07.34:808][  0]LogConfig: Setting CVar [[r.DOF.TemporalAAQuality:1                ; more stable temporal accumulation]]
[2024.12.10-12.07.34:808][  0]LogConfig: Setting CVar [[r.DOF.Kernel.MaxForegroundRadius:0.025]]
[2024.12.10-12.07.34:808][  0]LogConfig: Setting CVar [[r.DOF.Kernel.MaxBackgroundRadius:0.025]]
[2024.12.10-12.07.34:808][  0]LogConfig: Applying CVar settings from Section [TextureQuality@3] File [C:/Users/Mike/Documents/Unreal Projects/MyFirstProject/Saved/Config/Windows/Scalability.ini]
[2024.12.10-12.07.34:808][  0]LogConfig: Setting CVar [[r.Streaming.MipBias:0]]
[2024.12.10-12.07.34:808][  0]LogConfig: Setting CVar [[r.Streaming.AmortizeCPUToGPUCopy:0]]
[2024.12.10-12.07.34:808][  0]LogConfig: Setting CVar [[r.Streaming.MaxNumTexturesToStreamPerFrame:0]]
[2024.12.10-12.07.34:808][  0]LogConfig: Setting CVar [[r.Streaming.Boost:1]]
[2024.12.10-12.07.34:808][  0]LogConfig: Setting CVar [[r.MaxAnisotropy:8]]
[2024.12.10-12.07.34:808][  0]LogConfig: Setting CVar [[r.Streaming.LimitPoolSizeToVRAM:0]]
[2024.12.10-12.07.34:808][  0]LogConfig: Setting CVar [[r.Streaming.PoolSize:1000]]
[2024.12.10-12.07.34:808][  0]LogConfig: Setting CVar [[r.Streaming.MaxEffectiveScreenSize:0]]
[2024.12.10-12.07.34:808][  0]LogConfig: Applying CVar settings from Section [EffectsQuality@3] File [C:/Users/Mike/Documents/Unreal Projects/MyFirstProject/Saved/Config/Windows/Scalability.ini]
[2024.12.10-12.07.34:808][  0]LogConfig: Setting CVar [[r.TranslucencyLightingVolumeDim:64]]
[2024.12.10-12.07.34:808][  0]LogConfig: Setting CVar [[r.RefractionQuality:2]]
[2024.12.10-12.07.34:808][  0]LogConfig: Setting CVar [[r.SSR.Quality:3]]
[2024.12.10-12.07.34:808][  0]LogConfig: Setting CVar [[r.SceneColorFormat:4]]
[2024.12.10-12.07.34:808][  0]LogConfig: Setting CVar [[r.DetailMode:2]]
[2024.12.10-12.07.34:808][  0]LogConfig: Setting CVar [[r.TranslucencyVolumeBlur:1]]
[2024.12.10-12.07.34:808][  0]LogConfig: Setting CVar [[r.MaterialQualityLevel:1 ; High quality]]
[2024.12.10-12.07.34:808][  0]LogConfig: Setting CVar [[r.SSS.Scale:1]]
[2024.12.10-12.07.34:808][  0]LogConfig: Setting CVar [[r.SSS.SampleSet:2]]
[2024.12.10-12.07.34:808][  0]LogConfig: Setting CVar [[r.SSS.Quality:1]]
[2024.12.10-12.07.34:808][  0]LogConfig: Setting CVar [[r.SSS.HalfRes:1]]
[2024.12.10-12.07.34:808][  0]LogConfig: Setting CVar [[r.EmitterSpawnRateScale:1.0]]
[2024.12.10-12.07.34:808][  0]LogConfig: Setting CVar [[r.ParticleLightQuality:2]]
[2024.12.10-12.07.34:808][  0]LogConfig: Applying CVar settings from Section [FoliageQuality@3] File [C:/Users/Mike/Documents/Unreal Projects/MyFirstProject/Saved/Config/Windows/Scalability.ini]
[2024.12.10-12.07.34:808][  0]LogConfig: Setting CVar [[foliage.DensityScale:1.0]]
[2024.12.10-12.07.34:808][  0]LogConfig: Setting CVar [[grass.DensityScale:1.0]]
[2024.12.10-12.07.34:808][  0]LogInit: Selected Device Profile: [Windows]
[2024.12.10-12.07.34:808][  0]LogInit: Applying CVar settings loaded from the selected device profile: [Windows]
[2024.12.10-12.07.34:823][  0]LogHAL: Display: Platform has ~ 32 GB [34190725120 / 34359738368 / 32], which maps to Largest [LargestMinGB=32, LargerMinGB=12, DefaultMinGB=8, SmallerMinGB=6, SmallestMinGB=0)
[2024.12.10-12.07.34:823][  0]LogConfig: Setting CVar [[r.Vulkan.UseRealUBs:0		; Required until we fix HLR fall-out]]
[2024.12.10-12.07.34:823][  0]LogInit: Going up to parent DeviceProfile []
[2024.12.10-12.07.34:823][  0]LogConfig: Applying CVar settings from Section [ViewDistanceQuality@3] File [C:/Users/Mike/Documents/Unreal Projects/MyFirstProject/Saved/Config/Windows/Scalability.ini]
[2024.12.10-12.07.34:823][  0]LogConfig: Setting CVar [[r.SkeletalMeshLODBias:0]]
[2024.12.10-12.07.34:823][  0]LogConfig: Setting CVar [[r.ViewDistanceScale:1.0]]
[2024.12.10-12.07.34:823][  0]LogConfig: Applying CVar settings from Section [AntiAliasingQuality@3] File [C:/Users/Mike/Documents/Unreal Projects/MyFirstProject/Saved/Config/Windows/Scalability.ini]
[2024.12.10-12.07.34:823][  0]LogConfig: Setting CVar [[r.PostProcessAAQuality:4]]
[2024.12.10-12.07.34:823][  0]LogConfig: Applying CVar settings from Section [ShadowQuality@3] File [C:/Users/Mike/Documents/Unreal Projects/MyFirstProject/Saved/Config/Windows/Scalability.ini]
[2024.12.10-12.07.34:823][  0]LogConfig: Setting CVar [[r.LightFunctionQuality:1]]
[2024.12.10-12.07.34:823][  0]LogConfig: Setting CVar [[r.ShadowQuality:5]]
[2024.12.10-12.07.34:823][  0]LogConfig: Setting CVar [[r.Shadow.CSM.MaxCascades:10]]
[2024.12.10-12.07.34:823][  0]LogConfig: Setting CVar [[r.Shadow.MaxResolution:2048]]
[2024.12.10-12.07.34:823][  0]LogConfig: Setting CVar [[r.Shadow.MaxCSMResolution:2048]]
[2024.12.10-12.07.34:823][  0]LogConfig: Setting CVar [[r.Shadow.RadiusThreshold:0.01]]
[2024.12.10-12.07.34:823][  0]LogConfig: Setting CVar [[r.Shadow.DistanceScale:1.0]]
[2024.12.10-12.07.34:823][  0]LogConfig: Setting CVar [[r.Shadow.CSM.TransitionScale:1.0]]
[2024.12.10-12.07.34:823][  0]LogConfig: Setting CVar [[r.Shadow.PreShadowResolutionFactor:1.0]]
[2024.12.10-12.07.34:823][  0]LogConfig: Setting CVar [[r.DistanceFieldShadowing:1]]
[2024.12.10-12.07.34:823][  0]LogConfig: Setting CVar [[r.DistanceFieldAO:1]]
[2024.12.10-12.07.34:823][  0]LogConfig: Setting CVar [[r.AOQuality:2]]
[2024.12.10-12.07.34:823][  0]LogConfig: Setting CVar [[r.VolumetricFog:1]]
[2024.12.10-12.07.34:823][  0]LogConfig: Setting CVar [[r.VolumetricFog.GridPixelSize:8]]
[2024.12.10-12.07.34:823][  0]LogConfig: Setting CVar [[r.VolumetricFog.GridSizeZ:128]]
[2024.12.10-12.07.34:823][  0]LogConfig: Setting CVar [[r.VolumetricFog.HistoryMissSupersampleCount:4]]
[2024.12.10-12.07.34:823][  0]LogConfig: Setting CVar [[r.LightMaxDrawDistanceScale:1]]
[2024.12.10-12.07.34:823][  0]LogConfig: Setting CVar [[r.CapsuleShadows:1]]
[2024.12.10-12.07.34:823][  0]LogConfig: Applying CVar settings from Section [PostProcessQuality@3] File [C:/Users/Mike/Documents/Unreal Projects/MyFirstProject/Saved/Config/Windows/Scalability.ini]
[2024.12.10-12.07.34:823][  0]LogConfig: Setting CVar [[r.MotionBlurQuality:4]]
[2024.12.10-12.07.34:823][  0]LogConfig: Setting CVar [[r.AmbientOcclusionMipLevelFactor:0.4]]
[2024.12.10-12.07.34:823][  0]LogConfig: Setting CVar [[r.AmbientOcclusionMaxQuality:100]]
[2024.12.10-12.07.34:823][  0]LogConfig: Setting CVar [[r.AmbientOcclusionLevels:-1]]
[2024.12.10-12.07.34:823][  0]LogConfig: Setting CVar [[r.AmbientOcclusionRadiusScale:1.0]]
[2024.12.10-12.07.34:823][  0]LogConfig: Setting CVar [[r.DepthOfFieldQuality:2]]
[2024.12.10-12.07.34:823][  0]LogConfig: Setting CVar [[r.RenderTargetPoolMin:400]]
[2024.12.10-12.07.34:823][  0]LogConfig: Setting CVar [[r.LensFlareQuality:2]]
[2024.12.10-12.07.34:823][  0]LogConfig: Setting CVar [[r.SceneColorFringeQuality:1]]
[2024.12.10-12.07.34:823][  0]LogConfig: Setting CVar [[r.EyeAdaptationQuality:2]]
[2024.12.10-12.07.34:823][  0]LogConfig: Setting CVar [[r.BloomQuality:5]]
[2024.12.10-12.07.34:823][  0]LogConfig: Setting CVar [[r.FastBlurThreshold:100]]
[2024.12.10-12.07.34:823][  0]LogConfig: Setting CVar [[r.Upscale.Quality:3]]
[2024.12.10-12.07.34:823][  0]LogConfig: Setting CVar [[r.Tonemapper.GrainQuantization:1]]
[2024.12.10-12.07.34:823][  0]LogConfig: Setting CVar [[r.LightShaftQuality:1]]
[2024.12.10-12.07.34:823][  0]LogConfig: Setting CVar [[r.Filter.SizeScale:1]]
[2024.12.10-12.07.34:823][  0]LogConfig: Setting CVar [[r.Tonemapper.Quality:5]]
[2024.12.10-12.07.34:823][  0]LogConfig: Setting CVar [[r.DOF.Gather.AccumulatorQuality:1        ; higher gathering accumulator quality]]
[2024.12.10-12.07.34:823][  0]LogConfig: Setting CVar [[r.DOF.Gather.PostfilterMethod:1          ; Median3x3 postfilering method]]
[2024.12.10-12.07.34:823][  0]LogConfig: Setting CVar [[r.DOF.Gather.EnableBokehSettings:0       ; no bokeh simulation when gathering]]
[2024.12.10-12.07.34:823][  0]LogConfig: Setting CVar [[r.DOF.Gather.RingCount:4                 ; medium number of samples when gathering]]
[2024.12.10-12.07.34:823][  0]LogConfig: Setting CVar [[r.DOF.Scatter.ForegroundCompositing:1    ; additive foreground scattering]]
[2024.12.10-12.07.34:823][  0]LogConfig: Setting CVar [[r.DOF.Scatter.BackgroundCompositing:2    ; additive background scattering]]
[2024.12.10-12.07.34:823][  0]LogConfig: Setting CVar [[r.DOF.Scatter.EnableBokehSettings:1      ; bokeh simulation when scattering]]
[2024.12.10-12.07.34:823][  0]LogConfig: Setting CVar [[r.DOF.Scatter.MaxSpriteRatio:0.1         ; only a maximum of 10% of scattered bokeh]]
[2024.12.10-12.07.34:823][  0]LogConfig: Setting CVar [[r.DOF.Recombine.Quality:1                ; cheap slight out of focus]]
[2024.12.10-12.07.34:823][  0]LogConfig: Setting CVar [[r.DOF.Recombine.EnableBokehSettings:0    ; no bokeh simulation on slight out of focus]]
[2024.12.10-12.07.34:823][  0]LogConfig: Setting CVar [[r.DOF.TemporalAAQuality:1                ; more stable temporal accumulation]]
[2024.12.10-12.07.34:823][  0]LogConfig: Setting CVar [[r.DOF.Kernel.MaxForegroundRadius:0.025]]
[2024.12.10-12.07.34:823][  0]LogConfig: Setting CVar [[r.DOF.Kernel.MaxBackgroundRadius:0.025]]
[2024.12.10-12.07.34:823][  0]LogConfig: Applying CVar settings from Section [TextureQuality@3] File [C:/Users/Mike/Documents/Unreal Projects/MyFirstProject/Saved/Config/Windows/Scalability.ini]
[2024.12.10-12.07.34:823][  0]LogConfig: Setting CVar [[r.Streaming.MipBias:0]]
[2024.12.10-12.07.34:823][  0]LogConfig: Setting CVar [[r.Streaming.AmortizeCPUToGPUCopy:0]]
[2024.12.10-12.07.34:823][  0]LogConfig: Setting CVar [[r.Streaming.MaxNumTexturesToStreamPerFrame:0]]
[2024.12.10-12.07.34:823][  0]LogConfig: Setting CVar [[r.Streaming.Boost:1]]
[2024.12.10-12.07.34:823][  0]LogConfig: Setting CVar [[r.MaxAnisotropy:8]]
[2024.12.10-12.07.34:823][  0]LogConfig: Setting CVar [[r.Streaming.LimitPoolSizeToVRAM:0]]
[2024.12.10-12.07.34:823][  0]LogConfig: Setting CVar [[r.Streaming.PoolSize:1000]]
[2024.12.10-12.07.34:823][  0]LogConfig: Setting CVar [[r.Streaming.MaxEffectiveScreenSize:0]]
[2024.12.10-12.07.34:823][  0]LogConfig: Applying CVar settings from Section [EffectsQuality@3] File [C:/Users/Mike/Documents/Unreal Projects/MyFirstProject/Saved/Config/Windows/Scalability.ini]
[2024.12.10-12.07.34:823][  0]LogConfig: Setting CVar [[r.TranslucencyLightingVolumeDim:64]]
[2024.12.10-12.07.34:823][  0]LogConfig: Setting CVar [[r.RefractionQuality:2]]
[2024.12.10-12.07.34:823][  0]LogConfig: Setting CVar [[r.SSR.Quality:3]]
[2024.12.10-12.07.34:823][  0]LogConfig: Setting CVar [[r.SceneColorFormat:4]]
[2024.12.10-12.07.34:823][  0]LogConfig: Setting CVar [[r.DetailMode:2]]
[2024.12.10-12.07.34:823][  0]LogConfig: Setting CVar [[r.TranslucencyVolumeBlur:1]]
[2024.12.10-12.07.34:823][  0]LogConfig: Setting CVar [[r.MaterialQualityLevel:1 ; High quality]]
[2024.12.10-12.07.34:823][  0]LogConfig: Setting CVar [[r.SSS.Scale:1]]
[2024.12.10-12.07.34:823][  0]LogConfig: Setting CVar [[r.SSS.SampleSet:2]]
[2024.12.10-12.07.34:823][  0]LogConfig: Setting CVar [[r.SSS.Quality:1]]
[2024.12.10-12.07.34:823][  0]LogConfig: Setting CVar [[r.SSS.HalfRes:1]]
[2024.12.10-12.07.34:823][  0]LogConfig: Setting CVar [[r.EmitterSpawnRateScale:1.0]]
[2024.12.10-12.07.34:823][  0]LogConfig: Setting CVar [[r.ParticleLightQuality:2]]
[2024.12.10-12.07.34:823][  0]LogConfig: Applying CVar settings from Section [FoliageQuality@3] File [C:/Users/Mike/Documents/Unreal Projects/MyFirstProject/Saved/Config/Windows/Scalability.ini]
[2024.12.10-12.07.34:823][  0]LogConfig: Setting CVar [[foliage.DensityScale:1.0]]
[2024.12.10-12.07.34:823][  0]LogConfig: Setting CVar [[grass.DensityScale:1.0]]
[2024.12.10-12.07.34:823][  0]LogConfig: Applying CVar settings from Section [Startup] File [../../../Engine/Config/ConsoleVariables.ini]
[2024.12.10-12.07.34:824][  0]LogConfig: Setting CVar [[net.UseAdaptiveNetUpdateFrequency:0]]
[2024.12.10-12.07.34:824][  0]LogConfig: Setting CVar [[p.chaos.AllowCreatePhysxBodies:1]]
[2024.12.10-12.07.34:824][  0]LogConfig: Applying CVar settings from Section [ConsoleVariables] File [C:/Users/Mike/Documents/Unreal Projects/MyFirstProject/Saved/Config/Windows/Engine.ini]
[2024.12.10-12.07.34:824][  0]LogInit: Computer: DESKTOP-83BQ40J
[2024.12.10-12.07.34:824][  0]LogInit: User: Mike
[2024.12.10-12.07.34:824][  0]LogInit: CPU Page size=4096, Cores=6
[2024.12.10-12.07.34:824][  0]LogInit: High frequency timer resolution =10.000000 MHz
[2024.12.10-12.07.34:824][  0]LogMemory: Memory total: Physical=31.8GB (32GB approx)
[2024.12.10-12.07.34:824][  0]LogMemory: Platform Memory Stats for Windows
[2024.12.10-12.07.34:824][  0]LogMemory: Process Physical Memory: 104.88 MB used, 108.41 MB peak
[2024.12.10-12.07.34:824][  0]LogMemory: Process Virtual Memory: 95.39 MB used, 95.39 MB peak
[2024.12.10-12.07.34:824][  0]LogMemory: Physical Memory: 10666.05 MB used,  21940.77 MB free, 32606.82 MB total
[2024.12.10-12.07.34:824][  0]LogMemory: Virtual Memory: 4693.90 MB used,  134213032.00 MB free, 134217728.00 MB total
[2024.12.10-12.07.34:849][  0]LogInit: Using OS detected language (en-US).
[2024.12.10-12.07.34:849][  0]LogInit: Using OS detected locale (en-US).
[2024.12.10-12.07.34:850][  0]LogTextLocalizationManager: No specific localization for 'en-US' exists, so the 'en' localization will be used.
[2024.12.10-12.07.34:943][  0]LogInit: Setting process to per monitor DPI aware
[2024.12.10-12.07.34:975][  0]LogSlate: New Slate User Created.  User Index 0, Is Virtual User: 0
[2024.12.10-12.07.34:975][  0]LogSlate: Slate User Registered.  User Index 0, Is Virtual User: 0
[2024.12.10-12.07.35:113][  0]LogHMD: Failed to initialize OpenVR with code 126
[2024.12.10-12.07.35:113][  0]LogD3D11RHI: D3D11 adapters:
[2024.12.10-12.07.35:219][  0]LogD3D11RHI:    0. 'NVIDIA GeForce RTX 3050' (Feature Level 11_0)
[2024.12.10-12.07.35:219][  0]LogD3D11RHI:       8042/0/16303 MB DedicatedVideo/DedicatedSystem/SharedSystem, Outputs:3, VendorId:0x10de
[2024.12.10-12.07.35:293][  0]LogD3D11RHI:    1. 'NVIDIA GeForce RTX 3050' (Feature Level 11_0)
[2024.12.10-12.07.35:293][  0]LogD3D11RHI:       8042/0/16303 MB DedicatedVideo/DedicatedSystem/SharedSystem, Outputs:0, VendorId:0x10de
[2024.12.10-12.07.35:295][  0]LogD3D11RHI:    2. 'Microsoft Basic Render Driver' (Feature Level 11_0)
[2024.12.10-12.07.35:295][  0]LogD3D11RHI:       0/0/16303 MB DedicatedVideo/DedicatedSystem/SharedSystem, Outputs:0, VendorId:0x1414
[2024.12.10-12.07.35:295][  0]LogD3D11RHI: Chosen D3D11 Adapter: 0
[2024.12.10-12.07.35:302][  0]LogD3D11RHI: Creating new Direct3DDevice
[2024.12.10-12.07.35:302][  0]LogD3D11RHI:     GPU DeviceId: 0x2507 (for the marketing name, search the web for "GPU Device Id")
[2024.12.10-12.07.35:302][  0]LogWindows: EnumDisplayDevices:
[2024.12.10-12.07.35:302][  0]LogWindows:    0. 'NVIDIA GeForce RTX 3050' (P:1 D:1)
[2024.12.10-12.07.35:302][  0]LogWindows:    1. 'NVIDIA GeForce RTX 3050' (P:0 D:1)
[2024.12.10-12.07.35:302][  0]LogWindows:    2. 'NVIDIA GeForce RTX 3050' (P:0 D:1)
[2024.12.10-12.07.35:302][  0]LogWindows:    3. 'NVIDIA GeForce RTX 3050' (P:0 D:0)
[2024.12.10-12.07.35:302][  0]LogWindows:    4. 'Meta Virtual Monitor' (P:0 D:0)
[2024.12.10-12.07.35:302][  0]LogWindows:    5. 'Meta Virtual Monitor' (P:0 D:0)
[2024.12.10-12.07.35:302][  0]LogWindows:    6. 'Meta Virtual Monitor' (P:0 D:0)
[2024.12.10-12.07.35:303][  0]LogWindows:    7. 'Meta Virtual Monitor' (P:0 D:0)
[2024.12.10-12.07.35:303][  0]LogWindows:    8. 'Meta Virtual Monitor' (P:0 D:0)
[2024.12.10-12.07.35:303][  0]LogWindows:    9. 'Meta Virtual Monitor' (P:0 D:0)
[2024.12.10-12.07.35:303][  0]LogWindows:    10. 'Meta Virtual Monitor' (P:0 D:0)
[2024.12.10-12.07.35:303][  0]LogWindows: DebugString: GetVideoDriverDetailsInvalid PrimaryIsNotTheChoosenAdapter GetVideoDriverDetailsInvalid PrimaryIsNotTheChoosenAdapter GetVideoDriverDetailsInvalid PrimaryIsNotTheChoosenAdapter GetVideoDriverDetailsInvalid PrimaryIsNotTheChoosenAdapter GetVideoDriverDetailsInvalid PrimaryIsNotTheChoosenAdapter GetVideoDriverDetailsInvalid PrimaryIsNotTheChoosenAdapter GetVideoDriverDetailsInvalid PrimaryIsNotTheChoosenAdapter FoundDriverCount:4 
[2024.12.10-12.07.35:303][  0]LogD3D11RHI:     Adapter Name: NVIDIA GeForce RTX 3050
[2024.12.10-12.07.35:303][  0]LogD3D11RHI:   Driver Version: 566.14 (internal:32.0.15.6614, unified:566.14)
[2024.12.10-12.07.35:303][  0]LogD3D11RHI:      Driver Date: 11-6-2024
[2024.12.10-12.07.35:303][  0]LogRHI: Texture pool is 5629 MB (70% of 8042 MB)
[2024.12.10-12.07.35:372][  0]LogD3D11RHI: Async texture creation enabled
[2024.12.10-12.07.35:377][  0]LogRendererCore: FGlobalReadBuffer::InitRHI
[2024.12.10-12.07.35:378][  0]LogRendererCore: FGlobalReadBuffer::InitRHI
[2024.12.10-12.07.35:378][  0]LogRendererCore: FGlobalReadBuffer::InitRHI
[2024.12.10-12.07.35:391][  0]LogD3D11RHI: GPU Timing Frequency: 1000.000000 (Debug: 2 2)
[2024.12.10-12.07.35:392][  0]LogD3D11RHI: HDR output is supported on display 0 (NvId: 0x80061080).
[2024.12.10-12.07.35:600][  0]LogTemp: Display: Module 'AllDesktopTargetPlatform' loaded TargetPlatform 'AllDesktop'
[2024.12.10-12.07.35:608][  0]LogTemp: Display: Module 'MacClientTargetPlatform' loaded TargetPlatform 'MacClient'
[2024.12.10-12.07.35:617][  0]LogTemp: Display: Module 'MacNoEditorTargetPlatform' loaded TargetPlatform 'MacNoEditor'
[2024.12.10-12.07.35:626][  0]LogTemp: Display: Module 'MacServerTargetPlatform' loaded TargetPlatform 'MacServer'
[2024.12.10-12.07.35:636][  0]LogTemp: Display: Module 'MacTargetPlatform' loaded TargetPlatform 'Mac'
[2024.12.10-12.07.35:648][  0]LogTemp: Display: Module 'WindowsClientTargetPlatform' loaded TargetPlatform 'WindowsClient'
[2024.12.10-12.07.35:657][  0]LogTemp: Display: Module 'WindowsNoEditorTargetPlatform' loaded TargetPlatform 'WindowsNoEditor'
[2024.12.10-12.07.35:666][  0]LogTemp: Display: Module 'WindowsServerTargetPlatform' loaded TargetPlatform 'WindowsServer'
[2024.12.10-12.07.35:672][  0]LogTemp: Display: Module 'WindowsTargetPlatform' loaded TargetPlatform 'Windows'
[2024.12.10-12.07.35:735][  0]LogTemp: Display: Module 'AndroidTargetPlatform' loaded TargetPlatform 'Android'
[2024.12.10-12.07.35:735][  0]LogTemp: Display: Module 'AndroidTargetPlatform' loaded TargetPlatform 'Android_ASTC'
[2024.12.10-12.07.35:735][  0]LogTemp: Display: Module 'AndroidTargetPlatform' loaded TargetPlatform 'Android_ATC'
[2024.12.10-12.07.35:735][  0]LogTemp: Display: Module 'AndroidTargetPlatform' loaded TargetPlatform 'Android_DXT'
[2024.12.10-12.07.35:735][  0]LogTemp: Display: Module 'AndroidTargetPlatform' loaded TargetPlatform 'Android_ETC1'
[2024.12.10-12.07.35:735][  0]LogTemp: Display: Module 'AndroidTargetPlatform' loaded TargetPlatform 'Android_ETC1a'
[2024.12.10-12.07.35:735][  0]LogTemp: Display: Module 'AndroidTargetPlatform' loaded TargetPlatform 'Android_ETC2'
[2024.12.10-12.07.35:735][  0]LogTemp: Display: Module 'AndroidTargetPlatform' loaded TargetPlatform 'Android_PVRTC'
[2024.12.10-12.07.35:735][  0]LogTemp: Display: Module 'AndroidTargetPlatform' loaded TargetPlatform 'AndroidClient'
[2024.12.10-12.07.35:735][  0]LogTemp: Display: Module 'AndroidTargetPlatform' loaded TargetPlatform 'Android_ASTCClient'
[2024.12.10-12.07.35:735][  0]LogTemp: Display: Module 'AndroidTargetPlatform' loaded TargetPlatform 'Android_ATCClient'
[2024.12.10-12.07.35:735][  0]LogTemp: Display: Module 'AndroidTargetPlatform' loaded TargetPlatform 'Android_DXTClient'
[2024.12.10-12.07.35:735][  0]LogTemp: Display: Module 'AndroidTargetPlatform' loaded TargetPlatform 'Android_ETC1Client'
[2024.12.10-12.07.35:735][  0]LogTemp: Display: Module 'AndroidTargetPlatform' loaded TargetPlatform 'Android_ETC1aClient'
[2024.12.10-12.07.35:735][  0]LogTemp: Display: Module 'AndroidTargetPlatform' loaded TargetPlatform 'Android_ETC2Client'
[2024.12.10-12.07.35:735][  0]LogTemp: Display: Module 'AndroidTargetPlatform' loaded TargetPlatform 'Android_PVRTCClient'
[2024.12.10-12.07.35:735][  0]LogTemp: Display: Module 'AndroidTargetPlatform' loaded TargetPlatform 'Android_Multi'
[2024.12.10-12.07.35:735][  0]LogTemp: Display: Module 'AndroidTargetPlatform' loaded TargetPlatform 'Android_MultiClient'
[2024.12.10-12.07.35:737][  0]LogTemp: Display: Module 'HTML5TargetPlatform' loaded TargetPlatform 'HTML5'
[2024.12.10-12.07.35:778][  0]LogTemp: Display: Module 'IOSTargetPlatform' loaded TargetPlatform 'IOSClient'
[2024.12.10-12.07.35:778][  0]LogTemp: Display: Module 'IOSTargetPlatform' loaded TargetPlatform 'IOS'
[2024.12.10-12.07.35:794][  0]LogTemp: Display: Module 'TVOSTargetPlatform' loaded TargetPlatform 'TVOSClient'
[2024.12.10-12.07.35:794][  0]LogTemp: Display: Module 'TVOSTargetPlatform' loaded TargetPlatform 'TVOS'
[2024.12.10-12.07.35:805][  0]LogTemp: Display: Module 'LinuxClientTargetPlatform' loaded TargetPlatform 'LinuxClient'
[2024.12.10-12.07.35:814][  0]LogTemp: Display: Module 'LinuxNoEditorTargetPlatform' loaded TargetPlatform 'LinuxNoEditor'
[2024.12.10-12.07.35:822][  0]LogTemp: Display: Module 'LinuxServerTargetPlatform' loaded TargetPlatform 'LinuxServer'
[2024.12.10-12.07.35:834][  0]LogTemp: Display: Module 'LinuxTargetPlatform' loaded TargetPlatform 'Linux'
[2024.12.10-12.07.35:869][  0]LogTemp: Display: Module 'LuminTargetPlatform' loaded TargetPlatform 'Lumin'
[2024.12.10-12.07.35:870][  0]LogTemp: Display: Module 'LuminTargetPlatform' loaded TargetPlatform 'LuminClient'
[2024.12.10-12.07.35:870][  0]LogTargetPlatformManager: Display: Building Assets For Windows
[2024.12.10-12.07.35:877][  0]LogAudioDebug: Display: Lib vorbis DLL was dynamically loaded.
[2024.12.10-12.07.35:911][  0]LogShaderCompilers: Guid format shader working directory is -22 characters bigger than the processId version (../../../../../Users/Mike/Documents/Unreal Projects/MyFirstProject/Intermediate/Shaders/WorkingDirectory/14060/).
[2024.12.10-12.07.35:911][  0]LogShaderCompilers: Cleaned the shader compiler working directory 'C:/Users/Mike/AppData/Local/Temp/UnrealShaderWorkingDir/7BBB6D014621E8E36E35F1B4F06CB4B9/'.
[2024.12.10-12.07.35:913][  0]LogXGEController: Cleaning working directory: C:/Users/Mike/AppData/Local/Temp/UnrealXGEWorkingDir/
[2024.12.10-12.07.35:913][  0]LogXGEController: Cannot use XGE Controller as Incredibuild is not installed on this machine.
[2024.12.10-12.07.35:913][  0]LogShaderCompilers: Cannot use XGE Shader Compiler as Incredibuild is not installed on this machine.
[2024.12.10-12.07.35:913][  0]LogShaderCompilers: Display: Using Local Shader Compiler.
[2024.12.10-12.07.36:304][  0]LogDerivedDataCache: Display: Max Cache Size: 512 MB
[2024.12.10-12.07.36:342][  0]LogDerivedDataCache: Loaded boot cache 0.04s 71MB C:/Users/Mike/AppData/Local/UnrealEngine/4.22/DerivedDataCache/Boot.ddc.
[2024.12.10-12.07.36:342][  0]LogDerivedDataCache: Display: Loaded Boot cache: C:/Users/Mike/AppData/Local/UnrealEngine/4.22/DerivedDataCache/Boot.ddc
[2024.12.10-12.07.36:342][  0]LogDerivedDataCache: FDerivedDataBackendGraph:  Pak pak cache file ../../../../../Users/Mike/Documents/Unreal Projects/MyFirstProject/DerivedDataCache/DDC.ddp not found, will not use a pak cache.
[2024.12.10-12.07.36:342][  0]LogDerivedDataCache: Unable to find inner node Pak for hierarchical cache Hierarchy.
[2024.12.10-12.07.36:342][  0]LogDerivedDataCache: FDerivedDataBackendGraph:  CompressedPak pak cache file ../../../../../Users/Mike/Documents/Unreal Projects/MyFirstProject/DerivedDataCache/Compressed.ddp not found, will not use a pak cache.
[2024.12.10-12.07.36:342][  0]LogDerivedDataCache: Unable to find inner node CompressedPak for hierarchical cache Hierarchy.
[2024.12.10-12.07.36:353][  0]LogDerivedDataCache: Display: Pak cache opened for reading ../../../Engine/DerivedDataCache/Compressed.ddp.
[2024.12.10-12.07.36:353][  0]LogDerivedDataCache: FDerivedDataBackendGraph:  EnterprisePak pak cache file ../../../Enterprise/DerivedDataCache/Compressed.ddp not found, will not use a pak cache.
[2024.12.10-12.07.36:353][  0]LogDerivedDataCache: Unable to find inner node EnterprisePak for hierarchical cache Hierarchy.
[2024.12.10-12.07.36:365][  0]LogDerivedDataCache: Using Local data cache path C:/Users/Mike/AppData/Local/UnrealEngine/Common/DerivedDataCache: Writable
[2024.12.10-12.07.36:365][  0]LogDerivedDataCache: Shared data cache path not found in *engine.ini, will not use an Shared cache.
[2024.12.10-12.07.36:365][  0]LogDerivedDataCache: Unable to find inner node Shared for hierarchical cache Hierarchy.
[2024.12.10-12.07.36:380][  0]LogMaterial: Verifying Global Shaders for PCD3D_SM5
[2024.12.10-12.07.36:381][  0]LogSlate: Using FreeType 2.6.0
[2024.12.10-12.07.36:381][  0]LogSlate: SlateFontServices - WITH_FREETYPE: 1, WITH_HARFBUZZ: 1
[2024.12.10-12.07.36:455][  0]LogAssetRegistry: FAssetRegistry took 0.0314 seconds to start up
[2024.12.10-12.07.36:656][  0]LogInit: Selected Device Profile: [Windows]
[2024.12.10-12.07.36:743][  0]LogMeshReduction: Using QuadricMeshReduction for automatic static mesh reduction
[2024.12.10-12.07.36:743][  0]LogMeshReduction: Using SimplygonMeshReduction for automatic skeletal mesh reduction
[2024.12.10-12.07.36:743][  0]LogMeshReduction: Using ProxyLODMeshReduction for automatic mesh merging
[2024.12.10-12.07.36:743][  0]LogMeshReduction: No distributed automatic mesh merging module available
[2024.12.10-12.07.36:744][  0]LogMeshMerging: No distributed automatic mesh merging module available
[2024.12.10-12.07.36:751][  0]LogNetVersion: MyFirstProject 1.0.0, NetCL: 5660361, EngineNetVer: 10, GameNetVer: 0 (Checksum: 2114060223)
[2024.12.10-12.07.36:987][  0]LogPackageLocalizationCache: Processed 10 localized package path(s) for 1 prioritized culture(s) in 0.023828 seconds
[2024.12.10-12.07.36:990][  0]LogUObjectArray: 42205 objects as part of root set at end of initial load.
[2024.12.10-12.07.36:990][  0]LogUObjectAllocator: 7325032 out of 0 bytes used by permanent object pool.
[2024.12.10-12.07.36:990][  0]LogUObjectArray: CloseDisregardForGC: 0/0 objects in disregard for GC pool
[2024.12.10-12.07.37:485][  0]LogTcpMessaging: Initializing TcpMessaging bridge
[2024.12.10-12.07.37:497][  0]LogUdpMessaging: Initializing bridge on interface 0.0.0.0:0 to multicast group 230.0.0.1:6666.
[2024.12.10-12.07.37:583][  0]SourceControl: Source control is disabled
[2024.12.10-12.07.37:583][  0]SourceControl: Source control is disabled
[2024.12.10-12.07.37:584][  0]SourceControl: Source control is disabled
[2024.12.10-12.07.37:585][  0]SourceControl: Source control is disabled
[2024.12.10-12.07.37:627][  0]LogAndroidPermission: UAndroidPermissionCallbackProxy::GetInstance
[2024.12.10-12.07.37:724][  0]LogOcInput: OculusInput pre-init called
[2024.12.10-12.07.38:180][  0]LogEngine: Initializing Engine...
[2024.12.10-12.07.38:234][  0]LogHMD: Failed to initialize OpenVR with code 108
[2024.12.10-12.07.38:234][  0]LogStats: UGameplayTagsManager::InitializeManager -  0.000 s
[2024.12.10-12.07.38:352][  0]LogInit: Initializing FReadOnlyCVARCache
[2024.12.10-12.07.38:363][  0]LogAIModule: Creating AISystem for world Untitled
[2024.12.10-12.07.38:406][  0]LogInit: XAudio2 using 'Наушники (E7)' : 2 channels at 44.1 kHz using 16 bits per sample (channel mask 0x3)
[2024.12.10-12.07.38:416][  0]LogInit: FAudioDevice initialized.
[2024.12.10-12.07.38:416][  0]LogNetVersion: Set ProjectVersion to 1.0.0.0. Version Checksum will be recalculated on next use.
[2024.12.10-12.07.38:453][  0]LogDerivedDataCache: Saved boot cache 0.04s 71MB C:/Users/Mike/AppData/Local/UnrealEngine/4.22/DerivedDataCache/Boot.ddc.
[2024.12.10-12.07.38:456][  0]LogInit: Texture streaming: Enabled
[2024.12.10-12.07.38:471][  0]LogEngineSessionManager: EngineSessionManager initialized
[2024.12.10-12.07.38:485][  0]LogInit: Transaction tracking system initialized
[2024.12.10-12.07.38:498][  0]BlueprintLog: New page: Editor Load
[2024.12.10-12.07.38:548][  0]LocalizationService: Localization service is disabled
[2024.12.10-12.07.38:746][  0]LogFileCache: Scanning file cache for directory 'C:/Users/Mike/Documents/Unreal Projects/MyFirstProject/Content/' took 0.01s
[2024.12.10-12.07.38:746][  0]LogCook: Display: Max memory allowance for cook 16384mb min free memory 0mb
[2024.12.10-12.07.38:746][  0]LogCook: Display: Mobile HDR setting 1
[2024.12.10-12.07.38:861][  0]SourceControl: Source control is disabled
[2024.12.10-12.07.38:861][  0]Cmd: MAP LOAD FILE="../../../../../Users/Mike/Documents/Unreal Projects/MyFirstProject/Content/StarterContent/Maps/Minimal_Default.umap" TEMPLATE=0 SHOWPROGRESS=1 FEATURELEVEL=3
[2024.12.10-12.07.38:861][  0]LightingResults: New page: Lighting Build
[2024.12.10-12.07.38:864][  0]MapCheck: New page: Map Check
[2024.12.10-12.07.38:864][  0]LightingResults: New page: Lighting Build
[2024.12.10-12.07.38:890][  0]LogUObjectHash: Compacting FUObjectHashTables data took   1.02ms
[2024.12.10-12.07.39:154][  0]LogAIModule: Creating AISystem for world Minimal_Default
[2024.12.10-12.07.39:830][  0]LogEditorServer: Finished looking for orphan Actors (0.000 secs)
[2024.12.10-12.07.39:860][  0]LogUObjectHash: Compacting FUObjectHashTables data took   1.34ms
[2024.12.10-12.07.39:860][  0]Cmd: MAP CHECKDEP NOCLEARLOG
[2024.12.10-12.07.39:860][  0]MapCheck: Map check complete: 0 Error(s), 0 Warning(s), took 0.139ms to complete.
[2024.12.10-12.07.39:860][  0]LogFileHelpers: Loading map 'Minimal_Default' took 0.999
[2024.12.10-12.07.39:951][  0]LogSlate: Updating window title bar state: overlay mode, drag disabled, window buttons hidden, title bar hidden
[2024.12.10-12.07.39:957][  0]LogSlate: Updating window title bar state: overlay mode, drag disabled, window buttons hidden, title bar hidden
[2024.12.10-12.07.39:962][  0]LogSlate: Updating window title bar state: overlay mode, drag disabled, window buttons hidden, title bar hidden
[2024.12.10-12.07.39:967][  0]LogSlate: Updating window title bar state: overlay mode, drag disabled, window buttons hidden, title bar hidden
[2024.12.10-12.07.39:972][  0]LogCollectionManager: Loaded 0 collections in 0.001480 seconds
[2024.12.10-12.07.39:998][  0]LogFileCache: Scanning file cache for directory 'C:/Users/Mike/Documents/Unreal Projects/MyFirstProject/Saved/Collections/' took 0.01s
[2024.12.10-12.07.39:998][  0]LogFileCache: Scanning file cache for directory 'C:/Users/Mike/Documents/Unreal Projects/MyFirstProject/Content/Developers/Mike/Collections/' took 0.00s
[2024.12.10-12.07.39:998][  0]LogFileCache: Scanning file cache for directory 'C:/Users/Mike/Documents/Unreal Projects/MyFirstProject/Content/Collections/' took 0.01s
[2024.12.10-12.07.39:998][  0]LogCollectionManager: Rebuilt the GUID cache for 0 collections in 0.000000 seconds
[2024.12.10-12.07.40:004][  0]LogContentBrowser: Native class hierarchy populated in 0.0057 seconds. Added 2732 classes and 659 folders.
[2024.12.10-12.07.40:008][  0]LogContentBrowser: Native class hierarchy updated for 'WidgetCarousel' in 0.0002 seconds. Added 0 classes and 0 folders.
[2024.12.10-12.07.40:009][  0]LogPakFile: Registered encryption key '00000000000000000000000000000000': 0 pak files mounted, 0 remain pending
[2024.12.10-12.07.40:009][  0]LogPakFile: Registered encryption key '00000000000000000000000000000000': 0 pak files mounted, 0 remain pending
[2024.12.10-12.07.40:010][  0]LogPakFile: Registered encryption key '00000000000000000000000000000000': 0 pak files mounted, 0 remain pending
[2024.12.10-12.07.40:010][  0]LogPakFile: Registered encryption key '00000000000000000000000000000000': 0 pak files mounted, 0 remain pending
[2024.12.10-12.07.40:010][  0]LogPakFile: Registered encryption key '00000000000000000000000000000000': 0 pak files mounted, 0 remain pending
[2024.12.10-12.07.40:010][  0]LogPakFile: Registered encryption key '00000000000000000000000000000000': 0 pak files mounted, 0 remain pending
[2024.12.10-12.07.40:011][  0]LogPakFile: Registered encryption key '00000000000000000000000000000000': 0 pak files mounted, 0 remain pending
[2024.12.10-12.07.40:011][  0]LogPakFile: Registered encryption key '00000000000000000000000000000000': 0 pak files mounted, 0 remain pending
[2024.12.10-12.07.40:011][  0]LogPakFile: Registered encryption key '00000000000000000000000000000000': 0 pak files mounted, 0 remain pending
[2024.12.10-12.07.40:011][  0]LogPakFile: Registered encryption key '00000000000000000000000000000000': 0 pak files mounted, 0 remain pending
[2024.12.10-12.07.40:012][  0]LogPakFile: Registered encryption key '00000000000000000000000000000000': 0 pak files mounted, 0 remain pending
[2024.12.10-12.07.40:012][  0]LogPakFile: Registered encryption key '00000000000000000000000000000000': 0 pak files mounted, 0 remain pending
[2024.12.10-12.07.40:012][  0]LogPakFile: Registered encryption key '00000000000000000000000000000000': 0 pak files mounted, 0 remain pending
[2024.12.10-12.07.40:012][  0]LogPakFile: Registered encryption key '00000000000000000000000000000000': 0 pak files mounted, 0 remain pending
[2024.12.10-12.07.40:012][  0]LogPakFile: Registered encryption key '00000000000000000000000000000000': 0 pak files mounted, 0 remain pending
[2024.12.10-12.07.40:013][  0]LogPakFile: Registered encryption key '00000000000000000000000000000000': 0 pak files mounted, 0 remain pending
[2024.12.10-12.07.40:013][  0]LogPakFile: Registered encryption key '00000000000000000000000000000000': 0 pak files mounted, 0 remain pending
[2024.12.10-12.07.40:013][  0]LogPakFile: Registered encryption key '00000000000000000000000000000000': 0 pak files mounted, 0 remain pending
[2024.12.10-12.07.40:013][  0]LogPakFile: Registered encryption key '00000000000000000000000000000000': 0 pak files mounted, 0 remain pending
[2024.12.10-12.07.40:014][  0]LogPakFile: Registered encryption key '00000000000000000000000000000000': 0 pak files mounted, 0 remain pending
[2024.12.10-12.07.40:014][  0]LogPakFile: Registered encryption key '00000000000000000000000000000000': 0 pak files mounted, 0 remain pending
[2024.12.10-12.07.40:014][  0]LogPakFile: Registered encryption key '00000000000000000000000000000000': 0 pak files mounted, 0 remain pending
[2024.12.10-12.07.40:014][  0]LogPakFile: Registered encryption key '00000000000000000000000000000000': 0 pak files mounted, 0 remain pending
[2024.12.10-12.07.40:014][  0]LogPakFile: Registered encryption key '00000000000000000000000000000000': 0 pak files mounted, 0 remain pending
[2024.12.10-12.07.40:014][  0]LogPakFile: Registered encryption key '00000000000000000000000000000000': 0 pak files mounted, 0 remain pending
[2024.12.10-12.07.40:014][  0]LogPakFile: Registered encryption key '00000000000000000000000000000000': 0 pak files mounted, 0 remain pending
[2024.12.10-12.07.40:030][  0]LogContentBrowser: Native class hierarchy updated for 'AddContentDialog' in 0.0002 seconds. Added 0 classes and 0 folders.
[2024.12.10-12.07.40:034][  0]LogContentBrowser: Native class hierarchy updated for 'SceneOutliner' in 0.0002 seconds. Added 1 classes and 2 folders.
[2024.12.10-12.07.40:045][  0]LogSlate: Took 0.000156 seconds to synchronously load lazily loaded font '../../../Engine/Content/Slate/Fonts/Roboto-Regular.ttf' (155K)
[2024.12.10-12.07.40:046][  0]LogSlate: Took 0.000099 seconds to synchronously load lazily loaded font '../../../Engine/Content/Slate/Fonts/Roboto-Bold.ttf' (160K)
[2024.12.10-12.07.40:049][  0]LogSlate: Took 0.000098 seconds to synchronously load lazily loaded font '../../../Engine/Content/Editor/Slate/Fonts/FontAwesome.ttf' (139K)
[2024.12.10-12.07.40:091][  0]LogRenderer: Reallocating scene render targets to support 1208x668 Format 10 NumSamples 1 (Frame:1).
[2024.12.10-12.07.40:148][  0]LogSlate: Took 0.000091 seconds to synchronously load lazily loaded font '../../../Engine/Content/Slate/Fonts/Roboto-Light.ttf' (167K)
[2024.12.10-12.07.40:211][  0]LogContentBrowser: Native class hierarchy updated for 'HierarchicalLODOutliner' in 0.0002 seconds. Added 0 classes and 0 folders.
[2024.12.10-12.07.40:211][  0]LogLoad: (Engine Initialization) Total time: 7.80 seconds
[2024.12.10-12.07.40:211][  0]LogLoad: (Engine Initialization) Total Blueprint compile time: 0.00 seconds
[2024.12.10-12.07.40:298][  0]LogAssetRegistry: Asset discovery search completed in 3.8652 seconds
[2024.12.10-12.07.40:299][  0]LogCollectionManager: Rebuilt the object cache for 0 collections in 0.000000 seconds (found 0 objects)
[2024.12.10-12.07.40:299][  0]LogCollectionManager: Fixed up redirectors for 0 collections in 0.000032 seconds (updated 0 objects)
[2024.12.10-12.07.40:300][  0]LogContentStreaming: Texture pool size now 1000 MB
[2024.12.10-12.07.41:269][ 15]LogSlate: Took 0.000163 seconds to synchronously load lazily loaded font '../../../Engine/Content/Slate/Fonts/Roboto-Light.ttf' (167K)
[2024.12.10-12.07.51:368][733]LogSlate: FSceneViewport::OnFocusLost() reason 0
[2024.12.10-12.07.51:536][751]LogAssetEditorManager: Opening Asset editor for Blueprint /Game/BP_Blocks.BP_Blocks
[2024.12.10-12.07.51:698][751]LogContentBrowser: Native class hierarchy updated for 'BlueprintGraph' in 0.0004 seconds. Added 121 classes and 0 folders.
[2024.12.10-12.07.52:164][751]LogAssetEditorManager: Opening Asset editor for Blueprint /Game/Carette.Carette
[2024.12.10-12.07.52:360][751]LogAssetEditorManager: Opening Asset editor for Blueprint /Game/SphereReactionOfCollision.SphereReactionOfCollision
[2024.12.10-12.07.52:540][751]LogSlate: Took 0.000350 seconds to synchronously load lazily loaded font '../../../Engine/Content/Slate/Fonts/Roboto-BoldCondensed.ttf' (158K)
[2024.12.10-12.07.52:590][752]LogSlate: Took 0.000453 seconds to synchronously load lazily loaded font '../../../Engine/Content/Slate/Fonts/Roboto-Italic.ttf' (157K)
[2024.12.10-12.07.54:788][894]LogSlate: Window 'SphereReactionOfCollision' being destroyed
[2024.12.10-12.07.54:792][894]LogSlate: Window 'SphereReactionOfCollision' being destroyed
[2024.12.10-12.07.54:840][894]LogActorComponent: UnregisterComponent: (/Engine/Transient.EditorFloorComp) Not registered. Aborting.
[2024.12.10-12.07.54:887][894]LogActorComponent: UnregisterComponent: (/Engine/Transient.EditorFloorComp) Not registered. Aborting.
[2024.12.10-12.09.19:299][438]LogSlate: FSceneViewport::OnFocusLost() reason 0
[2024.12.10-12.09.19:459][451]LogUObjectHash: Compacting FUObjectHashTables data took   2.00ms
[2024.12.10-12.09.19:761][451]LogSavePackage: Moving '../../../../../Users/Mike/Documents/Unreal Projects/MyFirstProject/Saved/Minimal_Default1D0007B14370083F951BD99E34F84A0E.tmp' to '../../../../../Users/Mike/Documents/Unreal Projects/MyFirstProject/Content/StarterContent/Maps/Minimal_Default.umap'
[2024.12.10-12.09.19:868][451]LogSavePackage: Moving '../../../../../Users/Mike/Documents/Unreal Projects/MyFirstProject/Saved/Minimal_Default_BuiltData61547B4A4117E41A117A3BBABB2E1848.tmp' to '../../../../../Users/Mike/Documents/Unreal Projects/MyFirstProject/Content/StarterContent/Maps/Minimal_Default_BuiltData.uasset'
[2024.12.10-12.09.21:904][610]LogUObjectHash: Compacting FUObjectHashTables data took   1.49ms
[2024.12.10-12.09.21:930][610]LogSlate: Window 'MyFirstProject - Unreal Editor' being destroyed
[2024.12.10-12.09.22:084][611]Cmd: QUIT_EDITOR
[2024.12.10-12.09.22:096][611]LogWindowsTextInputMethodSystem: Display: IME system now deactivated.
[2024.12.10-12.09.22:102][611]LogExit: Preparing to exit.
[2024.12.10-12.09.22:599][611]LogExit: Editor shut down
[2024.12.10-12.09.22:599][611]LogExit: Transaction tracking system shut down
[2024.12.10-12.09.22:686][611]LogExit: Object subsystem successfully closed.
[2024.12.10-12.09.22:699][611]LogShaderCompilers: Display: Shaders left to compile 0
[2024.12.10-12.09.22:701][611]LogD3D11RHI: Shutdown
[2024.12.10-12.09.22:701][611]LogD3D11RHI: CleanupD3DDevice
[2024.12.10-12.09.22:701][611]LogRendererCore: FGlobalReadBuffer::ReleaseRHI
[2024.12.10-12.09.22:701][611]LogRendererCore: FGlobalDynamicReadBuffer::Cleanup()
[2024.12.10-12.09.22:701][611]LogRendererCore: FGlobalReadBuffer::ReleaseRHI
[2024.12.10-12.09.22:701][611]LogRendererCore: FGlobalDynamicReadBuffer::Cleanup()
[2024.12.10-12.09.22:701][611]LogRendererCore: FGlobalReadBuffer::ReleaseRHI
[2024.12.10-12.09.22:701][611]LogRendererCore: FGlobalDynamicReadBuffer::Cleanup()
[2024.12.10-12.09.22:794][611]LogD3D11RHI: ~FD3D11DynamicRHI
[2024.12.10-12.09.22:808][611]LogModuleManager: Shutting down and abandoning module BlueprintGraph (644)
[2024.12.10-12.09.22:808][611]LogModuleManager: Shutting down and abandoning module HierarchicalLODOutliner (642)
[2024.12.10-12.09.22:808][611]LogModuleManager: Shutting down and abandoning module SceneOutliner (640)
[2024.12.10-12.09.22:808][611]LogModuleManager: Shutting down and abandoning module AddContentDialog (638)
[2024.12.10-12.09.22:809][611]LogModuleManager: Shutting down and abandoning module WidgetCarousel (637)
[2024.12.10-12.09.22:809][611]LogModuleManager: Shutting down and abandoning module EditorWidgets (634)
[2024.12.10-12.09.22:809][611]LogModuleManager: Shutting down and abandoning module CollectionManager (632)
[2024.12.10-12.09.22:809][611]LogModuleManager: Shutting down and abandoning module StatsViewer (630)
[2024.12.10-12.09.22:809][611]LogModuleManager: Shutting down and abandoning module FoliageEdit (628)
[2024.12.10-12.09.22:809][611]LogModuleManager: Shutting down and abandoning module LandscapeEditor (626)
[2024.12.10-12.09.22:809][611]LogModuleManager: Shutting down and abandoning module MeshPaintMode (624)
[2024.12.10-12.09.22:809][611]LogModuleManager: Shutting down and abandoning module SceneDepthPickerMode (622)
[2024.12.10-12.09.22:809][611]LogModuleManager: Shutting down and abandoning module ActorPickerMode (620)
[2024.12.10-12.09.22:809][611]LogModuleManager: Shutting down and abandoning module GeometryMode (618)
[2024.12.10-12.09.22:809][611]LogModuleManager: Shutting down and abandoning module TextureAlignMode (616)
[2024.12.10-12.09.22:809][611]LogModuleManager: Shutting down and abandoning module BspMode (614)
[2024.12.10-12.09.22:809][611]LogModuleManager: Shutting down and abandoning module PIEPreviewDeviceProfileSelector (612)
[2024.12.10-12.09.22:809][611]LogModuleManager: Shutting down and abandoning module SequenceRecorderSections (610)
[2024.12.10-12.09.22:809][611]LogModuleManager: Shutting down and abandoning module AutomationWorker (608)
[2024.12.10-12.09.22:809][611]LogModuleManager: Shutting down and abandoning module OculusMR (606)
[2024.12.10-12.09.22:809][611]LogModuleManager: Shutting down and abandoning module AudioCaptureEditor (604)
[2024.12.10-12.09.22:809][611]LogModuleManager: Shutting down and abandoning module MatineeToLevelSequence (602)
[2024.12.10-12.09.22:809][611]LogModuleManager: Shutting down and abandoning module LevelSequenceEditor (600)
[2024.12.10-12.09.22:809][611]LogModuleManager: Shutting down and abandoning module PlacementMode (599)
[2024.12.10-12.09.22:809][611]LogModuleManager: Shutting down and abandoning module MaterialEditor (598)
[2024.12.10-12.09.22:809][611]LogModuleManager: Shutting down and abandoning module ActorSequenceEditor (594)
[2024.12.10-12.09.22:809][611]LogModuleManager: Shutting down and abandoning module WmfMediaFactory (592)
[2024.12.10-12.09.22:809][611]LogModuleManager: Shutting down and abandoning module WmfMediaEditor (590)
[2024.12.10-12.09.22:809][611]LogModuleManager: Shutting down and abandoning module WebMMediaFactory (588)
[2024.12.10-12.09.22:809][611]LogModuleManager: Shutting down and abandoning module WebMMediaEditor (586)
[2024.12.10-12.09.22:809][611]LogModuleManager: Shutting down and abandoning module WebMMedia (584)
[2024.12.10-12.09.22:809][611]LogModuleManager: Shutting down and abandoning module MediaPlayerEditor (582)
[2024.12.10-12.09.22:809][611]LogModuleManager: Shutting down and abandoning module MediaCompositingEditor (580)
[2024.12.10-12.09.22:809][611]LogModuleManager: Shutting down and abandoning module SequenceRecorder (579)
[2024.12.10-12.09.22:809][611]LogModuleManager: Shutting down and abandoning module OpenExrWrapper (576)
[2024.12.10-12.09.22:809][611]LogModuleManager: Shutting down and abandoning module ImgMediaFactory (574)
[2024.12.10-12.09.22:809][611]LogModuleManager: Shutting down and abandoning module ImgMediaEditor (572)
[2024.12.10-12.09.22:809][611]LogModuleManager: Shutting down and abandoning module AvfMediaFactory (570)
[2024.12.10-12.09.22:809][611]LogModuleManager: Shutting down and abandoning module AvfMediaEditor (568)
[2024.12.10-12.09.22:809][611]LogModuleManager: Shutting down and abandoning module AndroidMediaFactory (566)
[2024.12.10-12.09.22:809][611]LogModuleManager: Shutting down and abandoning module AndroidMediaEditor (564)
[2024.12.10-12.09.22:809][611]LogModuleManager: Shutting down and abandoning module MagicLeapCameraPreviewFactory (562)
[2024.12.10-12.09.22:809][611]LogModuleManager: Shutting down and abandoning module MagicLeapMediaCodecFactory (560)
[2024.12.10-12.09.22:809][611]LogModuleManager: Shutting down and abandoning module MagicLeapMediaFactory (558)
[2024.12.10-12.09.22:809][611]LogModuleManager: Shutting down and abandoning module MagicLeapMediaEditor (556)
[2024.12.10-12.09.22:809][611]LogModuleManager: Shutting down and abandoning module CharacterAI (554)
[2024.12.10-12.09.22:809][611]LogModuleManager: Shutting down and abandoning module SmartSnapping (552)
[2024.12.10-12.09.22:809][611]LogModuleManager: Shutting down and abandoning module SessionServices (550)
[2024.12.10-12.09.22:809][611]LogModuleManager: Shutting down and abandoning module MeshPaint (548)
[2024.12.10-12.09.22:809][611]LogModuleManager: Shutting down and abandoning module ViewportSnapping (546)
[2024.12.10-12.09.22:809][611]LogModuleManager: Shutting down and abandoning module ViewportInteraction (544)
[2024.12.10-12.09.22:809][611]LogModuleManager: Shutting down and abandoning module ClothPainter (542)
[2024.12.10-12.09.22:809][611]LogModuleManager: Shutting down and abandoning module SkeletalMeshEditor (541)
[2024.12.10-12.09.22:809][611]LogModuleManager: Shutting down and abandoning module LogVisualizer (538)
[2024.12.10-12.09.22:809][611]LogModuleManager: Shutting down and abandoning module IntroTutorials (536)
[2024.12.10-12.09.22:809][611]LogModuleManager: Shutting down and abandoning module GameProjectGeneration (535)
[2024.12.10-12.09.22:809][611]LogModuleManager: Shutting down and abandoning module LuminPlatformEditor (532)
[2024.12.10-12.09.22:809][611]LogModuleManager: Shutting down and abandoning module IOSPlatformEditor (530)
[2024.12.10-12.09.22:809][611]LogModuleManager: Shutting down and abandoning module HTML5PlatformEditor (528)
[2024.12.10-12.09.22:809][611]LogModuleManager: Shutting down and abandoning module AndroidPlatformEditor (526)
[2024.12.10-12.09.22:810][611]LogModuleManager: Shutting down and abandoning module AndroidDeviceDetection (525)
[2024.12.10-12.09.23:674][611]LogModuleManager: Shutting down and abandoning module WindowsPlatformEditor (522)
[2024.12.10-12.09.23:674][611]LogModuleManager: Shutting down and abandoning module LuminRuntimeSettings (520)
[2024.12.10-12.09.23:674][611]LogModuleManager: Shutting down and abandoning module IOSRuntimeSettings (518)
[2024.12.10-12.09.23:674][611]LogModuleManager: Shutting down and abandoning module AndroidRuntimeSettings (516)
[2024.12.10-12.09.23:674][611]LogModuleManager: Shutting down and abandoning module TimeManagementEditor (514)
[2024.12.10-12.09.23:674][611]LogModuleManager: Shutting down and abandoning module InputBindingEditor (512)
[2024.12.10-12.09.23:674][611]LogModuleManager: Shutting down and abandoning module MergeActors (510)
[2024.12.10-12.09.23:674][611]LogModuleManager: Shutting down and abandoning module LocalizationDashboard (508)
[2024.12.10-12.09.23:674][611]LogModuleManager: Shutting down and abandoning module LocalizationService (507)
[2024.12.10-12.09.23:674][611]LogModuleManager: Shutting down and abandoning module HardwareTargeting (504)
[2024.12.10-12.09.23:674][611]LogModuleManager: Shutting down and abandoning module DeviceProfileEditor (502)
[2024.12.10-12.09.23:674][611]LogModuleManager: Shutting down and abandoning module UndoHistory (500)
[2024.12.10-12.09.23:674][611]LogModuleManager: Shutting down and abandoning module XmlParser (498)
[2024.12.10-12.09.23:674][611]LogModuleManager: Shutting down and abandoning module Blutility (496)
[2024.12.10-12.09.23:674][611]LogModuleManager: Shutting down and abandoning module ProjectSettingsViewer (494)
[2024.12.10-12.09.23:674][611]LogModuleManager: Shutting down and abandoning module ProjectTargetPlatformEditor (493)
[2024.12.10-12.09.23:674][611]LogModuleManager: Shutting down and abandoning module EditorSettingsViewer (490)
[2024.12.10-12.09.23:674][611]LogModuleManager: Shutting down and abandoning module SettingsEditor (488)
[2024.12.10-12.09.23:674][611]LogModuleManager: Shutting down and abandoning module ProjectLauncher (486)
[2024.12.10-12.09.23:674][611]LogModuleManager: Shutting down and abandoning module SessionFrontend (484)
[2024.12.10-12.09.23:674][611]LogModuleManager: Shutting down and abandoning module ProfilerClient (482)
[2024.12.10-12.09.23:674][611]LogModuleManager: Shutting down and abandoning module DeviceManager (480)
[2024.12.10-12.09.23:674][611]LogModuleManager: Shutting down and abandoning module TargetDeviceServices (479)
[2024.12.10-12.09.23:717][611]LogModuleManager: Shutting down and abandoning module AutomationController (476)
[2024.12.10-12.09.23:717][611]LogModuleManager: Shutting down and abandoning module AutomationWindow (474)
[2024.12.10-12.09.23:717][611]LogModuleManager: Shutting down and abandoning module Layers (472)
[2024.12.10-12.09.23:717][611]LogModuleManager: Shutting down and abandoning module ComponentVisualizers (470)
[2024.12.10-12.09.23:717][611]LogModuleManager: Shutting down and abandoning module DetailCustomizations (468)
[2024.12.10-12.09.23:717][611]LogModuleManager: Shutting down and abandoning module PackagesDialog (466)
[2024.12.10-12.09.23:717][611]LogModuleManager: Shutting down and abandoning module AnimationBlueprintEditor (464)
[2024.12.10-12.09.23:717][611]LogModuleManager: Shutting down and abandoning module Persona (462)
[2024.12.10-12.09.23:717][611]LogModuleManager: Shutting down and abandoning module AdvancedPreviewScene (461)
[2024.12.10-12.09.23:717][611]LogModuleManager: Shutting down and abandoning module AnimGraph (459)
[2024.12.10-12.09.23:717][611]LogModuleManager: Shutting down and abandoning module Kismet (456)
[2024.12.10-12.09.23:719][611]LogModuleManager: Shutting down and abandoning module GraphEditor (454)
[2024.12.10-12.09.23:719][611]LogModuleManager: Shutting down and abandoning module ClassViewer (452)
[2024.12.10-12.09.23:719][611]LogModuleManager: Shutting down and abandoning module Toolbox (450)
[2024.12.10-12.09.23:719][611]LogModuleManager: Shutting down and abandoning module ModuleUI (448)
[2024.12.10-12.09.23:720][611]LogModuleManager: Shutting down and abandoning module MovieSceneTools (446)
[2024.12.10-12.09.23:720][611]LogModuleManager: Shutting down and abandoning module OutputLog (444)
[2024.12.10-12.09.23:720][611]LogModuleManager: Shutting down and abandoning module GammaUI (442)
[2024.12.10-12.09.23:720][611]LogModuleManager: Shutting down and abandoning module Documentation (440)
[2024.12.10-12.09.23:720][611]LogModuleManager: Shutting down and abandoning module LiveCoding (438)
[2024.12.10-12.09.23:720][611]LogModuleManager: Shutting down and abandoning module LevelSequence (436)
[2024.12.10-12.09.23:720][611]LogModuleManager: Shutting down and abandoning module MovieSceneTracks (434)
[2024.12.10-12.09.23:720][611]LogModuleManager: Shutting down and abandoning module MovieScene (432)
[2024.12.10-12.09.23:720][611]LogModuleManager: Shutting down and abandoning module StreamingPauseRendering (430)
[2024.12.10-12.09.23:720][611]LogModuleManager: Shutting down and abandoning module LauncherPlatform (428)
[2024.12.10-12.09.23:720][611]LogModuleManager: Shutting down and abandoning module AnalyticsET (426)
[2024.12.10-12.09.23:720][611]LogModuleManager: Shutting down and abandoning module PortalServices (424)
[2024.12.10-12.09.23:720][611]LogModuleManager: Shutting down and abandoning module PortalRpc (422)
[2024.12.10-12.09.23:720][611]LogModuleManager: Shutting down and abandoning module MessagingRpc (420)
[2024.12.10-12.09.23:720][611]LogModuleManager: Shutting down and abandoning module AIModule (418)
[2024.12.10-12.09.23:720][611]LogModuleManager: Shutting down and abandoning module GameplayDebugger (417)
[2024.12.10-12.09.23:720][611]LogModuleManager: Shutting down and abandoning module AITestSuite (415)
[2024.12.10-12.09.23:720][611]LogModuleManager: Shutting down and abandoning module NavigationSystem (413)
[2024.12.10-12.09.23:720][611]LogModuleManager: Shutting down and abandoning module DesktopPlatform (410)
[2024.12.10-12.09.23:720][611]LogModuleManager: Shutting down and abandoning module ImageWriteQueue (408)
[2024.12.10-12.09.23:722][611]LogModuleManager: Shutting down and abandoning module ProfilerService (406)
[2024.12.10-12.09.23:786][611]LogModuleManager: Shutting down and abandoning module TaskGraph (404)
[2024.12.10-12.09.23:786][611]LogModuleManager: Shutting down and abandoning module SteamVRController (402)
[2024.12.10-12.09.23:786][611]LogModuleManager: Shutting down and abandoning module ProceduralMeshComponentEditor (400)
[2024.12.10-12.09.23:786][611]LogModuleManager: Shutting down and abandoning module ProceduralMeshComponent (398)
[2024.12.10-12.09.23:786][611]LogModuleManager: Shutting down and abandoning module OculusEditor (396)
[2024.12.10-12.09.23:786][611]LogModuleManager: Shutting down and abandoning module OculusInput (394)
[2024.12.10-12.09.23:786][611]LogModuleManager: Shutting down and abandoning module MobilePatchingUtils (392)
[2024.12.10-12.09.23:786][611]LogModuleManager: Shutting down and abandoning module EditableMesh (390)
[2024.12.10-12.09.23:786][611]LogModuleManager: Shutting down and abandoning module CustomMeshComponent (388)
[2024.12.10-12.09.23:786][611]LogModuleManager: Shutting down and abandoning module CableComponent (386)
[2024.12.10-12.09.23:786][611]LogModuleManager: Shutting down and abandoning module AudioCapture (384)
[2024.12.10-12.09.23:786][611]LogModuleManager: Shutting down and abandoning module ArchVisCharacter (382)
[2024.12.10-12.09.23:786][611]LogModuleManager: Shutting down and abandoning module AndroidPermission (380)
[2024.12.10-12.09.23:786][611]LogModuleManager: Shutting down and abandoning module NUTUnrealEngine4 (378)
[2024.12.10-12.09.23:786][611]LogModuleManager: Shutting down and abandoning module NetcodeUnitTest (376)
[2024.12.10-12.09.23:786][611]LogModuleManager: Shutting down and abandoning module MediaCompositing (374)
[2024.12.10-12.09.23:786][611]LogModuleManager: Shutting down and abandoning module LinearTimecode (372)
[2024.12.10-12.09.23:786][611]LogModuleManager: Shutting down and abandoning module ImgMedia (370)
[2024.12.10-12.09.23:786][611]LogModuleManager: Shutting down and abandoning module MagicLeapHelperVulkan (368)
[2024.12.10-12.09.23:786][611]LogModuleManager: Shutting down and abandoning module MagicLeapHelperOpenGL (366)
[2024.12.10-12.09.23:786][611]LogModuleManager: Shutting down and abandoning module MagicLeapAudio (364)
[2024.12.10-12.09.23:786][611]LogModuleManager: Shutting down and abandoning module HTML5Networking (362)
[2024.12.10-12.09.23:786][611]LogModuleManager: Shutting down and abandoning module GeometryCacheTracks (360)
[2024.12.10-12.09.23:786][611]LogModuleManager: Shutting down and abandoning module GeometryCacheSequencer (358)
[2024.12.10-12.09.23:786][611]LogModuleManager: Shutting down and abandoning module BackChannel (356)
[2024.12.10-12.09.23:786][611]LogModuleManager: Shutting down and abandoning module AppleVision (354)
[2024.12.10-12.09.23:786][611]LogModuleManager: Shutting down and abandoning module AppleImageUtilsBlueprintSupport (352)
[2024.12.10-12.09.23:786][611]LogModuleManager: Shutting down and abandoning module AppleImageUtils (350)
[2024.12.10-12.09.23:786][611]LogModuleManager: Shutting down and abandoning module AlembicImporter (348)
[2024.12.10-12.09.23:786][611]LogModuleManager: Shutting down and abandoning module AlembicLibrary (347)
[2024.12.10-12.09.23:786][611]LogModuleManager: Shutting down and abandoning module GeometryCache (346)
[2024.12.10-12.09.23:786][611]LogModuleManager: Shutting down and abandoning module GeometryCacheEd (345)
[2024.12.10-12.09.23:786][611]LogModuleManager: Shutting down and abandoning module VariantManagerContent (340)
[2024.12.10-12.09.23:786][611]LogModuleManager: Shutting down and abandoning module DatasmithContentEditor (338)
[2024.12.10-12.09.23:786][611]LogModuleManager: Shutting down and abandoning module SpeedTreeImporter (336)
[2024.12.10-12.09.23:786][611]LogModuleManager: Shutting down and abandoning module PluginBrowser (334)
[2024.12.10-12.09.23:787][611]LogModuleManager: Shutting down and abandoning module MobileLauncherProfileWizard (332)
[2024.12.10-12.09.23:787][611]LogModuleManager: Shutting down and abandoning module MaterialAnalyzer (330)
[2024.12.10-12.09.23:787][611]LogModuleManager: Shutting down and abandoning module CryptoKeysOpenSSL (328)
[2024.12.10-12.09.23:787][611]LogModuleManager: Shutting down and abandoning module CryptoKeys (326)
[2024.12.10-12.09.23:787][611]LogModuleManager: Shutting down and abandoning module VisualStudioSourceCodeAccess (324)
[2024.12.10-12.09.23:787][611]LogModuleManager: Shutting down and abandoning module VisualStudioCodeSourceCodeAccess (322)
[2024.12.10-12.09.23:787][611]LogModuleManager: Shutting down and abandoning module UObjectPlugin (320)
[2024.12.10-12.09.23:787][611]LogModuleManager: Shutting down and abandoning module SubversionSourceControl (318)
[2024.12.10-12.09.23:787][611]LogModuleManager: Shutting down and abandoning module PerforceSourceControl (316)
[2024.12.10-12.09.23:787][611]LogModuleManager: Shutting down and abandoning module GitSourceControl (314)
[2024.12.10-12.09.23:787][611]LogModuleManager: Shutting down and abandoning module SourceControl (313)
[2024.12.10-12.09.23:787][611]LogModuleManager: Shutting down and abandoning module CLionSourceCodeAccess (310)
[2024.12.10-12.09.23:787][611]LogModuleManager: Shutting down and abandoning module AnimationSharingEd (308)
[2024.12.10-12.09.23:787][611]LogModuleManager: Shutting down and abandoning module ActorLayerUtilitiesEditor (306)
[2024.12.10-12.09.23:787][611]LogModuleManager: Shutting down and abandoning module ActorLayerUtilities (304)
[2024.12.10-12.09.23:787][611]LogModuleManager: Shutting down and abandoning module LightPropagationVolumeEditor (302)
[2024.12.10-12.09.23:787][611]LogModuleManager: Shutting down and abandoning module PaperTiledImporter (300)
[2024.12.10-12.09.23:787][611]LogModuleManager: Shutting down and abandoning module PaperSpriteSheetImporter (298)
[2024.12.10-12.09.23:787][611]LogModuleManager: Shutting down and abandoning module Paper2DEditor (296)
[2024.12.10-12.09.23:787][611]LogModuleManager: Shutting down and abandoning module SignificanceManager (294)
[2024.12.10-12.09.23:787][611]LogModuleManager: Shutting down and abandoning module RuntimePhysXCooking (292)
[2024.12.10-12.09.23:787][611]LogModuleManager: Shutting down and abandoning module PhysXVehiclesEditor (290)
[2024.12.10-12.09.23:787][611]LogModuleManager: Shutting down and abandoning module PhysXVehicles (288)
[2024.12.10-12.09.23:787][611]LogModuleManager: Shutting down and abandoning module LocationServicesBPLibrary (286)
[2024.12.10-12.09.23:787][611]LogModuleManager: Shutting down and abandoning module ActorSequence (284)
[2024.12.10-12.09.23:787][611]LogModuleManager: Shutting down and abandoning module UdpMessaging (282)
[2024.12.10-12.09.23:888][611]LogModuleManager: Shutting down and abandoning module TcpMessaging (280)
[2024.12.10-12.09.23:988][611]LogModuleManager: Shutting down and abandoning module MagicLeapIdentity (278)
[2024.12.10-12.09.23:988][611]LogModuleManager: Shutting down and abandoning module MagicLeapSecureStorage (276)
[2024.12.10-12.09.23:988][611]LogModuleManager: Shutting down and abandoning module MagicLeapHandTracking (274)
[2024.12.10-12.09.23:988][611]LogModuleManager: Shutting down and abandoning module MagicLeapEyeTracker (272)
[2024.12.10-12.09.23:988][611]LogModuleManager: Shutting down and abandoning module MagicLeapController (270)
[2024.12.10-12.09.23:988][611]LogSlate: Slate User Destroyed.  User Index 0, Is Virtual User: 0
[2024.12.10-12.09.23:988][611]LogModuleManager: Shutting down and abandoning module MagicLeapAR (268)
[2024.12.10-12.09.23:988][611]LogModuleManager: Shutting down and abandoning module AugmentedReality (267)
[2024.12.10-12.09.23:988][611]LogModuleManager: Shutting down and abandoning module GameplayTagsEditor (264)
[2024.12.10-12.09.23:988][611]LogModuleManager: Shutting down and abandoning module FacialAnimationEditor (262)
[2024.12.10-12.09.23:988][611]LogModuleManager: Shutting down and abandoning module FacialAnimation (260)
[2024.12.10-12.09.23:988][611]LogModuleManager: Shutting down and abandoning module DataValidation (258)
[2024.12.10-12.09.23:988][611]LogModuleManager: Shutting down and abandoning module AssetManagerEditor (256)
[2024.12.10-12.09.23:988][611]LogModuleManager: Shutting down and abandoning module LevelEditor (255)
[2024.12.10-12.09.23:988][611]LogModuleManager: Shutting down and abandoning module PixelInspectorModule (254)
[2024.12.10-12.09.23:988][611]LogModuleManager: Shutting down and abandoning module CommonMenuExtensions (252)
[2024.12.10-12.09.23:988][611]LogModuleManager: Shutting down and abandoning module MainFrame (250)
[2024.12.10-12.09.23:988][611]LogModuleManager: Shutting down and abandoning module HotReload (249)
[2024.12.10-12.09.23:989][611]LogModuleManager: Shutting down and abandoning module ContentBrowser (245)
[2024.12.10-12.09.23:989][611]LogModuleManager: Shutting down and abandoning module TreeMap (243)
[2024.12.10-12.09.23:989][611]LogModuleManager: Shutting down and abandoning module AnimationSharing (240)
[2024.12.10-12.09.23:989][611]LogModuleManager: Shutting down and abandoning module LightPropagationVolumeRuntime (238)
[2024.12.10-12.09.23:989][611]LogModuleManager: Shutting down and abandoning module AISupportModule (236)
[2024.12.10-12.09.23:989][611]LogModuleManager: Shutting down and abandoning module Paper2D (234)
[2024.12.10-12.09.23:989][611]LogModuleManager: Shutting down and abandoning module WindowsMoviePlayer (232)
[2024.12.10-12.09.23:989][611]LogModuleManager: Shutting down and abandoning module WebMMoviePlayer (230)
[2024.12.10-12.09.23:989][611]LogModuleManager: Shutting down and abandoning module PacketHandler (228)
[2024.12.10-12.09.23:989][611]LogModuleManager: Shutting down and abandoning module ClothingSystemEditor (226)
[2024.12.10-12.09.23:989][611]LogModuleManager: Shutting down and abandoning module ClothingSystemRuntime (224)
[2024.12.10-12.09.23:989][611]LogModuleManager: Shutting down and abandoning module MediaAssets (222)
[2024.12.10-12.09.23:989][611]LogModuleManager: Shutting down and abandoning module Overlay (220)
[2024.12.10-12.09.23:989][611]LogModuleManager: Shutting down and abandoning module OverlayEditor (219)
[2024.12.10-12.09.23:989][611]LogModuleManager: Shutting down and abandoning module VREditor (216)
[2024.12.10-12.09.23:989][611]LogModuleManager: Shutting down and abandoning module StringTableEditor (214)
[2024.12.10-12.09.23:989][611]LogModuleManager: Shutting down and abandoning module GameplayTasksEditor (212)
[2024.12.10-12.09.23:989][611]LogModuleManager: Shutting down and abandoning module BehaviorTreeEditor (210)
[2024.12.10-12.09.23:989][611]LogModuleManager: Shutting down and abandoning module FunctionalTesting (208)
[2024.12.10-12.09.23:989][611]LogModuleManager: Shutting down and abandoning module CollisionAnalyzer (206)
[2024.12.10-12.09.23:989][611]LogModuleManager: Shutting down and abandoning module WorkspaceMenuStructure (205)
[2024.12.10-12.09.23:989][611]LogModuleManager: Shutting down and abandoning module UMG (202)
[2024.12.10-12.09.23:989][611]LogModuleManager: Shutting down and abandoning module UMGEditor (201)
[2024.12.10-12.09.23:989][611]LogModuleManager: Shutting down and abandoning module Sequencer (200)
[2024.12.10-12.09.23:989][611]LogModuleManager: Shutting down and abandoning module MessageLog (197)
[2024.12.10-12.09.23:989][611]LogModuleManager: Shutting down and abandoning module SlateReflector (192)
[2024.12.10-12.09.23:989][611]LogModuleManager: Shutting down and abandoning module Slate (190)
[2024.12.10-12.09.23:989][611]LogModuleManager: Shutting down and abandoning module EditorStyle (188)
[2024.12.10-12.09.23:990][611]LogModuleManager: Shutting down and abandoning module UnrealEd (186)
[2024.12.10-12.09.23:990][611]LogModuleManager: Shutting down and abandoning module MRMesh (184)
[2024.12.10-12.09.23:990][611]LogModuleManager: Shutting down and abandoning module SourceCodeAccess (182)
[2024.12.10-12.09.23:990][611]LogModuleManager: Shutting down and abandoning module HeadMountedDisplay (180)
[2024.12.10-12.09.23:990][611]LogModuleManager: Shutting down and abandoning module XAudio2 (178)
[2024.12.10-12.09.23:990][611]LogModuleManager: Shutting down and abandoning module Networking (176)
[2024.12.10-12.09.23:990][611]LogModuleManager: Shutting down and abandoning module Core (174)
[2024.12.10-12.09.23:990][611]LogModuleManager: Shutting down and abandoning module KismetCompiler (172)
[2024.12.10-12.09.23:990][611]LogModuleManager: Shutting down and abandoning module MeshUtilities (170)
[2024.12.10-12.09.23:990][611]LogModuleManager: Shutting down and abandoning module MeshMergeUtilities (169)
[2024.12.10-12.09.23:990][611]LogModuleManager: Shutting down and abandoning module MeshReductionInterface (168)
[2024.12.10-12.09.23:990][611]LogModuleManager: Shutting down and abandoning module SkeletalMeshReduction (167)
[2024.12.10-12.09.23:990][611]LogModuleManager: Shutting down and abandoning module ProxyLODMeshReduction (165)
[2024.12.10-12.09.23:990][611]LogModuleManager: Shutting down and abandoning module QuadricMeshReduction (163)
[2024.12.10-12.09.23:990][611]LogModuleManager: Shutting down and abandoning module MaterialBaking (159)
[2024.12.10-12.09.23:990][611]LogModuleManager: Shutting down and abandoning module DerivedDataCache (154)
[2024.12.10-12.09.24:486][611]LogDerivedDataCache: Shutdown
[2024.12.10-12.09.24:486][611]LogModuleManager: Shutting down and abandoning module XGEController (152)
[2024.12.10-12.09.24:486][611]LogXGEController: Cleaning working directory: C:/Users/Mike/AppData/Local/Temp/UnrealXGEWorkingDir/
[2024.12.10-12.09.24:486][611]LogModuleManager: Shutting down and abandoning module TargetPlatform (150)
[2024.12.10-12.09.24:486][611]LogModuleManager: Shutting down and abandoning module VulkanShaderFormat (149)
[2024.12.10-12.09.24:486][611]LogModuleManager: Shutting down and abandoning module ShaderFormatVectorVM (147)
[2024.12.10-12.09.24:486][611]LogModuleManager: Shutting down and abandoning module ShaderFormatOpenGL (145)
[2024.12.10-12.09.24:486][611]LogModuleManager: Shutting down and abandoning module ShaderFormatD3D (143)
[2024.12.10-12.09.24:486][611]LogModuleManager: Shutting down and abandoning module MetalShaderFormat (141)
[2024.12.10-12.09.24:486][611]LogModuleManager: Shutting down and abandoning module TextureFormatUncompressed (139)
[2024.12.10-12.09.24:486][611]LogModuleManager: Shutting down and abandoning module TextureFormatPVR (137)
[2024.12.10-12.09.24:486][611]LogModuleManager: Shutting down and abandoning module TextureFormatDXT (135)
[2024.12.10-12.09.24:486][611]LogModuleManager: Shutting down and abandoning module TextureFormatIntelISPCTexComp (133)
[2024.12.10-12.09.24:486][611]LogModuleManager: Shutting down and abandoning module TextureFormatASTC (131)
[2024.12.10-12.09.24:486][611]LogModuleManager: Shutting down and abandoning module ImageWrapper (130)
[2024.12.10-12.09.24:486][611]LogModuleManager: Shutting down and abandoning module TextureFormatAndroid (127)
[2024.12.10-12.09.24:486][611]LogModuleManager: Shutting down and abandoning module AudioFormatOpus (125)
[2024.12.10-12.09.24:486][611]LogModuleManager: Shutting down and abandoning module AudioFormatOgg (123)
[2024.12.10-12.09.24:486][611]LogModuleManager: Shutting down and abandoning module AudioFormatADPCM (121)
[2024.12.10-12.09.24:486][611]LogModuleManager: Shutting down and abandoning module LuminTargetPlatform (119)
[2024.12.10-12.09.24:487][611]LogModuleManager: Shutting down and abandoning module LinuxTargetPlatform (117)
[2024.12.10-12.09.24:487][611]LogModuleManager: Shutting down and abandoning module LinuxServerTargetPlatform (115)
[2024.12.10-12.09.24:487][611]LogModuleManager: Shutting down and abandoning module LinuxNoEditorTargetPlatform (113)
[2024.12.10-12.09.24:487][611]LogModuleManager: Shutting down and abandoning module LinuxClientTargetPlatform (111)
[2024.12.10-12.09.24:487][611]LogModuleManager: Shutting down and abandoning module TVOSTargetPlatform (109)
[2024.12.10-12.09.24:487][611]LogModuleManager: Shutting down and abandoning module Messaging (107)
[2024.12.10-12.09.24:487][611]LogModuleManager: Shutting down and abandoning module IOSTargetPlatform (105)
[2024.12.10-12.09.24:488][611]LogModuleManager: Shutting down and abandoning module HTML5TargetPlatform (103)
[2024.12.10-12.09.24:488][611]LogModuleManager: Shutting down and abandoning module AndroidTargetPlatform (101)
[2024.12.10-12.09.24:492][611]LogModuleManager: Shutting down and abandoning module WindowsTargetPlatform (99)
[2024.12.10-12.09.24:492][611]LogModuleManager: Shutting down and abandoning module WindowsServerTargetPlatform (97)
[2024.12.10-12.09.24:492][611]LogModuleManager: Shutting down and abandoning module WindowsNoEditorTargetPlatform (95)
[2024.12.10-12.09.24:492][611]LogModuleManager: Shutting down and abandoning module WindowsClientTargetPlatform (93)
[2024.12.10-12.09.24:492][611]LogModuleManager: Shutting down and abandoning module MacTargetPlatform (91)
[2024.12.10-12.09.24:492][611]LogModuleManager: Shutting down and abandoning module MacServerTargetPlatform (89)
[2024.12.10-12.09.24:492][611]LogModuleManager: Shutting down and abandoning module MacNoEditorTargetPlatform (87)
[2024.12.10-12.09.24:492][611]LogModuleManager: Shutting down and abandoning module MacClientTargetPlatform (85)
[2024.12.10-12.09.24:492][611]LogModuleManager: Shutting down and abandoning module AllDesktopTargetPlatform (83)
[2024.12.10-12.09.24:492][611]LogModuleManager: Shutting down and abandoning module InputCore (80)
[2024.12.10-12.09.24:492][611]LogModuleManager: Shutting down and abandoning module Settings (78)
[2024.12.10-12.09.24:492][611]LogModuleManager: Shutting down and abandoning module DirectoryWatcher (76)
[2024.12.10-12.09.24:492][611]LogModuleManager: Shutting down and abandoning module PhysXCooking (74)
[2024.12.10-12.09.24:492][611]LogModuleManager: Shutting down and abandoning module SteamVR (72)
[2024.12.10-12.09.24:492][611]LogHMD: Freeing OpenVRDLLHandle.
[2024.12.10-12.09.24:492][611]LogModuleManager: Shutting down and abandoning module OculusHMD (70)
[2024.12.10-12.09.24:492][611]LogModuleManager: Shutting down and abandoning module ExampleDeviceProfileSelector (68)
[2024.12.10-12.09.24:492][611]LogModuleManager: Shutting down and abandoning module LauncherChunkInstaller (66)
[2024.12.10-12.09.24:492][611]LogModuleManager: Shutting down and abandoning module OnlineBlueprintSupport (64)
[2024.12.10-12.09.24:492][611]LogModuleManager: Shutting down and abandoning module OnlineSubsystem (60)
[2024.12.10-12.09.24:493][611]LogModuleManager: Shutting down and abandoning module XMPP (55)
[2024.12.10-12.09.24:493][611]LogModuleManager: Shutting down and abandoning module WebSockets (54)
[2024.12.10-12.09.24:501][611]LogModuleManager: Shutting down and abandoning module HTTP (51)
[2024.12.10-12.09.24:501][611]LogHttp: Display: Http module shutting down, but needs to wait on 1 outstanding Http requests:
[2024.12.10-12.09.24:501][611]LogHttp: Display: 	verb=[POST] url=[https://datarouter.ol.epicgames.com/datarouter/api/v1/public/data?SessionID=%7BBB06732D-4665-AD7D-CF34-70B3A2CCAE0C%7D&AppID=UEEditor.Rocket.Release&AppVersion=4.22.3-7053642%2B%2B%2BUE4%2BRelease-4.22&UserID=981db9d54bde39f946d620821a69672c%7C219c018d0a7c42938986826c2fdf47b6%7Ce8d472fa-a4e7-4c84-a98b-474cfdcdcd42&AppEnvironment=datacollector-binary&UploadType=eteventstream] status=Processing
[2024.12.10-12.09.24:533][611]LogModuleManager: Shutting down and abandoning module SSL (50)
[2024.12.10-12.09.24:533][611]LogModuleManager: Shutting down and abandoning module WmfMedia (46)
[2024.12.10-12.09.24:533][611]LogModuleManager: Shutting down and abandoning module Media (45)
[2024.12.10-12.09.24:540][611]LogModuleManager: Shutting down and abandoning module MagicLeap (42)
[2024.12.10-12.09.24:540][611]LogModuleManager: Shutting down and abandoning module DatasmithContent (40)
[2024.12.10-12.09.24:540][611]LogModuleManager: Shutting down and abandoning module AnimationModifiers (38)
[2024.12.10-12.09.24:540][611]LogModuleManager: Shutting down and abandoning module PropertyEditor (37)
[2024.12.10-12.09.24:540][611]LogModuleManager: Shutting down and abandoning module AudioEditor (34)
[2024.12.10-12.09.24:540][611]LogModuleManager: Shutting down and abandoning module TextureCompressor (32)
[2024.12.10-12.09.24:540][611]LogModuleManager: Shutting down and abandoning module RenderCore (30)
[2024.12.10-12.09.24:540][611]LogModuleManager: Shutting down and abandoning module Landscape (28)
[2024.12.10-12.09.24:540][611]LogModuleManager: Shutting down and abandoning module SlateRHIRenderer (26)
[2024.12.10-12.09.24:541][611]LogModuleManager: Shutting down and abandoning module OpenGLDrv (24)
[2024.12.10-12.09.24:541][611]LogModuleManager: Shutting down and abandoning module D3D11RHI (22)
[2024.12.10-12.09.24:541][611]LogModuleManager: Shutting down and abandoning module AnimGraphRuntime (20)
[2024.12.10-12.09.24:541][611]LogModuleManager: Shutting down and abandoning module Renderer (18)
[2024.12.10-12.09.24:541][611]LogModuleManager: Shutting down and abandoning module Engine (16)
[2024.12.10-12.09.24:541][611]LogModuleManager: Shutting down and abandoning module CoreUObject (14)
[2024.12.10-12.09.24:541][611]LogModuleManager: Shutting down and abandoning module NetworkFile (12)
[2024.12.10-12.09.24:541][611]LogModuleManager: Shutting down and abandoning module CookedIterativeFile (10)
[2024.12.10-12.09.24:541][611]LogModuleManager: Shutting down and abandoning module StreamingFile (8)
[2024.12.10-12.09.24:541][611]LogModuleManager: Shutting down and abandoning module SandboxFile (6)
[2024.12.10-12.09.24:541][611]LogModuleManager: Shutting down and abandoning module PakFile (4)
[2024.12.10-12.09.24:541][611]LogModuleManager: Shutting down and abandoning module RSA (3)
[2024.12.10-12.09.24:549][611]LogExit: Exiting.
[2024.12.10-12.09.24:557][611]Log file closed, 12/10/24 15:09:24
