Log file open, 12/08/24 15:43:33
LogWindows: Failed to load 'aqProf.dll' (GetLastError=126)
LogWindows: File 'aqProf.dll' does not exist
LogWindows: Failed to load 'VtuneApi.dll' (GetLastError=126)
LogWindows: File 'VtuneApi.dll' does not exist
LogWindows: Failed to load 'VtuneApi32e.dll' (GetLastError=126)
LogWindows: File 'VtuneApi32e.dll' does not exist
LogConsoleResponse: Display: Failed to find resolution value strings in scalability ini. Falling back to default.
LogInit: Display: Running engine for game: MyFirstProject
LogPakFile: Registered encryption key '00000000000000000000000000000000': 0 pak files mounted, 0 remain pending
LogPlatformFile: Not using cached read wrapper
LogTaskGraph: Started task graph with 5 named threads and 35 total threads with 3 sets of task threads.
LogStats: Stats thread started at 0.533503
LogD3D11RHI: Loaded GFSDK_Aftermath_Lib.x64.dll
LogICUInternationalization: ICU TimeZone Detection - Raw Offset: +3:00, Platform Override: ''
LogPluginManager: Mounting plugin Paper2D
LogPluginManager: Mounting plugin AISupport
LogPluginManager: Mounting plugin LightPropagationVolume
LogPluginManager: Mounting plugin ActorLayerUtilities
LogPluginManager: Mounting plugin AnimationSharing
LogPluginManager: Mounting plugin CLionSourceCodeAccess
LogPluginManager: Mounting plugin CodeLiteSourceCodeAccess
LogPluginManager: Mounting plugin GitSourceControl
LogPluginManager: Mounting plugin KDevelopSourceCodeAccess
LogPluginManager: Mounting plugin NullSourceCodeAccess
LogPluginManager: Mounting plugin PerforceSourceControl
LogPluginManager: Mounting plugin SubversionSourceControl
LogPluginManager: Mounting plugin UObjectPlugin
LogPluginManager: Mounting plugin VisualStudioCodeSourceCodeAccess
LogPluginManager: Mounting plugin VisualStudioSourceCodeAccess
LogPluginManager: Mounting plugin XCodeSourceCodeAccess
LogPluginManager: Mounting plugin AssetManagerEditor
LogPluginManager: Mounting plugin CryptoKeys
LogPluginManager: Mounting plugin DataValidation
LogPluginManager: Mounting plugin FacialAnimation
LogPluginManager: Mounting plugin GameplayTagsEditor
LogPluginManager: Mounting plugin MacGraphicsSwitching
LogPluginManager: Mounting plugin MaterialAnalyzer
LogPluginManager: Mounting plugin MobileLauncherProfileWizard
LogPluginManager: Mounting plugin PluginBrowser
LogPluginManager: Mounting plugin SpeedTreeImporter
LogPluginManager: Mounting plugin DatasmithContent
LogPluginManager: Mounting plugin VariantManagerContent
LogPluginManager: Mounting plugin AlembicImporter
LogPluginManager: Mounting plugin AppleImageUtils
LogPluginManager: Mounting plugin AppleVision
LogPluginManager: Mounting plugin BackChannel
LogPluginManager: Mounting plugin CharacterAI
LogPluginManager: Mounting plugin GeometryCache
LogPluginManager: Mounting plugin HTML5Networking
LogPluginManager: Mounting plugin ProxyLODPlugin
LogPluginManager: Mounting plugin SkeletalReduction
LogPluginManager: Mounting plugin MagicLeap
LogPluginManager: Mounting plugin MagicLeapMedia
LogPluginManager: Mounting plugin AndroidMedia
LogPluginManager: Mounting plugin AvfMedia
LogPluginManager: Mounting plugin ImgMedia
LogPluginManager: Mounting plugin LinearTimecode
LogPluginManager: Mounting plugin MediaCompositing
LogPluginManager: Mounting plugin MediaPlayerEditor
LogPluginManager: Mounting plugin WebMMedia
LogPluginManager: Mounting plugin WmfMedia
LogPluginManager: Mounting plugin TcpMessaging
LogPluginManager: Mounting plugin UdpMessaging
LogPluginManager: Mounting plugin ActorSequence
LogPluginManager: Mounting plugin LevelSequenceEditor
LogPluginManager: Mounting plugin MatineeToLevelSequence
LogPluginManager: Mounting plugin NetcodeUnitTest
LogPluginManager: Mounting plugin NUTUnrealEngine4
LogPluginManager: Mounting plugin OnlineSubsystemGooglePlay
LogPluginManager: Mounting plugin OnlineSubsystemIOS
LogPluginManager: Mounting plugin OnlineSubsystem
LogPluginManager: Mounting plugin OnlineSubsystemNull
LogPluginManager: Mounting plugin OnlineSubsystemUtils
LogPluginManager: Mounting plugin LauncherChunkInstaller
LogPluginManager: Mounting plugin AndroidDeviceProfileSelector
LogPluginManager: Mounting plugin AndroidMoviePlayer
LogPluginManager: Mounting plugin AndroidPermission
LogPluginManager: Mounting plugin AppleMoviePlayer
LogPluginManager: Mounting plugin ArchVisCharacter
LogPluginManager: Mounting plugin AudioCapture
LogPluginManager: Mounting plugin CableComponent
LogPluginManager: Mounting plugin CustomMeshComponent
LogPluginManager: Mounting plugin EditableMesh
LogPluginManager: Mounting plugin ExampleDeviceProfileSelector
LogPluginManager: Mounting plugin Firebase
LogPluginManager: Mounting plugin GoogleCloudMessaging
LogPluginManager: Mounting plugin IOSDeviceProfileSelector
LogPluginManager: Mounting plugin LinuxDeviceProfileSelector
LogPluginManager: Mounting plugin LocationServicesBPLibrary
LogPluginManager: Mounting plugin MobilePatchingUtils
LogPluginManager: Mounting plugin OculusVR
LogPluginManager: Mounting plugin PhysXVehicles
LogPluginManager: Mounting plugin ProceduralMeshComponent
LogPluginManager: Mounting plugin RuntimePhysXCooking
LogPluginManager: Mounting plugin SignificanceManager
LogPluginManager: Mounting plugin SteamVR
LogPluginManager: Mounting plugin WebMMoviePlayer
LogPluginManager: Mounting plugin WindowsMoviePlayer
LogInit: Using libcurl 7.55.1-DEV
LogInit:  - built for x86_64-pc-win32
LogInit:  - supports SSL with OpenSSL/1.1.1
LogInit:  - supports HTTP deflate (compression) using libz 1.2.8
LogInit:  - other features:
LogInit:      CURL_VERSION_SSL
LogInit:      CURL_VERSION_LIBZ
LogInit:      CURL_VERSION_IPV6
LogInit:      CURL_VERSION_ASYNCHDNS
LogInit:      CURL_VERSION_LARGEFILE
LogInit:      CURL_VERSION_IDN
LogInit:  CurlRequestOptions (configurable via config and command line):
LogInit:  - bVerifyPeer = true  - Libcurl will verify peer certificate
LogInit:  - bUseHttpProxy = false  - Libcurl will NOT use HTTP proxy
LogInit:  - bDontReuseConnections = false  - Libcurl will reuse connections
LogInit:  - MaxHostConnections = 16  - Libcurl will limit the number of connections to a host
LogInit:  - LocalHostAddr = Default
LogInit:  - BufferSize = 65536
LogInit: WinSock: version 1.1 (2.2), MaxSocks=32767, MaxUdp=65467
LogHMD: Failed initializing OVRPlugin 1.32.0
LogInit: Build: ++UE4+Release-4.22-CL-7053642
LogInit: Engine Version: 4.22.3-7053642+++UE4+Release-4.22
LogInit: Compatible Engine Version: 4.22.0-5660361+++UE4+Release-4.22
LogInit: Net CL: 5660361
LogInit: OS: Windows 10 (Release 2009) (), CPU: 12th Gen Intel(R) Core(TM) i5-12400F, GPU: NVIDIA GeForce RTX 3050
LogInit: Compiled (64-bit): Jun 18 2019 03:09:11
LogInit: Compiled with Visual C++: 19.16.27025.01
LogInit: Build Configuration: Development
LogInit: Branch Name: ++UE4+Release-4.22
LogInit: Command Line: 
LogInit: Base Directory: C:/Games/UE_4.22/Engine/Binaries/Win64/
LogInit: Installed Engine Build: 1
LogDevObjectVersion: Number of dev versions registered: 23
LogDevObjectVersion:   Dev-Blueprints (B0D832E4-1F89-4F0D-ACCF-7EB736FD4AA2): 10
LogDevObjectVersion:   Dev-Build (E1C64328-A22C-4D53-A36C-8E866417BD8C): 0
LogDevObjectVersion:   Dev-Core (375EC13C-06E4-48FB-B500-84F0262A717E): 3
LogDevObjectVersion:   Dev-Editor (E4B068ED-F494-42E9-A231-DA0B2E46BB41): 30
LogDevObjectVersion:   Dev-Framework (CFFC743F-43B0-4480-9391-14DF171D2073): 35
LogDevObjectVersion:   Dev-Mobile (B02B49B5-BB20-44E9-A304-32B752E40360): 2
LogDevObjectVersion:   Dev-Networking (A4E4105C-59A1-49B5-A7C5-40C4547EDFEE): 0
LogDevObjectVersion:   Dev-Online (39C831C9-5AE6-47DC-9A44-9C173E1C8E7C): 0
LogDevObjectVersion:   Dev-Physics (78F01B33-EBEA-4F98-B9B4-84EACCB95AA2): 0
LogDevObjectVersion:   Dev-Platform (6631380F-2D4D-43E0-8009-CF276956A95A): 0
LogDevObjectVersion:   Dev-Rendering (12F88B9F-8875-4AFC-A67C-D90C383ABD29): 28
LogDevObjectVersion:   Dev-Sequencer (7B5AE74C-D270-4C10-A958-57980B212A5A): 11
LogDevObjectVersion:   Dev-VR (D7296918-1DD6-4BDD-9DE2-64A83CC13884): 2
LogDevObjectVersion:   Dev-LoadTimes (C2A15278-BFE7-4AFE-6C17-90FF531DF755): 1
LogDevObjectVersion:   Private-Geometry (6EACA3D4-40EC-4CC1-B786-8BED09428FC5): 3
LogDevObjectVersion:   Dev-AnimPhys (29E575DD-E0A3-4627-9D10-D276232CDCEA): 17
LogDevObjectVersion:   Dev-Anim (AF43A65D-7FD3-4947-9873-3E8ED9C1BB05): 2
LogDevObjectVersion:   Dev-ReflectionCapture (6B266CEC-1EC7-4B8F-A30B-E4D90942FC07): 1
LogDevObjectVersion:   Dev-Automation (0DF73D61-A23F-47EA-B727-89E90C41499A): 1
LogDevObjectVersion:   FortniteMain (601D1886-AC64-4F84-AA16-D3DE0DEAC7D6): 25
LogDevObjectVersion:   Dev-Enterprise (9DFFBCD6-494F-0158-E221-12823C92A888): 6
LogDevObjectVersion:   Dev-Niagara (F2AED0AC-9AFE-416F-8664-AA7FFA26D6FC): 1
LogDevObjectVersion:   Dev-Destruction (174F1F0B-B4C6-45A5-B13F-2EE8D0FB917D): 2
LogInit: Presizing for max 16777216 objects, including 0 objects not considered by GC, pre-allocating 0 bytes for permanent pool.
LogInit: Object subsystem initialized
LogConfig: Setting CVar [[con.DebugEarlyDefault:1]]
LogConfig: Setting CVar [[r.setres:1280x720]]
[2024.12.08-12.43.34:302][  0]LogConfig: Setting CVar [[r.VSync:0]]
[2024.12.08-12.43.34:302][  0]LogConfig: Setting CVar [[r.RHICmdBypass:0]]
[2024.12.08-12.43.34:302][  0]LogConfig: Applying CVar settings from Section [/Script/Engine.RendererSettings] File [C:/Users/Mike/Documents/Unreal Projects/MyFirstProject/Saved/Config/Windows/Engine.ini]
[2024.12.08-12.43.34:302][  0]LogConfig: Setting CVar [[r.GPUCrashDebugging:0]]
[2024.12.08-12.43.34:302][  0]LogConfig: Setting CVar [[r.DefaultFeature.AutoExposure.ExtendDefaultLuminanceRange:1]]
[2024.12.08-12.43.34:302][  0]LogConfig: Applying CVar settings from Section [/Script/Engine.RendererOverrideSettings] File [C:/Users/Mike/Documents/Unreal Projects/MyFirstProject/Saved/Config/Windows/Engine.ini]
[2024.12.08-12.43.34:302][  0]LogConfig: Applying CVar settings from Section [/Script/Engine.StreamingSettings] File [C:/Users/Mike/Documents/Unreal Projects/MyFirstProject/Saved/Config/Windows/Engine.ini]
[2024.12.08-12.43.34:302][  0]LogConfig: Setting CVar [[s.MinBulkDataSizeForAsyncLoading:131072]]
[2024.12.08-12.43.34:302][  0]LogConfig: Setting CVar [[s.AsyncLoadingThreadEnabled:0]]
[2024.12.08-12.43.34:302][  0]LogConfig: Setting CVar [[s.EventDrivenLoaderEnabled:1]]
[2024.12.08-12.43.34:302][  0]LogConfig: Setting CVar [[s.WarnIfTimeLimitExceeded:0]]
[2024.12.08-12.43.34:302][  0]LogConfig: Setting CVar [[s.TimeLimitExceededMultiplier:1.5]]
[2024.12.08-12.43.34:302][  0]LogConfig: Setting CVar [[s.TimeLimitExceededMinTime:0.005]]
[2024.12.08-12.43.34:302][  0]LogConfig: Setting CVar [[s.UseBackgroundLevelStreaming:1]]
[2024.12.08-12.43.34:302][  0]LogConfig: Setting CVar [[s.PriorityAsyncLoadingExtraTime:15.0]]
[2024.12.08-12.43.34:302][  0]LogConfig: Setting CVar [[s.LevelStreamingActorsUpdateTimeLimit:5.0]]
[2024.12.08-12.43.34:302][  0]LogConfig: Setting CVar [[s.PriorityLevelStreamingActorsUpdateExtraTime:5.0]]
[2024.12.08-12.43.34:302][  0]LogConfig: Setting CVar [[s.LevelStreamingComponentsRegistrationGranularity:10]]
[2024.12.08-12.43.34:302][  0]LogConfig: Setting CVar [[s.UnregisterComponentsTimeLimit:1.0]]
[2024.12.08-12.43.34:302][  0]LogConfig: Setting CVar [[s.LevelStreamingComponentsUnregistrationGranularity:5]]
[2024.12.08-12.43.34:302][  0]LogConfig: Applying CVar settings from Section [/Script/Engine.GarbageCollectionSettings] File [C:/Users/Mike/Documents/Unreal Projects/MyFirstProject/Saved/Config/Windows/Engine.ini]
[2024.12.08-12.43.34:302][  0]LogConfig: Setting CVar [[gc.MaxObjectsNotConsideredByGC:1]]
[2024.12.08-12.43.34:302][  0]LogConfig: Setting CVar [[gc.SizeOfPermanentObjectPool:0]]
[2024.12.08-12.43.34:302][  0]LogConfig: Setting CVar [[gc.FlushStreamingOnGC:0]]
[2024.12.08-12.43.34:302][  0]LogConfig: Setting CVar [[gc.NumRetriesBeforeForcingGC:10]]
[2024.12.08-12.43.34:302][  0]LogConfig: Setting CVar [[gc.AllowParallelGC:1]]
[2024.12.08-12.43.34:302][  0]LogConfig: Setting CVar [[gc.TimeBetweenPurgingPendingKillObjects:61.1]]
[2024.12.08-12.43.34:302][  0]LogConfig: Setting CVar [[gc.MaxObjectsInEditor:16777216]]
[2024.12.08-12.43.34:302][  0]LogConfig: Setting CVar [[gc.IncrementalBeginDestroyEnabled:1]]
[2024.12.08-12.43.34:302][  0]LogConfig: Setting CVar [[gc.CreateGCClusters:1]]
[2024.12.08-12.43.34:302][  0]LogConfig: Setting CVar [[gc.MinGCClusterSize:5]]
[2024.12.08-12.43.34:302][  0]LogConfig: Setting CVar [[gc.ActorClusteringEnabled:0]]
[2024.12.08-12.43.34:302][  0]LogConfig: Setting CVar [[gc.BlueprintClusteringEnabled:0]]
[2024.12.08-12.43.34:302][  0]LogConfig: Setting CVar [[gc.UseDisregardForGCOnDedicatedServers:0]]
[2024.12.08-12.43.34:302][  0]LogConfig: Applying CVar settings from Section [/Script/Engine.NetworkSettings] File [C:/Users/Mike/Documents/Unreal Projects/MyFirstProject/Saved/Config/Windows/Engine.ini]
[2024.12.08-12.43.34:302][  0]LogConfig: Applying CVar settings from Section [/Script/UnrealEd.CookerSettings] File [C:/Users/Mike/Documents/Unreal Projects/MyFirstProject/Saved/Config/Windows/Engine.ini]
[2024.12.08-12.43.34:305][  0]LogConfig: Applying CVar settings from Section [ViewDistanceQuality@3] File [C:/Users/Mike/Documents/Unreal Projects/MyFirstProject/Saved/Config/Windows/Scalability.ini]
[2024.12.08-12.43.34:305][  0]LogConfig: Setting CVar [[r.SkeletalMeshLODBias:0]]
[2024.12.08-12.43.34:305][  0]LogConfig: Setting CVar [[r.ViewDistanceScale:1.0]]
[2024.12.08-12.43.34:305][  0]LogConfig: Applying CVar settings from Section [AntiAliasingQuality@3] File [C:/Users/Mike/Documents/Unreal Projects/MyFirstProject/Saved/Config/Windows/Scalability.ini]
[2024.12.08-12.43.34:305][  0]LogConfig: Setting CVar [[r.PostProcessAAQuality:4]]
[2024.12.08-12.43.34:305][  0]LogConfig: Applying CVar settings from Section [ShadowQuality@3] File [C:/Users/Mike/Documents/Unreal Projects/MyFirstProject/Saved/Config/Windows/Scalability.ini]
[2024.12.08-12.43.34:305][  0]LogConfig: Setting CVar [[r.LightFunctionQuality:1]]
[2024.12.08-12.43.34:305][  0]LogConfig: Setting CVar [[r.ShadowQuality:5]]
[2024.12.08-12.43.34:305][  0]LogConfig: Setting CVar [[r.Shadow.CSM.MaxCascades:10]]
[2024.12.08-12.43.34:305][  0]LogConfig: Setting CVar [[r.Shadow.MaxResolution:2048]]
[2024.12.08-12.43.34:305][  0]LogConfig: Setting CVar [[r.Shadow.MaxCSMResolution:2048]]
[2024.12.08-12.43.34:305][  0]LogConfig: Setting CVar [[r.Shadow.RadiusThreshold:0.01]]
[2024.12.08-12.43.34:305][  0]LogConfig: Setting CVar [[r.Shadow.DistanceScale:1.0]]
[2024.12.08-12.43.34:305][  0]LogConfig: Setting CVar [[r.Shadow.CSM.TransitionScale:1.0]]
[2024.12.08-12.43.34:305][  0]LogConfig: Setting CVar [[r.Shadow.PreShadowResolutionFactor:1.0]]
[2024.12.08-12.43.34:305][  0]LogConfig: Setting CVar [[r.DistanceFieldShadowing:1]]
[2024.12.08-12.43.34:305][  0]LogConfig: Setting CVar [[r.DistanceFieldAO:1]]
[2024.12.08-12.43.34:305][  0]LogConfig: Setting CVar [[r.AOQuality:2]]
[2024.12.08-12.43.34:305][  0]LogConfig: Setting CVar [[r.VolumetricFog:1]]
[2024.12.08-12.43.34:305][  0]LogConfig: Setting CVar [[r.VolumetricFog.GridPixelSize:8]]
[2024.12.08-12.43.34:305][  0]LogConfig: Setting CVar [[r.VolumetricFog.GridSizeZ:128]]
[2024.12.08-12.43.34:305][  0]LogConfig: Setting CVar [[r.VolumetricFog.HistoryMissSupersampleCount:4]]
[2024.12.08-12.43.34:305][  0]LogConfig: Setting CVar [[r.LightMaxDrawDistanceScale:1]]
[2024.12.08-12.43.34:305][  0]LogConfig: Setting CVar [[r.CapsuleShadows:1]]
[2024.12.08-12.43.34:305][  0]LogConfig: Applying CVar settings from Section [PostProcessQuality@3] File [C:/Users/Mike/Documents/Unreal Projects/MyFirstProject/Saved/Config/Windows/Scalability.ini]
[2024.12.08-12.43.34:305][  0]LogConfig: Setting CVar [[r.MotionBlurQuality:4]]
[2024.12.08-12.43.34:305][  0]LogConfig: Setting CVar [[r.AmbientOcclusionMipLevelFactor:0.4]]
[2024.12.08-12.43.34:305][  0]LogConfig: Setting CVar [[r.AmbientOcclusionMaxQuality:100]]
[2024.12.08-12.43.34:305][  0]LogConfig: Setting CVar [[r.AmbientOcclusionLevels:-1]]
[2024.12.08-12.43.34:305][  0]LogConfig: Setting CVar [[r.AmbientOcclusionRadiusScale:1.0]]
[2024.12.08-12.43.34:305][  0]LogConfig: Setting CVar [[r.DepthOfFieldQuality:2]]
[2024.12.08-12.43.34:305][  0]LogConfig: Setting CVar [[r.RenderTargetPoolMin:400]]
[2024.12.08-12.43.34:305][  0]LogConfig: Setting CVar [[r.LensFlareQuality:2]]
[2024.12.08-12.43.34:305][  0]LogConfig: Setting CVar [[r.SceneColorFringeQuality:1]]
[2024.12.08-12.43.34:305][  0]LogConfig: Setting CVar [[r.EyeAdaptationQuality:2]]
[2024.12.08-12.43.34:305][  0]LogConfig: Setting CVar [[r.BloomQuality:5]]
[2024.12.08-12.43.34:305][  0]LogConfig: Setting CVar [[r.FastBlurThreshold:100]]
[2024.12.08-12.43.34:305][  0]LogConfig: Setting CVar [[r.Upscale.Quality:3]]
[2024.12.08-12.43.34:305][  0]LogConfig: Setting CVar [[r.Tonemapper.GrainQuantization:1]]
[2024.12.08-12.43.34:305][  0]LogConfig: Setting CVar [[r.LightShaftQuality:1]]
[2024.12.08-12.43.34:305][  0]LogConfig: Setting CVar [[r.Filter.SizeScale:1]]
[2024.12.08-12.43.34:305][  0]LogConfig: Setting CVar [[r.Tonemapper.Quality:5]]
[2024.12.08-12.43.34:305][  0]LogConfig: Setting CVar [[r.DOF.Gather.AccumulatorQuality:1        ; higher gathering accumulator quality]]
[2024.12.08-12.43.34:305][  0]LogConfig: Setting CVar [[r.DOF.Gather.PostfilterMethod:1          ; Median3x3 postfilering method]]
[2024.12.08-12.43.34:305][  0]LogConfig: Setting CVar [[r.DOF.Gather.EnableBokehSettings:0       ; no bokeh simulation when gathering]]
[2024.12.08-12.43.34:305][  0]LogConfig: Setting CVar [[r.DOF.Gather.RingCount:4                 ; medium number of samples when gathering]]
[2024.12.08-12.43.34:305][  0]LogConfig: Setting CVar [[r.DOF.Scatter.ForegroundCompositing:1    ; additive foreground scattering]]
[2024.12.08-12.43.34:305][  0]LogConfig: Setting CVar [[r.DOF.Scatter.BackgroundCompositing:2    ; additive background scattering]]
[2024.12.08-12.43.34:305][  0]LogConfig: Setting CVar [[r.DOF.Scatter.EnableBokehSettings:1      ; bokeh simulation when scattering]]
[2024.12.08-12.43.34:305][  0]LogConfig: Setting CVar [[r.DOF.Scatter.MaxSpriteRatio:0.1         ; only a maximum of 10% of scattered bokeh]]
[2024.12.08-12.43.34:305][  0]LogConfig: Setting CVar [[r.DOF.Recombine.Quality:1                ; cheap slight out of focus]]
[2024.12.08-12.43.34:305][  0]LogConfig: Setting CVar [[r.DOF.Recombine.EnableBokehSettings:0    ; no bokeh simulation on slight out of focus]]
[2024.12.08-12.43.34:305][  0]LogConfig: Setting CVar [[r.DOF.TemporalAAQuality:1                ; more stable temporal accumulation]]
[2024.12.08-12.43.34:305][  0]LogConfig: Setting CVar [[r.DOF.Kernel.MaxForegroundRadius:0.025]]
[2024.12.08-12.43.34:305][  0]LogConfig: Setting CVar [[r.DOF.Kernel.MaxBackgroundRadius:0.025]]
[2024.12.08-12.43.34:305][  0]LogConfig: Applying CVar settings from Section [TextureQuality@3] File [C:/Users/Mike/Documents/Unreal Projects/MyFirstProject/Saved/Config/Windows/Scalability.ini]
[2024.12.08-12.43.34:305][  0]LogConfig: Setting CVar [[r.Streaming.MipBias:0]]
[2024.12.08-12.43.34:305][  0]LogConfig: Setting CVar [[r.Streaming.AmortizeCPUToGPUCopy:0]]
[2024.12.08-12.43.34:305][  0]LogConfig: Setting CVar [[r.Streaming.MaxNumTexturesToStreamPerFrame:0]]
[2024.12.08-12.43.34:305][  0]LogConfig: Setting CVar [[r.Streaming.Boost:1]]
[2024.12.08-12.43.34:305][  0]LogConfig: Setting CVar [[r.MaxAnisotropy:8]]
[2024.12.08-12.43.34:305][  0]LogConfig: Setting CVar [[r.Streaming.LimitPoolSizeToVRAM:0]]
[2024.12.08-12.43.34:305][  0]LogConfig: Setting CVar [[r.Streaming.PoolSize:1000]]
[2024.12.08-12.43.34:305][  0]LogConfig: Setting CVar [[r.Streaming.MaxEffectiveScreenSize:0]]
[2024.12.08-12.43.34:305][  0]LogConfig: Applying CVar settings from Section [EffectsQuality@3] File [C:/Users/Mike/Documents/Unreal Projects/MyFirstProject/Saved/Config/Windows/Scalability.ini]
[2024.12.08-12.43.34:305][  0]LogConfig: Setting CVar [[r.TranslucencyLightingVolumeDim:64]]
[2024.12.08-12.43.34:305][  0]LogConfig: Setting CVar [[r.RefractionQuality:2]]
[2024.12.08-12.43.34:305][  0]LogConfig: Setting CVar [[r.SSR.Quality:3]]
[2024.12.08-12.43.34:305][  0]LogConfig: Setting CVar [[r.SceneColorFormat:4]]
[2024.12.08-12.43.34:305][  0]LogConfig: Setting CVar [[r.DetailMode:2]]
[2024.12.08-12.43.34:305][  0]LogConfig: Setting CVar [[r.TranslucencyVolumeBlur:1]]
[2024.12.08-12.43.34:305][  0]LogConfig: Setting CVar [[r.MaterialQualityLevel:1 ; High quality]]
[2024.12.08-12.43.34:305][  0]LogConfig: Setting CVar [[r.SSS.Scale:1]]
[2024.12.08-12.43.34:305][  0]LogConfig: Setting CVar [[r.SSS.SampleSet:2]]
[2024.12.08-12.43.34:305][  0]LogConfig: Setting CVar [[r.SSS.Quality:1]]
[2024.12.08-12.43.34:305][  0]LogConfig: Setting CVar [[r.SSS.HalfRes:1]]
[2024.12.08-12.43.34:305][  0]LogConfig: Setting CVar [[r.EmitterSpawnRateScale:1.0]]
[2024.12.08-12.43.34:305][  0]LogConfig: Setting CVar [[r.ParticleLightQuality:2]]
[2024.12.08-12.43.34:305][  0]LogConfig: Applying CVar settings from Section [FoliageQuality@3] File [C:/Users/Mike/Documents/Unreal Projects/MyFirstProject/Saved/Config/Windows/Scalability.ini]
[2024.12.08-12.43.34:305][  0]LogConfig: Setting CVar [[foliage.DensityScale:1.0]]
[2024.12.08-12.43.34:305][  0]LogConfig: Setting CVar [[grass.DensityScale:1.0]]
[2024.12.08-12.43.34:306][  0]LogInit: Selected Device Profile: [Windows]
[2024.12.08-12.43.34:306][  0]LogInit: Applying CVar settings loaded from the selected device profile: [Windows]
[2024.12.08-12.43.34:319][  0]LogHAL: Display: Platform has ~ 32 GB [34190725120 / 34359738368 / 32], which maps to Largest [LargestMinGB=32, LargerMinGB=12, DefaultMinGB=8, SmallerMinGB=6, SmallestMinGB=0)
[2024.12.08-12.43.34:319][  0]LogConfig: Setting CVar [[r.Vulkan.UseRealUBs:0		; Required until we fix HLR fall-out]]
[2024.12.08-12.43.34:319][  0]LogInit: Going up to parent DeviceProfile []
[2024.12.08-12.43.34:319][  0]LogConfig: Applying CVar settings from Section [ViewDistanceQuality@3] File [C:/Users/Mike/Documents/Unreal Projects/MyFirstProject/Saved/Config/Windows/Scalability.ini]
[2024.12.08-12.43.34:319][  0]LogConfig: Setting CVar [[r.SkeletalMeshLODBias:0]]
[2024.12.08-12.43.34:319][  0]LogConfig: Setting CVar [[r.ViewDistanceScale:1.0]]
[2024.12.08-12.43.34:319][  0]LogConfig: Applying CVar settings from Section [AntiAliasingQuality@3] File [C:/Users/Mike/Documents/Unreal Projects/MyFirstProject/Saved/Config/Windows/Scalability.ini]
[2024.12.08-12.43.34:319][  0]LogConfig: Setting CVar [[r.PostProcessAAQuality:4]]
[2024.12.08-12.43.34:319][  0]LogConfig: Applying CVar settings from Section [ShadowQuality@3] File [C:/Users/Mike/Documents/Unreal Projects/MyFirstProject/Saved/Config/Windows/Scalability.ini]
[2024.12.08-12.43.34:319][  0]LogConfig: Setting CVar [[r.LightFunctionQuality:1]]
[2024.12.08-12.43.34:319][  0]LogConfig: Setting CVar [[r.ShadowQuality:5]]
[2024.12.08-12.43.34:319][  0]LogConfig: Setting CVar [[r.Shadow.CSM.MaxCascades:10]]
[2024.12.08-12.43.34:319][  0]LogConfig: Setting CVar [[r.Shadow.MaxResolution:2048]]
[2024.12.08-12.43.34:319][  0]LogConfig: Setting CVar [[r.Shadow.MaxCSMResolution:2048]]
[2024.12.08-12.43.34:319][  0]LogConfig: Setting CVar [[r.Shadow.RadiusThreshold:0.01]]
[2024.12.08-12.43.34:319][  0]LogConfig: Setting CVar [[r.Shadow.DistanceScale:1.0]]
[2024.12.08-12.43.34:319][  0]LogConfig: Setting CVar [[r.Shadow.CSM.TransitionScale:1.0]]
[2024.12.08-12.43.34:319][  0]LogConfig: Setting CVar [[r.Shadow.PreShadowResolutionFactor:1.0]]
[2024.12.08-12.43.34:319][  0]LogConfig: Setting CVar [[r.DistanceFieldShadowing:1]]
[2024.12.08-12.43.34:319][  0]LogConfig: Setting CVar [[r.DistanceFieldAO:1]]
[2024.12.08-12.43.34:319][  0]LogConfig: Setting CVar [[r.AOQuality:2]]
[2024.12.08-12.43.34:319][  0]LogConfig: Setting CVar [[r.VolumetricFog:1]]
[2024.12.08-12.43.34:319][  0]LogConfig: Setting CVar [[r.VolumetricFog.GridPixelSize:8]]
[2024.12.08-12.43.34:319][  0]LogConfig: Setting CVar [[r.VolumetricFog.GridSizeZ:128]]
[2024.12.08-12.43.34:319][  0]LogConfig: Setting CVar [[r.VolumetricFog.HistoryMissSupersampleCount:4]]
[2024.12.08-12.43.34:319][  0]LogConfig: Setting CVar [[r.LightMaxDrawDistanceScale:1]]
[2024.12.08-12.43.34:319][  0]LogConfig: Setting CVar [[r.CapsuleShadows:1]]
[2024.12.08-12.43.34:319][  0]LogConfig: Applying CVar settings from Section [PostProcessQuality@3] File [C:/Users/Mike/Documents/Unreal Projects/MyFirstProject/Saved/Config/Windows/Scalability.ini]
[2024.12.08-12.43.34:319][  0]LogConfig: Setting CVar [[r.MotionBlurQuality:4]]
[2024.12.08-12.43.34:319][  0]LogConfig: Setting CVar [[r.AmbientOcclusionMipLevelFactor:0.4]]
[2024.12.08-12.43.34:319][  0]LogConfig: Setting CVar [[r.AmbientOcclusionMaxQuality:100]]
[2024.12.08-12.43.34:319][  0]LogConfig: Setting CVar [[r.AmbientOcclusionLevels:-1]]
[2024.12.08-12.43.34:319][  0]LogConfig: Setting CVar [[r.AmbientOcclusionRadiusScale:1.0]]
[2024.12.08-12.43.34:319][  0]LogConfig: Setting CVar [[r.DepthOfFieldQuality:2]]
[2024.12.08-12.43.34:319][  0]LogConfig: Setting CVar [[r.RenderTargetPoolMin:400]]
[2024.12.08-12.43.34:319][  0]LogConfig: Setting CVar [[r.LensFlareQuality:2]]
[2024.12.08-12.43.34:319][  0]LogConfig: Setting CVar [[r.SceneColorFringeQuality:1]]
[2024.12.08-12.43.34:319][  0]LogConfig: Setting CVar [[r.EyeAdaptationQuality:2]]
[2024.12.08-12.43.34:319][  0]LogConfig: Setting CVar [[r.BloomQuality:5]]
[2024.12.08-12.43.34:319][  0]LogConfig: Setting CVar [[r.FastBlurThreshold:100]]
[2024.12.08-12.43.34:319][  0]LogConfig: Setting CVar [[r.Upscale.Quality:3]]
[2024.12.08-12.43.34:319][  0]LogConfig: Setting CVar [[r.Tonemapper.GrainQuantization:1]]
[2024.12.08-12.43.34:319][  0]LogConfig: Setting CVar [[r.LightShaftQuality:1]]
[2024.12.08-12.43.34:319][  0]LogConfig: Setting CVar [[r.Filter.SizeScale:1]]
[2024.12.08-12.43.34:319][  0]LogConfig: Setting CVar [[r.Tonemapper.Quality:5]]
[2024.12.08-12.43.34:319][  0]LogConfig: Setting CVar [[r.DOF.Gather.AccumulatorQuality:1        ; higher gathering accumulator quality]]
[2024.12.08-12.43.34:319][  0]LogConfig: Setting CVar [[r.DOF.Gather.PostfilterMethod:1          ; Median3x3 postfilering method]]
[2024.12.08-12.43.34:319][  0]LogConfig: Setting CVar [[r.DOF.Gather.EnableBokehSettings:0       ; no bokeh simulation when gathering]]
[2024.12.08-12.43.34:319][  0]LogConfig: Setting CVar [[r.DOF.Gather.RingCount:4                 ; medium number of samples when gathering]]
[2024.12.08-12.43.34:319][  0]LogConfig: Setting CVar [[r.DOF.Scatter.ForegroundCompositing:1    ; additive foreground scattering]]
[2024.12.08-12.43.34:319][  0]LogConfig: Setting CVar [[r.DOF.Scatter.BackgroundCompositing:2    ; additive background scattering]]
[2024.12.08-12.43.34:319][  0]LogConfig: Setting CVar [[r.DOF.Scatter.EnableBokehSettings:1      ; bokeh simulation when scattering]]
[2024.12.08-12.43.34:319][  0]LogConfig: Setting CVar [[r.DOF.Scatter.MaxSpriteRatio:0.1         ; only a maximum of 10% of scattered bokeh]]
[2024.12.08-12.43.34:319][  0]LogConfig: Setting CVar [[r.DOF.Recombine.Quality:1                ; cheap slight out of focus]]
[2024.12.08-12.43.34:319][  0]LogConfig: Setting CVar [[r.DOF.Recombine.EnableBokehSettings:0    ; no bokeh simulation on slight out of focus]]
[2024.12.08-12.43.34:319][  0]LogConfig: Setting CVar [[r.DOF.TemporalAAQuality:1                ; more stable temporal accumulation]]
[2024.12.08-12.43.34:319][  0]LogConfig: Setting CVar [[r.DOF.Kernel.MaxForegroundRadius:0.025]]
[2024.12.08-12.43.34:319][  0]LogConfig: Setting CVar [[r.DOF.Kernel.MaxBackgroundRadius:0.025]]
[2024.12.08-12.43.34:319][  0]LogConfig: Applying CVar settings from Section [TextureQuality@3] File [C:/Users/Mike/Documents/Unreal Projects/MyFirstProject/Saved/Config/Windows/Scalability.ini]
[2024.12.08-12.43.34:319][  0]LogConfig: Setting CVar [[r.Streaming.MipBias:0]]
[2024.12.08-12.43.34:319][  0]LogConfig: Setting CVar [[r.Streaming.AmortizeCPUToGPUCopy:0]]
[2024.12.08-12.43.34:319][  0]LogConfig: Setting CVar [[r.Streaming.MaxNumTexturesToStreamPerFrame:0]]
[2024.12.08-12.43.34:319][  0]LogConfig: Setting CVar [[r.Streaming.Boost:1]]
[2024.12.08-12.43.34:319][  0]LogConfig: Setting CVar [[r.MaxAnisotropy:8]]
[2024.12.08-12.43.34:319][  0]LogConfig: Setting CVar [[r.Streaming.LimitPoolSizeToVRAM:0]]
[2024.12.08-12.43.34:319][  0]LogConfig: Setting CVar [[r.Streaming.PoolSize:1000]]
[2024.12.08-12.43.34:319][  0]LogConfig: Setting CVar [[r.Streaming.MaxEffectiveScreenSize:0]]
[2024.12.08-12.43.34:319][  0]LogConfig: Applying CVar settings from Section [EffectsQuality@3] File [C:/Users/Mike/Documents/Unreal Projects/MyFirstProject/Saved/Config/Windows/Scalability.ini]
[2024.12.08-12.43.34:319][  0]LogConfig: Setting CVar [[r.TranslucencyLightingVolumeDim:64]]
[2024.12.08-12.43.34:319][  0]LogConfig: Setting CVar [[r.RefractionQuality:2]]
[2024.12.08-12.43.34:319][  0]LogConfig: Setting CVar [[r.SSR.Quality:3]]
[2024.12.08-12.43.34:319][  0]LogConfig: Setting CVar [[r.SceneColorFormat:4]]
[2024.12.08-12.43.34:319][  0]LogConfig: Setting CVar [[r.DetailMode:2]]
[2024.12.08-12.43.34:319][  0]LogConfig: Setting CVar [[r.TranslucencyVolumeBlur:1]]
[2024.12.08-12.43.34:319][  0]LogConfig: Setting CVar [[r.MaterialQualityLevel:1 ; High quality]]
[2024.12.08-12.43.34:319][  0]LogConfig: Setting CVar [[r.SSS.Scale:1]]
[2024.12.08-12.43.34:319][  0]LogConfig: Setting CVar [[r.SSS.SampleSet:2]]
[2024.12.08-12.43.34:319][  0]LogConfig: Setting CVar [[r.SSS.Quality:1]]
[2024.12.08-12.43.34:319][  0]LogConfig: Setting CVar [[r.SSS.HalfRes:1]]
[2024.12.08-12.43.34:319][  0]LogConfig: Setting CVar [[r.EmitterSpawnRateScale:1.0]]
[2024.12.08-12.43.34:319][  0]LogConfig: Setting CVar [[r.ParticleLightQuality:2]]
[2024.12.08-12.43.34:319][  0]LogConfig: Applying CVar settings from Section [FoliageQuality@3] File [C:/Users/Mike/Documents/Unreal Projects/MyFirstProject/Saved/Config/Windows/Scalability.ini]
[2024.12.08-12.43.34:319][  0]LogConfig: Setting CVar [[foliage.DensityScale:1.0]]
[2024.12.08-12.43.34:319][  0]LogConfig: Setting CVar [[grass.DensityScale:1.0]]
[2024.12.08-12.43.34:319][  0]LogConfig: Applying CVar settings from Section [Startup] File [../../../Engine/Config/ConsoleVariables.ini]
[2024.12.08-12.43.34:319][  0]LogConfig: Setting CVar [[net.UseAdaptiveNetUpdateFrequency:0]]
[2024.12.08-12.43.34:319][  0]LogConfig: Setting CVar [[p.chaos.AllowCreatePhysxBodies:1]]
[2024.12.08-12.43.34:319][  0]LogConfig: Applying CVar settings from Section [ConsoleVariables] File [C:/Users/Mike/Documents/Unreal Projects/MyFirstProject/Saved/Config/Windows/Engine.ini]
[2024.12.08-12.43.34:320][  0]LogInit: Computer: DESKTOP-83BQ40J
[2024.12.08-12.43.34:320][  0]LogInit: User: Mike
[2024.12.08-12.43.34:320][  0]LogInit: CPU Page size=4096, Cores=6
[2024.12.08-12.43.34:320][  0]LogInit: High frequency timer resolution =10.000000 MHz
[2024.12.08-12.43.34:320][  0]LogMemory: Memory total: Physical=31.8GB (32GB approx)
[2024.12.08-12.43.34:320][  0]LogMemory: Platform Memory Stats for Windows
[2024.12.08-12.43.34:320][  0]LogMemory: Process Physical Memory: 104.71 MB used, 108.58 MB peak
[2024.12.08-12.43.34:320][  0]LogMemory: Process Virtual Memory: 96.98 MB used, 96.98 MB peak
[2024.12.08-12.43.34:320][  0]LogMemory: Physical Memory: 11729.11 MB used,  20877.70 MB free, 32606.82 MB total
[2024.12.08-12.43.34:320][  0]LogMemory: Virtual Memory: 4695.46 MB used,  134213032.00 MB free, 134217728.00 MB total
[2024.12.08-12.43.34:343][  0]LogInit: Using OS detected language (en-US).
[2024.12.08-12.43.34:344][  0]LogInit: Using OS detected locale (en-US).
[2024.12.08-12.43.34:344][  0]LogTextLocalizationManager: No specific localization for 'en-US' exists, so the 'en' localization will be used.
[2024.12.08-12.43.34:456][  0]LogInit: Setting process to per monitor DPI aware
[2024.12.08-12.43.34:474][  0]LogSlate: New Slate User Created.  User Index 0, Is Virtual User: 0
[2024.12.08-12.43.34:474][  0]LogSlate: Slate User Registered.  User Index 0, Is Virtual User: 0
[2024.12.08-12.43.34:638][  0]LogHMD: Failed to initialize OpenVR with code 108
[2024.12.08-12.43.34:638][  0]LogD3D11RHI: D3D11 adapters:
[2024.12.08-12.43.34:736][  0]LogD3D11RHI:    0. 'NVIDIA GeForce RTX 3050' (Feature Level 11_0)
[2024.12.08-12.43.34:736][  0]LogD3D11RHI:       8042/0/16303 MB DedicatedVideo/DedicatedSystem/SharedSystem, Outputs:3, VendorId:0x10de
[2024.12.08-12.43.34:815][  0]LogD3D11RHI:    1. 'NVIDIA GeForce RTX 3050' (Feature Level 11_0)
[2024.12.08-12.43.34:815][  0]LogD3D11RHI:       8042/0/16303 MB DedicatedVideo/DedicatedSystem/SharedSystem, Outputs:0, VendorId:0x10de
[2024.12.08-12.43.34:817][  0]LogD3D11RHI:    2. 'Microsoft Basic Render Driver' (Feature Level 11_0)
[2024.12.08-12.43.34:817][  0]LogD3D11RHI:       0/0/16303 MB DedicatedVideo/DedicatedSystem/SharedSystem, Outputs:0, VendorId:0x1414
[2024.12.08-12.43.34:817][  0]LogD3D11RHI: Chosen D3D11 Adapter: 0
[2024.12.08-12.43.34:823][  0]LogD3D11RHI: Creating new Direct3DDevice
[2024.12.08-12.43.34:824][  0]LogD3D11RHI:     GPU DeviceId: 0x2507 (for the marketing name, search the web for "GPU Device Id")
[2024.12.08-12.43.34:824][  0]LogWindows: EnumDisplayDevices:
[2024.12.08-12.43.34:824][  0]LogWindows:    0. 'NVIDIA GeForce RTX 3050' (P:1 D:1)
[2024.12.08-12.43.34:824][  0]LogWindows:    1. 'NVIDIA GeForce RTX 3050' (P:0 D:1)
[2024.12.08-12.43.34:824][  0]LogWindows:    2. 'NVIDIA GeForce RTX 3050' (P:0 D:1)
[2024.12.08-12.43.34:824][  0]LogWindows:    3. 'NVIDIA GeForce RTX 3050' (P:0 D:0)
[2024.12.08-12.43.34:824][  0]LogWindows:    4. 'Meta Virtual Monitor' (P:0 D:0)
[2024.12.08-12.43.34:824][  0]LogWindows:    5. 'Meta Virtual Monitor' (P:0 D:0)
[2024.12.08-12.43.34:825][  0]LogWindows:    6. 'Meta Virtual Monitor' (P:0 D:0)
[2024.12.08-12.43.34:825][  0]LogWindows:    7. 'Meta Virtual Monitor' (P:0 D:0)
[2024.12.08-12.43.34:825][  0]LogWindows:    8. 'Meta Virtual Monitor' (P:0 D:0)
[2024.12.08-12.43.34:825][  0]LogWindows:    9. 'Meta Virtual Monitor' (P:0 D:0)
[2024.12.08-12.43.34:825][  0]LogWindows:    10. 'Meta Virtual Monitor' (P:0 D:0)
[2024.12.08-12.43.34:825][  0]LogWindows: DebugString: GetVideoDriverDetailsInvalid PrimaryIsNotTheChoosenAdapter GetVideoDriverDetailsInvalid PrimaryIsNotTheChoosenAdapter GetVideoDriverDetailsInvalid PrimaryIsNotTheChoosenAdapter GetVideoDriverDetailsInvalid PrimaryIsNotTheChoosenAdapter GetVideoDriverDetailsInvalid PrimaryIsNotTheChoosenAdapter GetVideoDriverDetailsInvalid PrimaryIsNotTheChoosenAdapter GetVideoDriverDetailsInvalid PrimaryIsNotTheChoosenAdapter FoundDriverCount:4 
[2024.12.08-12.43.34:825][  0]LogD3D11RHI:     Adapter Name: NVIDIA GeForce RTX 3050
[2024.12.08-12.43.34:825][  0]LogD3D11RHI:   Driver Version: 566.14 (internal:32.0.15.6614, unified:566.14)
[2024.12.08-12.43.34:825][  0]LogD3D11RHI:      Driver Date: 11-6-2024
[2024.12.08-12.43.34:825][  0]LogRHI: Texture pool is 5629 MB (70% of 8042 MB)
[2024.12.08-12.43.34:892][  0]LogD3D11RHI: Async texture creation enabled
[2024.12.08-12.43.34:897][  0]LogRendererCore: FGlobalReadBuffer::InitRHI
[2024.12.08-12.43.34:897][  0]LogRendererCore: FGlobalReadBuffer::InitRHI
[2024.12.08-12.43.34:897][  0]LogRendererCore: FGlobalReadBuffer::InitRHI
[2024.12.08-12.43.34:910][  0]LogD3D11RHI: GPU Timing Frequency: 1000.000000 (Debug: 2 2)
[2024.12.08-12.43.34:911][  0]LogD3D11RHI: HDR output is supported on display 0 (NvId: 0x80061080).
[2024.12.08-12.43.35:130][  0]LogTemp: Display: Module 'AllDesktopTargetPlatform' loaded TargetPlatform 'AllDesktop'
[2024.12.08-12.43.35:140][  0]LogTemp: Display: Module 'MacClientTargetPlatform' loaded TargetPlatform 'MacClient'
[2024.12.08-12.43.35:149][  0]LogTemp: Display: Module 'MacNoEditorTargetPlatform' loaded TargetPlatform 'MacNoEditor'
[2024.12.08-12.43.35:159][  0]LogTemp: Display: Module 'MacServerTargetPlatform' loaded TargetPlatform 'MacServer'
[2024.12.08-12.43.35:169][  0]LogTemp: Display: Module 'MacTargetPlatform' loaded TargetPlatform 'Mac'
[2024.12.08-12.43.35:180][  0]LogTemp: Display: Module 'WindowsClientTargetPlatform' loaded TargetPlatform 'WindowsClient'
[2024.12.08-12.43.35:189][  0]LogTemp: Display: Module 'WindowsNoEditorTargetPlatform' loaded TargetPlatform 'WindowsNoEditor'
[2024.12.08-12.43.35:200][  0]LogTemp: Display: Module 'WindowsServerTargetPlatform' loaded TargetPlatform 'WindowsServer'
[2024.12.08-12.43.35:204][  0]LogTemp: Display: Module 'WindowsTargetPlatform' loaded TargetPlatform 'Windows'
[2024.12.08-12.43.35:260][  0]LogTemp: Display: Module 'AndroidTargetPlatform' loaded TargetPlatform 'Android'
[2024.12.08-12.43.35:260][  0]LogTemp: Display: Module 'AndroidTargetPlatform' loaded TargetPlatform 'Android_ASTC'
[2024.12.08-12.43.35:260][  0]LogTemp: Display: Module 'AndroidTargetPlatform' loaded TargetPlatform 'Android_ATC'
[2024.12.08-12.43.35:260][  0]LogTemp: Display: Module 'AndroidTargetPlatform' loaded TargetPlatform 'Android_DXT'
[2024.12.08-12.43.35:260][  0]LogTemp: Display: Module 'AndroidTargetPlatform' loaded TargetPlatform 'Android_ETC1'
[2024.12.08-12.43.35:260][  0]LogTemp: Display: Module 'AndroidTargetPlatform' loaded TargetPlatform 'Android_ETC1a'
[2024.12.08-12.43.35:260][  0]LogTemp: Display: Module 'AndroidTargetPlatform' loaded TargetPlatform 'Android_ETC2'
[2024.12.08-12.43.35:260][  0]LogTemp: Display: Module 'AndroidTargetPlatform' loaded TargetPlatform 'Android_PVRTC'
[2024.12.08-12.43.35:260][  0]LogTemp: Display: Module 'AndroidTargetPlatform' loaded TargetPlatform 'AndroidClient'
[2024.12.08-12.43.35:260][  0]LogTemp: Display: Module 'AndroidTargetPlatform' loaded TargetPlatform 'Android_ASTCClient'
[2024.12.08-12.43.35:260][  0]LogTemp: Display: Module 'AndroidTargetPlatform' loaded TargetPlatform 'Android_ATCClient'
[2024.12.08-12.43.35:260][  0]LogTemp: Display: Module 'AndroidTargetPlatform' loaded TargetPlatform 'Android_DXTClient'
[2024.12.08-12.43.35:260][  0]LogTemp: Display: Module 'AndroidTargetPlatform' loaded TargetPlatform 'Android_ETC1Client'
[2024.12.08-12.43.35:260][  0]LogTemp: Display: Module 'AndroidTargetPlatform' loaded TargetPlatform 'Android_ETC1aClient'
[2024.12.08-12.43.35:260][  0]LogTemp: Display: Module 'AndroidTargetPlatform' loaded TargetPlatform 'Android_ETC2Client'
[2024.12.08-12.43.35:260][  0]LogTemp: Display: Module 'AndroidTargetPlatform' loaded TargetPlatform 'Android_PVRTCClient'
[2024.12.08-12.43.35:260][  0]LogTemp: Display: Module 'AndroidTargetPlatform' loaded TargetPlatform 'Android_Multi'
[2024.12.08-12.43.35:260][  0]LogTemp: Display: Module 'AndroidTargetPlatform' loaded TargetPlatform 'Android_MultiClient'
[2024.12.08-12.43.35:262][  0]LogTemp: Display: Module 'HTML5TargetPlatform' loaded TargetPlatform 'HTML5'
[2024.12.08-12.43.35:301][  0]LogTemp: Display: Module 'IOSTargetPlatform' loaded TargetPlatform 'IOSClient'
[2024.12.08-12.43.35:301][  0]LogTemp: Display: Module 'IOSTargetPlatform' loaded TargetPlatform 'IOS'
[2024.12.08-12.43.35:319][  0]LogTemp: Display: Module 'TVOSTargetPlatform' loaded TargetPlatform 'TVOSClient'
[2024.12.08-12.43.35:319][  0]LogTemp: Display: Module 'TVOSTargetPlatform' loaded TargetPlatform 'TVOS'
[2024.12.08-12.43.35:328][  0]LogTemp: Display: Module 'LinuxClientTargetPlatform' loaded TargetPlatform 'LinuxClient'
[2024.12.08-12.43.35:339][  0]LogTemp: Display: Module 'LinuxNoEditorTargetPlatform' loaded TargetPlatform 'LinuxNoEditor'
[2024.12.08-12.43.35:348][  0]LogTemp: Display: Module 'LinuxServerTargetPlatform' loaded TargetPlatform 'LinuxServer'
[2024.12.08-12.43.35:358][  0]LogTemp: Display: Module 'LinuxTargetPlatform' loaded TargetPlatform 'Linux'
[2024.12.08-12.43.35:389][  0]LogTemp: Display: Module 'LuminTargetPlatform' loaded TargetPlatform 'Lumin'
[2024.12.08-12.43.35:389][  0]LogTemp: Display: Module 'LuminTargetPlatform' loaded TargetPlatform 'LuminClient'
[2024.12.08-12.43.35:389][  0]LogTargetPlatformManager: Display: Building Assets For Windows
[2024.12.08-12.43.35:394][  0]LogAudioDebug: Display: Lib vorbis DLL was dynamically loaded.
[2024.12.08-12.43.35:437][  0]LogShaderCompilers: Guid format shader working directory is -22 characters bigger than the processId version (../../../../../Users/Mike/Documents/Unreal Projects/MyFirstProject/Intermediate/Shaders/WorkingDirectory/45340/).
[2024.12.08-12.43.35:437][  0]LogShaderCompilers: Cleaned the shader compiler working directory 'C:/Users/Mike/AppData/Local/Temp/UnrealShaderWorkingDir/8C76B7364CF6201D28DDBFBDA612F248/'.
[2024.12.08-12.43.35:439][  0]LogXGEController: Cannot use XGE Controller as Incredibuild is not installed on this machine.
[2024.12.08-12.43.35:439][  0]LogShaderCompilers: Cannot use XGE Shader Compiler as Incredibuild is not installed on this machine.
[2024.12.08-12.43.35:439][  0]LogShaderCompilers: Display: Using Local Shader Compiler.
[2024.12.08-12.43.35:853][  0]LogDerivedDataCache: Display: Max Cache Size: 512 MB
[2024.12.08-12.43.35:898][  0]LogDerivedDataCache: Loaded boot cache 0.04s 71MB C:/Users/Mike/AppData/Local/UnrealEngine/4.22/DerivedDataCache/Boot.ddc.
[2024.12.08-12.43.35:898][  0]LogDerivedDataCache: Display: Loaded Boot cache: C:/Users/Mike/AppData/Local/UnrealEngine/4.22/DerivedDataCache/Boot.ddc
[2024.12.08-12.43.35:898][  0]LogDerivedDataCache: FDerivedDataBackendGraph:  Pak pak cache file ../../../../../Users/Mike/Documents/Unreal Projects/MyFirstProject/DerivedDataCache/DDC.ddp not found, will not use a pak cache.
[2024.12.08-12.43.35:898][  0]LogDerivedDataCache: Unable to find inner node Pak for hierarchical cache Hierarchy.
[2024.12.08-12.43.35:898][  0]LogDerivedDataCache: FDerivedDataBackendGraph:  CompressedPak pak cache file ../../../../../Users/Mike/Documents/Unreal Projects/MyFirstProject/DerivedDataCache/Compressed.ddp not found, will not use a pak cache.
[2024.12.08-12.43.35:898][  0]LogDerivedDataCache: Unable to find inner node CompressedPak for hierarchical cache Hierarchy.
[2024.12.08-12.43.35:909][  0]LogDerivedDataCache: Display: Pak cache opened for reading ../../../Engine/DerivedDataCache/Compressed.ddp.
[2024.12.08-12.43.35:909][  0]LogDerivedDataCache: FDerivedDataBackendGraph:  EnterprisePak pak cache file ../../../Enterprise/DerivedDataCache/Compressed.ddp not found, will not use a pak cache.
[2024.12.08-12.43.35:909][  0]LogDerivedDataCache: Unable to find inner node EnterprisePak for hierarchical cache Hierarchy.
[2024.12.08-12.43.35:921][  0]LogDerivedDataCache: Using Local data cache path C:/Users/Mike/AppData/Local/UnrealEngine/Common/DerivedDataCache: Writable
[2024.12.08-12.43.35:921][  0]LogDerivedDataCache: Shared data cache path not found in *engine.ini, will not use an Shared cache.
[2024.12.08-12.43.35:921][  0]LogDerivedDataCache: Unable to find inner node Shared for hierarchical cache Hierarchy.
[2024.12.08-12.43.35:939][  0]LogMaterial: Verifying Global Shaders for PCD3D_SM5
[2024.12.08-12.43.35:940][  0]LogSlate: Using FreeType 2.6.0
[2024.12.08-12.43.35:940][  0]LogSlate: SlateFontServices - WITH_FREETYPE: 1, WITH_HARFBUZZ: 1
[2024.12.08-12.43.36:014][  0]LogAssetRegistry: FAssetRegistry took 0.0313 seconds to start up
[2024.12.08-12.43.36:367][  0]LogInit: Selected Device Profile: [Windows]
[2024.12.08-12.43.36:460][  0]LogMeshReduction: Using QuadricMeshReduction for automatic static mesh reduction
[2024.12.08-12.43.36:460][  0]LogMeshReduction: Using SimplygonMeshReduction for automatic skeletal mesh reduction
[2024.12.08-12.43.36:460][  0]LogMeshReduction: Using ProxyLODMeshReduction for automatic mesh merging
[2024.12.08-12.43.36:460][  0]LogMeshReduction: No distributed automatic mesh merging module available
[2024.12.08-12.43.36:460][  0]LogMeshMerging: No distributed automatic mesh merging module available
[2024.12.08-12.43.36:472][  0]LogNetVersion: MyFirstProject 1.0.0, NetCL: 5660361, EngineNetVer: 10, GameNetVer: 0 (Checksum: 2114060223)
[2024.12.08-12.43.36:779][  0]LogPackageLocalizationCache: Processed 10 localized package path(s) for 1 prioritized culture(s) in 0.036844 seconds
[2024.12.08-12.43.36:784][  0]LogUObjectArray: 42205 objects as part of root set at end of initial load.
[2024.12.08-12.43.36:784][  0]LogUObjectAllocator: 7325032 out of 0 bytes used by permanent object pool.
[2024.12.08-12.43.36:784][  0]LogUObjectArray: CloseDisregardForGC: 0/0 objects in disregard for GC pool
[2024.12.08-12.43.37:412][  0]LogTcpMessaging: Initializing TcpMessaging bridge
[2024.12.08-12.43.37:425][  0]LogUdpMessaging: Initializing bridge on interface 0.0.0.0:0 to multicast group 230.0.0.1:6666.
[2024.12.08-12.43.37:517][  0]SourceControl: Source control is disabled
[2024.12.08-12.43.37:517][  0]SourceControl: Source control is disabled
[2024.12.08-12.43.37:518][  0]SourceControl: Source control is disabled
[2024.12.08-12.43.37:519][  0]SourceControl: Source control is disabled
[2024.12.08-12.43.37:585][  0]LogAndroidPermission: UAndroidPermissionCallbackProxy::GetInstance
[2024.12.08-12.43.37:716][  0]LogOcInput: OculusInput pre-init called
[2024.12.08-12.43.38:226][  0]LogEngine: Initializing Engine...
[2024.12.08-12.43.38:288][  0]LogHMD: Failed to initialize OpenVR with code 108
[2024.12.08-12.43.38:289][  0]LogStats: UGameplayTagsManager::InitializeManager -  0.000 s
[2024.12.08-12.43.38:440][  0]LogInit: Initializing FReadOnlyCVARCache
[2024.12.08-12.43.38:452][  0]LogAIModule: Creating AISystem for world Untitled
[2024.12.08-12.43.38:497][  0]LogInit: XAudio2 using 'Наушники (E7)' : 2 channels at 44.1 kHz using 16 bits per sample (channel mask 0x3)
[2024.12.08-12.43.38:506][  0]LogInit: FAudioDevice initialized.
[2024.12.08-12.43.38:506][  0]LogNetVersion: Set ProjectVersion to 1.0.0.0. Version Checksum will be recalculated on next use.
[2024.12.08-12.43.38:543][  0]LogDerivedDataCache: Saved boot cache 0.04s 71MB C:/Users/Mike/AppData/Local/UnrealEngine/4.22/DerivedDataCache/Boot.ddc.
[2024.12.08-12.43.38:549][  0]LogInit: Texture streaming: Enabled
[2024.12.08-12.43.38:564][  0]LogEngineSessionManager: EngineSessionManager initialized
[2024.12.08-12.43.38:582][  0]LogInit: Transaction tracking system initialized
[2024.12.08-12.43.38:602][  0]BlueprintLog: New page: Editor Load
[2024.12.08-12.43.38:672][  0]LocalizationService: Localization service is disabled
[2024.12.08-12.43.38:911][  0]LogFileCache: Scanning file cache for directory 'C:/Users/Mike/Documents/Unreal Projects/MyFirstProject/Content/' took 0.02s
[2024.12.08-12.43.38:911][  0]LogCook: Display: Max memory allowance for cook 16384mb min free memory 0mb
[2024.12.08-12.43.38:911][  0]LogCook: Display: Mobile HDR setting 1
[2024.12.08-12.43.39:033][  0]SourceControl: Source control is disabled
[2024.12.08-12.43.39:033][  0]Cmd: MAP LOAD FILE="../../../../../Users/Mike/Documents/Unreal Projects/MyFirstProject/Content/StarterContent/Maps/Minimal_Default.umap" TEMPLATE=0 SHOWPROGRESS=1 FEATURELEVEL=3
[2024.12.08-12.43.39:039][  0]LightingResults: New page: Lighting Build
[2024.12.08-12.43.39:041][  0]MapCheck: New page: Map Check
[2024.12.08-12.43.39:041][  0]LightingResults: New page: Lighting Build
[2024.12.08-12.43.39:069][  0]LogUObjectHash: Compacting FUObjectHashTables data took   1.07ms
[2024.12.08-12.43.39:468][  0]LogAIModule: Creating AISystem for world Minimal_Default
[2024.12.08-12.43.39:491][  0]LogEditorServer: Finished looking for orphan Actors (0.000 secs)
[2024.12.08-12.43.39:523][  0]LogUObjectHash: Compacting FUObjectHashTables data took   1.47ms
[2024.12.08-12.43.39:523][  0]Cmd: MAP CHECKDEP NOCLEARLOG
[2024.12.08-12.43.39:524][  0]MapCheck: Map check complete: 0 Error(s), 0 Warning(s), took 0.159ms to complete.
[2024.12.08-12.43.39:524][  0]LogFileHelpers: Loading map 'Minimal_Default' took 0.491
[2024.12.08-12.43.39:629][  0]LogSlate: Updating window title bar state: overlay mode, drag disabled, window buttons hidden, title bar hidden
[2024.12.08-12.43.39:635][  0]LogSlate: Updating window title bar state: overlay mode, drag disabled, window buttons hidden, title bar hidden
[2024.12.08-12.43.39:639][  0]LogSlate: Updating window title bar state: overlay mode, drag disabled, window buttons hidden, title bar hidden
[2024.12.08-12.43.39:644][  0]LogSlate: Updating window title bar state: overlay mode, drag disabled, window buttons hidden, title bar hidden
[2024.12.08-12.43.39:653][  0]LogCollectionManager: Loaded 0 collections in 0.001938 seconds
[2024.12.08-12.43.39:686][  0]LogFileCache: Scanning file cache for directory 'C:/Users/Mike/Documents/Unreal Projects/MyFirstProject/Saved/Collections/' took 0.01s
[2024.12.08-12.43.39:686][  0]LogFileCache: Scanning file cache for directory 'C:/Users/Mike/Documents/Unreal Projects/MyFirstProject/Content/Developers/Mike/Collections/' took 0.00s
[2024.12.08-12.43.39:686][  0]LogFileCache: Scanning file cache for directory 'C:/Users/Mike/Documents/Unreal Projects/MyFirstProject/Content/Collections/' took 0.01s
[2024.12.08-12.43.39:686][  0]LogCollectionManager: Rebuilt the GUID cache for 0 collections in 0.000000 seconds
[2024.12.08-12.43.39:693][  0]LogContentBrowser: Native class hierarchy populated in 0.0061 seconds. Added 2732 classes and 659 folders.
[2024.12.08-12.43.39:700][  0]LogContentBrowser: Native class hierarchy updated for 'WidgetCarousel' in 0.0002 seconds. Added 0 classes and 0 folders.
[2024.12.08-12.43.39:704][  0]LogPakFile: Registered encryption key '00000000000000000000000000000000': 0 pak files mounted, 0 remain pending
[2024.12.08-12.43.39:706][  0]LogPakFile: Registered encryption key '00000000000000000000000000000000': 0 pak files mounted, 0 remain pending
[2024.12.08-12.43.39:706][  0]LogPakFile: Registered encryption key '00000000000000000000000000000000': 0 pak files mounted, 0 remain pending
[2024.12.08-12.43.39:708][  0]LogPakFile: Registered encryption key '00000000000000000000000000000000': 0 pak files mounted, 0 remain pending
[2024.12.08-12.43.39:709][  0]LogPakFile: Registered encryption key '00000000000000000000000000000000': 0 pak files mounted, 0 remain pending
[2024.12.08-12.43.39:710][  0]LogPakFile: Registered encryption key '00000000000000000000000000000000': 0 pak files mounted, 0 remain pending
[2024.12.08-12.43.39:711][  0]LogPakFile: Registered encryption key '00000000000000000000000000000000': 0 pak files mounted, 0 remain pending
[2024.12.08-12.43.39:712][  0]LogPakFile: Registered encryption key '00000000000000000000000000000000': 0 pak files mounted, 0 remain pending
[2024.12.08-12.43.39:714][  0]LogPakFile: Registered encryption key '00000000000000000000000000000000': 0 pak files mounted, 0 remain pending
[2024.12.08-12.43.39:715][  0]LogPakFile: Registered encryption key '00000000000000000000000000000000': 0 pak files mounted, 0 remain pending
[2024.12.08-12.43.39:716][  0]LogPakFile: Registered encryption key '00000000000000000000000000000000': 0 pak files mounted, 0 remain pending
[2024.12.08-12.43.39:717][  0]LogPakFile: Registered encryption key '00000000000000000000000000000000': 0 pak files mounted, 0 remain pending
[2024.12.08-12.43.39:719][  0]LogPakFile: Registered encryption key '00000000000000000000000000000000': 0 pak files mounted, 0 remain pending
[2024.12.08-12.43.39:720][  0]LogPakFile: Registered encryption key '00000000000000000000000000000000': 0 pak files mounted, 0 remain pending
[2024.12.08-12.43.39:721][  0]LogPakFile: Registered encryption key '00000000000000000000000000000000': 0 pak files mounted, 0 remain pending
[2024.12.08-12.43.39:722][  0]LogPakFile: Registered encryption key '00000000000000000000000000000000': 0 pak files mounted, 0 remain pending
[2024.12.08-12.43.39:723][  0]LogPakFile: Registered encryption key '00000000000000000000000000000000': 0 pak files mounted, 0 remain pending
[2024.12.08-12.43.39:725][  0]LogPakFile: Registered encryption key '00000000000000000000000000000000': 0 pak files mounted, 0 remain pending
[2024.12.08-12.43.39:726][  0]LogPakFile: Registered encryption key '00000000000000000000000000000000': 0 pak files mounted, 0 remain pending
[2024.12.08-12.43.39:727][  0]LogPakFile: Registered encryption key '00000000000000000000000000000000': 0 pak files mounted, 0 remain pending
[2024.12.08-12.43.39:729][  0]LogPakFile: Registered encryption key '00000000000000000000000000000000': 0 pak files mounted, 0 remain pending
[2024.12.08-12.43.39:730][  0]LogPakFile: Registered encryption key '00000000000000000000000000000000': 0 pak files mounted, 0 remain pending
[2024.12.08-12.43.39:731][  0]LogPakFile: Registered encryption key '00000000000000000000000000000000': 0 pak files mounted, 0 remain pending
[2024.12.08-12.43.39:732][  0]LogPakFile: Registered encryption key '00000000000000000000000000000000': 0 pak files mounted, 0 remain pending
[2024.12.08-12.43.39:733][  0]LogPakFile: Registered encryption key '00000000000000000000000000000000': 0 pak files mounted, 0 remain pending
[2024.12.08-12.43.39:735][  0]LogPakFile: Registered encryption key '00000000000000000000000000000000': 0 pak files mounted, 0 remain pending
[2024.12.08-12.43.39:800][  0]LogContentBrowser: Native class hierarchy updated for 'AddContentDialog' in 0.0003 seconds. Added 0 classes and 0 folders.
[2024.12.08-12.43.39:810][  0]LogContentBrowser: Native class hierarchy updated for 'SceneOutliner' in 0.0003 seconds. Added 1 classes and 2 folders.
[2024.12.08-12.43.39:848][  0]LogSlate: Took 0.000127 seconds to synchronously load lazily loaded font '../../../Engine/Content/Slate/Fonts/Roboto-Regular.ttf' (155K)
[2024.12.08-12.43.39:850][  0]LogSlate: Took 0.000177 seconds to synchronously load lazily loaded font '../../../Engine/Content/Slate/Fonts/Roboto-Bold.ttf' (160K)
[2024.12.08-12.43.39:854][  0]LogSlate: Took 0.000905 seconds to synchronously load lazily loaded font '../../../Engine/Content/Editor/Slate/Fonts/FontAwesome.ttf' (139K)
[2024.12.08-12.43.39:990][  0]LogRenderer: Reallocating scene render targets to support 1208x668 Format 10 NumSamples 1 (Frame:1).
[2024.12.08-12.43.40:038][  0]LogSlate: Took 0.000829 seconds to synchronously load lazily loaded font '../../../Engine/Content/Slate/Fonts/Roboto-Light.ttf' (167K)
[2024.12.08-12.43.40:104][  0]LogContentBrowser: Native class hierarchy updated for 'HierarchicalLODOutliner' in 0.0002 seconds. Added 0 classes and 0 folders.
[2024.12.08-12.43.40:104][  0]LogLoad: (Engine Initialization) Total time: 8.36 seconds
[2024.12.08-12.43.40:104][  0]LogLoad: (Engine Initialization) Total Blueprint compile time: 0.00 seconds
[2024.12.08-12.43.40:176][  0]LogAssetRegistry: Asset discovery search completed in 4.1852 seconds
[2024.12.08-12.43.40:178][  0]LogCollectionManager: Rebuilt the object cache for 0 collections in 0.000000 seconds (found 0 objects)
[2024.12.08-12.43.40:178][  0]LogCollectionManager: Fixed up redirectors for 0 collections in 0.000031 seconds (updated 0 objects)
[2024.12.08-12.43.40:180][  0]LogContentStreaming: Texture pool size now 1000 MB
[2024.12.08-12.44.51:369][135]LogEditorViewport: Clicking on Actor (LMB): BP_MaterialSizeDestructable_C (BP_MaterialSizeDestructable4)
[2024.12.08-12.44.53:598][382]LogEditorViewport: Clicking on Actor (LMB): BP_MaterialSizeDestructable_C (BP_MaterialSizeDestructable)
[2024.12.08-12.45.01:671][324]Cmd: DELETE
[2024.12.08-12.45.01:671][324]Cmd: ACTOR DELETE
[2024.12.08-12.45.01:677][324]LogEditorActor: Deleted Actor: BP_MaterialSizeDestructable_C
[2024.12.08-12.45.01:678][324]LogEditorActor: Deleted Actor: BP_SizeDestructable_C
[2024.12.08-12.45.01:678][324]LogEditorActor: Deleted Actor: BP_MaterialSizeDestructable_C
[2024.12.08-12.45.01:678][324]LogEditorActor: Deleted Actor: BP_Destructable_C
[2024.12.08-12.45.01:678][324]LogEditorActor: Deleted Actor: BP_Destructable_C
[2024.12.08-12.45.01:678][324]LogEditorActor: Deleted Actor: BP_SizeDestructable_C
[2024.12.08-12.45.01:678][324]LogEditorActor: Deleted Actor: BP_MaterialSizeDestructable_C
[2024.12.08-12.45.01:678][324]LogEditorActor: Deleted Actor: BP_Destructable_C
[2024.12.08-12.45.01:678][324]LogEditorActor: Deleted Actor: BP_Destructable_C
[2024.12.08-12.45.01:703][324]LogUObjectHash: Compacting FUObjectHashTables data took   0.81ms
[2024.12.08-12.45.01:704][324]LogEditorActor: Deleted 9 Actors (0.031 secs)
[2024.12.08-12.45.02:480][416]LogEditorViewport: Clicking on Actor (LMB): BP_SizeDestructable_C (BP_SizeDestructable4)
[2024.12.08-12.45.07:232][969]Cmd: DELETE
[2024.12.08-12.45.07:232][969]Cmd: ACTOR DELETE
[2024.12.08-12.45.07:234][969]LogEditorActor: Deleted Actor: BP_SizeDestructable_C
[2024.12.08-12.45.07:234][969]LogEditorActor: Deleted Actor: BP_SizeDestructable_C
[2024.12.08-12.45.07:234][969]LogEditorActor: Deleted Actor: BP_MaterialSizeDestructable_C
[2024.12.08-12.45.07:235][969]LogEditorActor: Deleted Actor: BP_MaterialSizeDestructable_C
[2024.12.08-12.45.07:235][969]LogEditorActor: Deleted Actor: BP_Destructable_C
[2024.12.08-12.45.07:235][969]LogEditorActor: Deleted Actor: BP_SizeDestructable_C
[2024.12.08-12.45.07:235][969]LogEditorActor: Deleted Actor: BP_Destructable_C
[2024.12.08-12.45.07:260][969]LogUObjectHash: Compacting FUObjectHashTables data took   1.14ms
[2024.12.08-12.45.07:261][969]LogEditorActor: Deleted 7 Actors (0.029 secs)
[2024.12.08-12.45.13:923][ 24]LogEditorViewport: Clicking on Actor (LMB): BP_Destructable_C (BP_Destructable5)
[2024.12.08-12.45.17:628][447]Cmd: DELETE
[2024.12.08-12.45.17:628][447]Cmd: ACTOR DELETE
[2024.12.08-12.45.17:630][447]LogEditorActor: Deleted Actor: BP_Destructable_C
[2024.12.08-12.45.17:630][447]LogEditorActor: Deleted Actor: BP_SizeDestructable_C
[2024.12.08-12.45.17:630][447]LogEditorActor: Deleted Actor: BP_MaterialSizeDestructable_C
[2024.12.08-12.45.17:630][447]LogEditorActor: Deleted Actor: BP_SizeDestructable_C
[2024.12.08-12.45.17:631][447]LogEditorActor: Deleted Actor: BP_SizeDestructable_C
[2024.12.08-12.45.17:654][447]LogUObjectHash: Compacting FUObjectHashTables data took   0.86ms
[2024.12.08-12.45.17:655][447]LogEditorActor: Deleted 5 Actors (0.027 secs)
[2024.12.08-12.45.18:492][547]LogSlate: FSceneViewport::OnFocusLost() reason 0
[2024.12.08-12.45.20:245][750]LogSlate: Took 0.000191 seconds to synchronously load lazily loaded font '../../../Engine/Content/Slate/Fonts/Roboto-Light.ttf' (167K)
[2024.12.08-12.45.21:593][750]LogSlate: Window 'Pick Parent Class' being destroyed
[2024.12.08-12.45.23:498][976]LogWindowsTextInputMethodSystem: Display: IME system now deactivated.
[2024.12.08-12.45.23:498][976]LogWindowsTextInputMethodSystem: Display: IME system now deactivated.
[2024.12.08-12.45.30:025][757]LogAssetEditorManager: Opening Asset editor for Blueprint /Game/BP_Blocks.BP_Blocks
[2024.12.08-12.45.30:332][757]LogContentBrowser: Native class hierarchy updated for 'BlueprintGraph' in 0.0004 seconds. Added 121 classes and 0 folders.
[2024.12.08-12.45.30:883][757]LogRenderer: Reallocating scene render targets to support 1208x704 Format 10 NumSamples 1 (Frame:1).
[2024.12.08-12.45.36:106][781]LogSlate: Took 0.000830 seconds to synchronously load lazily loaded font '../../../Engine/Content/Slate/Fonts/Roboto-BoldCondensed.ttf' (158K)
[2024.12.08-12.45.49:238][179]LogSlate: Took 0.002086 seconds to synchronously load lazily loaded font '../../../Engine/Content/Slate/Fonts/Roboto-BoldCondensedItalic.ttf' (160K)
[2024.12.08-12.45.56:043][985]Cmd: OBJ SAVEPACKAGE PACKAGE="/Game/BP_Blocks" FILE="../../../../../Users/Mike/Documents/Unreal Projects/MyFirstProject/Content/BP_Blocks.uasset" SILENT=true
[2024.12.08-12.45.56:055][985]LogSavePackage: Moving '../../../../../Users/Mike/Documents/Unreal Projects/MyFirstProject/Saved/BP_Blocks0D160F4A4242AD320402C493437AB8C1.tmp' to '../../../../../Users/Mike/Documents/Unreal Projects/MyFirstProject/Content/BP_Blocks.uasset'
[2024.12.08-12.46.07:756][250]BlueprintLog: New page: Compile BP_Blocks
[2024.12.08-12.46.07:880][250]LogUObjectHash: Compacting FUObjectHashTables data took   2.12ms
[2024.12.08-12.46.38:134][989]LogSlate: FSceneViewport::OnFocusLost() reason 0
[2024.12.08-12.46.45:718][859]BlueprintLog: New page: Compile BP_Blocks
[2024.12.08-12.46.45:816][859]LogUObjectHash: Compacting FUObjectHashTables data took   1.65ms
[2024.12.08-12.47.07:590][292]BlueprintLog: New page: Compile BP_Blocks
[2024.12.08-12.47.07:693][292]LogUObjectHash: Compacting FUObjectHashTables data took   1.88ms
[2024.12.08-12.48.10:563][499]LogSlate: Took 0.001034 seconds to synchronously load lazily loaded font '../../../Engine/Content/Slate/Fonts/Roboto-Italic.ttf' (157K)
[2024.12.08-12.48.34:192][112]LogBlueprintActionDatabase: Requesting refresh due to module change: HierarchicalLODUtilities (loaded)
[2024.12.08-12.50.23:371][784]LogEditorTransaction: Undo Promote To Variable
[2024.12.08-12.51.07:896][109]BlueprintLog: New page: Compile BP_Blocks
[2024.12.08-12.51.08:058][109]LogUObjectHash: Compacting FUObjectHashTables data took   3.52ms
[2024.12.08-12.51.31:302][154]LogSlate: FSceneViewport::OnFocusLost() reason 0
[2024.12.08-12.52.10:082][785]LogSlate: FSceneViewport::OnFocusLost() reason 2
[2024.12.08-12.52.14:458][191]LogEditorViewport: Clicking on Actor (LMB): StaticMeshActor (Cube11)
[2024.12.08-12.52.23:372][174]LogSlate: FSceneViewport::OnFocusLost() reason 0
[2024.12.08-12.52.27:392][649]Cmd: TRANSACTION UNDO
[2024.12.08-12.52.27:393][649]LogEditorTransaction: Undo Scale Actors
[2024.12.08-12.52.41:045][257]LogSlate: FSceneViewport::OnFocusLost() reason 2
[2024.12.08-12.52.42:396][418]LogSlate: FSceneViewport::OnFocusLost() reason 2
[2024.12.08-12.53.12:209][939]Cmd: TRANSACTION UNDO
[2024.12.08-12.53.12:209][939]LogEditorTransaction: Undo Scale Actors
[2024.12.08-12.53.12:608][978]Cmd: TRANSACTION UNDO
[2024.12.08-12.53.12:608][978]LogEditorTransaction: Undo Regroup Ctrl+G
[2024.12.08-12.53.14:663][216]LogEditorViewport: Clicking on Actor (context menu): StaticMeshActor (Cube9)
[2024.12.08-12.53.14:681][216]LogSlate: FSceneViewport::OnFocusLost() reason 2
[2024.12.08-12.53.17:611][565]LogSlate: FSceneViewport::OnFocusLost() reason 2
[2024.12.08-12.53.20:312][884]LogSlate: Window 'Size Map' being destroyed
[2024.12.08-12.53.20:318][884]LogSlate: Window 'Size Map' being destroyed
[2024.12.08-12.53.21:144][983]LogEditorViewport: Clicking on Actor (context menu): StaticMeshActor (Cube9)
[2024.12.08-12.53.21:163][983]LogSlate: FSceneViewport::OnFocusLost() reason 2
[2024.12.08-12.53.25:450][491]LogEditorViewport: Clicking on Actor (LMB): BP_Sky_Sphere_C (BP_Sky_Sphere)
[2024.12.08-12.53.26:636][627]Cmd: TRANSACTION UNDO
[2024.12.08-12.53.26:636][627]LogEditorTransaction: Undo Clicking on Actors
[2024.12.08-12.53.59:270][865]LogUObjectHash: Compacting FUObjectHashTables data took   2.52ms
[2024.12.08-12.53.59:493][865]LogSavePackage: Moving '../../../../../Users/Mike/Documents/Unreal Projects/MyFirstProject/Saved/Minimal_Default_Auto1EBA6AD9045A10A68A912A099AB683DB3.tmp' to '../../../../../Users/Mike/Documents/Unreal Projects/MyFirstProject/Saved/Autosaves/Game/StarterContent/Maps/Minimal_Default_Auto1.umap'
[2024.12.08-12.53.59:496][865]LogFileHelpers: Editor autosave (incl. sublevels) for '/Game/StarterContent/Maps/Minimal_Default' took 0.262
[2024.12.08-12.53.59:496][865]LogFileHelpers: Editor autosave (incl. sublevels) for all levels took 0.262
[2024.12.08-12.53.59:497][865]OBJ SavePackage: Generating thumbnails for [0] asset(s) in package [/Game/BP_Blocks] ([1] browsable assets)...
[2024.12.08-12.53.59:497][865]OBJ SavePackage: Finished generating thumbnails for package [/Game/BP_Blocks]
[2024.12.08-12.53.59:497][865]Cmd: OBJ SAVEPACKAGE PACKAGE="/Game/BP_Blocks" FILE="../../../../../Users/Mike/Documents/Unreal Projects/MyFirstProject/Saved/Autosaves/Game/BP_Blocks_Auto1.uasset" SILENT=false AUTOSAVING=true
[2024.12.08-12.53.59:513][865]LogSavePackage: Moving '../../../../../Users/Mike/Documents/Unreal Projects/MyFirstProject/Saved/BP_Blocks_Auto1EB6617C64299965A99C449941D738CB2.tmp' to '../../../../../Users/Mike/Documents/Unreal Projects/MyFirstProject/Saved/Autosaves/Game/BP_Blocks_Auto1.uasset'
[2024.12.08-12.53.59:514][865]LogFileHelpers: Auto-saving content packages took 0.017
[2024.12.08-12.54.23:894][939]LogSlate: FSceneViewport::OnFocusLost() reason 0
[2024.12.08-12.54.26:597][214]LogEditorViewport: Clicking on Actor (context menu): BP_Sky_Sphere_C (BP_Sky_Sphere)
[2024.12.08-12.54.26:627][214]LogSlate: FSceneViewport::OnFocusLost() reason 2
[2024.12.08-12.54.28:458][432]LogEditorViewport: Clicking on Actor (LMB): StaticMeshActor (Cube9)
[2024.12.08-12.54.36:889][375]Cmd: TRANSACTION UNDO
[2024.12.08-12.54.36:889][375]LogEditorTransaction: Undo Scale Actors
[2024.12.08-12.54.40:966][752]LogSlate: FSceneViewport::OnFocusLost() reason 2
[2024.12.08-12.54.42:991][981]LogEditorViewport: Clicking on Actor (LMB): BP_Sky_Sphere_C (BP_Sky_Sphere)
[2024.12.08-12.54.55:027][230]LogEditorViewport: Clicking on Actor (LMB): StaticMeshActor (Cube9)
[2024.12.08-12.54.58:175][506]LogSlate: FSceneViewport::OnFocusLost() reason 0
[2024.12.08-12.55.11:937][757]Cmd: TRANSACTION UNDO
[2024.12.08-12.55.11:937][757]LogEditorTransaction: Undo Set Scale
[2024.12.08-12.55.23:336][  9]LogSlate: FSceneViewport::OnFocusLost() reason 0
[2024.12.08-12.55.40:598][763]LogSlate: FSceneViewport::OnFocusLost() reason 0
[2024.12.08-12.55.52:111][947]LogAssetEditorManager: Opening Asset editor for Material /Game/StarterContent/Materials/M_Tech_Hex_Tile.M_Tech_Hex_Tile
[2024.12.08-12.55.52:114][947]LogMaterial: Display: Missing cached shader map for material M_Tech_Hex_Tile, compiling. 
[2024.12.08-12.55.52:356][947]LogMaterial: Display: Missing cached shader map for material M_Tech_Hex_Tile, compiling. 
[2024.12.08-12.55.52:369][947]LogMaterial: Display: Missing cached shader map for material M_Tech_Hex_Tile, compiling. 
[2024.12.08-12.55.52:397][947]LogShaderCompilers: Display: Shaders left to compile 30
[2024.12.08-12.55.52:410][947]LogMaterial: Display: Missing cached shader map for material FMatExpressionPreview MaterialExpressionTextureSample_25, compiling. 
[2024.12.08-12.55.52:415][947]LogMaterial: Display: Missing cached shader map for material FMatExpressionPreview MaterialExpressionBumpOffset_3, compiling. 
[2024.12.08-12.55.52:420][947]LogMaterial: Display: Missing cached shader map for material FMatExpressionPreview MaterialExpressionTextureSample_26, compiling. 
[2024.12.08-12.55.52:426][947]LogMaterial: Display: Missing cached shader map for material FMatExpressionPreview MaterialExpressionTextureSample_27, compiling. 
[2024.12.08-12.55.52:431][947]LogMaterial: Display: Missing cached shader map for material FMatExpressionPreview MaterialExpressionTextureSample_28, compiling. 
[2024.12.08-12.55.52:436][947]LogMaterial: Display: Missing cached shader map for material FMatExpressionPreview MaterialExpressionConstant3Vector_7, compiling. 
[2024.12.08-12.55.52:441][947]LogMaterial: Display: Missing cached shader map for material FMatExpressionPreview MaterialExpressionVectorParameter_26, compiling. 
[2024.12.08-12.55.52:875][969]LogShaderCompilers: Display: Shaders left to compile 30
[2024.12.08-12.55.53:386][992]LogShaderCompilers: Display: Shaders left to compile 20
[2024.12.08-12.55.53:876][ 15]LogShaderCompilers: Display: Shaders left to compile 10
[2024.12.08-12.55.54:036][ 22]MaterialEditorStats: Base pass shader: 139 instructions
[2024.12.08-12.55.54:036][ 22]MaterialEditorStats: Base pass shader with Surface Lightmap: 167 instructions
[2024.12.08-12.55.54:036][ 22]MaterialEditorStats: Base pass shader with Volumetric Lightmap: 213 instructions
[2024.12.08-12.55.54:036][ 22]MaterialEditorStats: Base pass vertex shader: 45 instructions
[2024.12.08-12.55.54:036][ 22]MaterialEditorStats: Texture samplers: 5/16
[2024.12.08-12.55.54:036][ 22]MaterialEditorStats: Texture Lookups (Est.): VS(0), PS(4)
[2024.12.08-12.55.54:036][ 22]MaterialEditorStats: User interpolators: 2/4 Scalars (1/4 Vectors) (TexCoords: 2, Custom: 0)
[2024.12.08-12.56.01:305][767]LogSlate: Window 'M_Tech_Hex_Tile' being destroyed
[2024.12.08-12.56.01:310][767]LogSlate: Window 'M_Tech_Hex_Tile' being destroyed
[2024.12.08-12.56.07:303][452]LogSlate: FSceneViewport::OnFocusLost() reason 0
[2024.12.08-12.56.08:939][643]Cmd: POLY SELECT ADJACENT WALLS
[2024.12.08-12.56.29:107][995]LogSlate: FSceneViewport::OnFocusLost() reason 0
[2024.12.08-12.56.56:261][945]LogEditorViewport: Clicking on Actor (LMB): StaticMeshActor (Cube10)
[2024.12.08-12.56.58:022][139]LogSlate: FSceneViewport::OnFocusLost() reason 0
[2024.12.08-12.57.05:463][983]LogEditorViewport: Clicking on Actor (LMB): StaticMeshActor (Cube11)
[2024.12.08-12.57.07:135][166]LogSlate: FSceneViewport::OnFocusLost() reason 0
[2024.12.08-12.57.51:086][161]LogEditorViewport: Clicking on Actor (LMB): BP_Sky_Sphere_C (BP_Sky_Sphere)
[2024.12.08-12.57.51:735][234]LogEditorViewport: Clicking on Actor (LMB): StaticMeshActor (Cube13)
[2024.12.08-12.58.02:280][453]LogEditorViewport: Clicking on Actor (LMB): StaticMeshActor (Cube12)
[2024.12.08-12.58.06:778][910]LogSlate: FSceneViewport::OnFocusLost() reason 0
[2024.12.08-12.58.30:517][612]LogEditorViewport: Clicking on Actor (LMB): StaticMeshActor (Cube10)
[2024.12.08-12.58.47:926][637]LogSlate: FSceneViewport::OnFocusLost() reason 0
[2024.12.08-12.59.01:542][239]LogEditorViewport: Clicking on Actor (LMB): StaticMeshActor (Cube13)
[2024.12.08-12.59.01:977][279]LogEditorViewport: Clicking on Actor (context menu): BP_Sky_Sphere_C (BP_Sky_Sphere)
[2024.12.08-12.59.02:005][279]LogSlate: FSceneViewport::OnFocusLost() reason 2
[2024.12.08-12.59.02:678][357]LogEditorViewport: Clicking on Actor (LMB): StaticMeshActor (Cube13)
[2024.12.08-12.59.15:887][928]LogEditorViewport: Clicking on Actor (LMB): BP_Sky_Sphere_C (BP_Sky_Sphere)
[2024.12.08-12.59.29:431][526]LogEditorViewport: Clicking on Actor (LMB): StaticMeshActor (Cube12)
[2024.12.08-12.59.40:658][859]LogEditorViewport: Clicking on Actor (LMB): BP_Sky_Sphere_C (BP_Sky_Sphere)
[2024.12.08-12.59.50:367][988]LogEditorViewport: Clicking on Actor (LMB): StaticMeshActor (Cube11)
[2024.12.08-13.00.06:024][794]LogEditorViewport: Clicking on Actor (LMB): BP_Sky_Sphere_C (BP_Sky_Sphere)
[2024.12.08-13.00.14:335][788]Cmd: POLY SELECT MEMORY UNION
[2024.12.08-13.00.17:236][136]Cmd: POLY SELECT ALL
[2024.12.08-13.00.21:779][672]LogEditorViewport: Clicking on Actor (LMB): StaticMeshActor (Cube11)
[2024.12.08-13.00.22:895][801]LogSlate: FSceneViewport::OnFocusLost() reason 0
[2024.12.08-13.00.40:273][840]LogEditorViewport: Clicking on Actor (LMB): StaticMeshActor (Cube10)
[2024.12.08-13.00.51:760][206]LogSlate: FSceneViewport::OnFocusLost() reason 0
[2024.12.08-13.01.16:312][ 86]LogEditorViewport: Clicking on Actor (LMB): StaticMeshActor (Cube9)
[2024.12.08-13.01.16:854][137]LogEditorViewport: Clicking on Actor (LMB): BP_Sky_Sphere_C (BP_Sky_Sphere)
[2024.12.08-13.01.20:721][538]LogEditorViewport: Clicking on Actor (LMB): SphereReactionOfCollision_C (SphereReactionOfCollision)
[2024.12.08-13.01.25:919][156]LogSlate: FSceneViewport::OnFocusLost() reason 0
[2024.12.08-13.01.35:662][286]LogEditorViewport: Clicking on Actor (LMB): BP_Blocks_C (BP_Blocks)
[2024.12.08-13.01.59:814][665]Cmd: TRANSACTION UNDO
[2024.12.08-13.01.59:814][665]LogEditorTransaction: Undo Move Actors
[2024.12.08-13.02.20:300][834]LogSlate: FSceneViewport::OnFocusLost() reason 0
[2024.12.08-13.03.01:341][877]LogUObjectHash: Compacting FUObjectHashTables data took   4.13ms
[2024.12.08-13.03.05:450][877]LogSlate: Window 'Save Content' being destroyed
[2024.12.08-13.03.09:688][118]LogSlate: FSceneViewport::OnFocusLost() reason 0
[2024.12.08-13.03.13:638][222]LogEditorViewport: Clicking on Actor (context menu): BP_Blocks_C (BP_Blocks)
[2024.12.08-13.03.13:740][222]LogSlate: FSceneViewport::OnFocusLost() reason 2
[2024.12.08-13.03.15:200][387]LogEditorViewport: Clicking on Actor (LMB): BP_Sky_Sphere_C (BP_Sky_Sphere)
[2024.12.08-13.03.23:612][643]LogSlate: FSceneViewport::OnFocusLost() reason 0
[2024.12.08-13.03.34:375][ 43]LogSlate: FSceneViewport::OnFocusLost() reason 0
[2024.12.08-13.03.40:113][523]LogUnrealEdMisc: Warning: Heartbeat event firing too frequently (34.652 sec). This should never happen. Something is wrong with the timer delegate!
[2024.12.08-13.03.43:246][890]LogSlate: FSceneViewport::OnFocusLost() reason 0
[2024.12.08-13.03.50:506][738]LogSlate: FSceneViewport::OnFocusLost() reason 0
[2024.12.08-13.04.08:855][821]LogSlate: FSceneViewport::OnFocusLost() reason 0
[2024.12.08-13.04.19:893][353]LogEditorViewport: Clicking on Actor (LMB): BP_Sky_Sphere_C (BP_Sky_Sphere)
[2024.12.08-13.04.21:766][445]LogSlate: FSceneViewport::OnFocusLost() reason 0
[2024.12.08-13.04.21:862][455]LogTemp: Repeating last play command: Simulate
[2024.12.08-13.04.29:753][837]LogEditorViewport: Clicking on Actor (LMB): BP_Sky_Sphere_C (BP_Sky_Sphere)
[2024.12.08-13.04.30:422][869]LogEditorViewport: Clicking on Actor (LMB): StaticMeshActor (Cube)
[2024.12.08-13.04.33:156][ 12]LogEditorViewport: Clicking on Actor (LMB): BP_Sky_Sphere_C (BP_Sky_Sphere)
[2024.12.08-13.04.35:176][115]LogSlate: FSceneViewport::OnFocusLost() reason 0
[2024.12.08-13.04.35:285][127]LogTemp: Repeating last play command: Simulate
[2024.12.08-13.04.39:380][377]LogEditorViewport: Clicking on Actor (LMB): StaticMeshActor (Cube3)
[2024.12.08-13.04.40:577][510]LogEditorViewport: Clicking on Actor (LMB): BP_Sky_Sphere_C (BP_Sky_Sphere)
[2024.12.08-13.04.41:422][609]LogEditorViewport: Clicking on Actor (LMB): BP_Sky_Sphere_C (BP_Sky_Sphere)
[2024.12.08-13.04.47:772][166]LogEditorViewport: Clicking on Actor (LMB): BP_Blocks_C (BP_Blocks)
[2024.12.08-13.04.50:438][292]LogSlate: FSceneViewport::OnFocusLost() reason 0
[2024.12.08-13.04.50:525][301]LogTemp: Repeating last play command: Simulate
[2024.12.08-13.04.52:255][381]LogEditorViewport: Clicking on Actor (LMB): BP_Sky_Sphere_C (BP_Sky_Sphere)
[2024.12.08-13.04.54:807][500]LogSlate: FSceneViewport::OnFocusLost() reason 0
[2024.12.08-13.04.59:394][751]LogTemp: Repeating last play command: Simulate
[2024.12.08-13.05.00:597][814]LogUObjectHash: Compacting FUObjectHashTables data took   2.10ms
[2024.12.08-13.05.03:365][814]LogSlate: Window 'Save Content' being destroyed
[2024.12.08-13.05.03:370][814]LogPlayLevel: Warning: PIE failed because map save was canceled
[2024.12.08-13.05.03:370][814]PIE: Warning: PIE failed because map save was canceled
[2024.12.08-13.05.03:372][814]LogSlate: FSceneViewport::OnFocusLost() reason 2
[2024.12.08-13.05.05:639][931]LogSlate: Window 'Message Log' being destroyed
[2024.12.08-13.05.05:646][931]LogSlate: Window 'Message Log' being destroyed
[2024.12.08-13.05.07:190][  7]LogSlate: FSceneViewport::OnFocusLost() reason 2
[2024.12.08-13.05.07:220][  7]LogUObjectHash: Compacting FUObjectHashTables data took   0.74ms
[2024.12.08-13.05.07:524][  7]LogSavePackage: Moving '../../../../../Users/Mike/Documents/Unreal Projects/MyFirstProject/Saved/Minimal_Default8D993A384C5151BB2E1B44864355EDDF.tmp' to '../../../../../Users/Mike/Documents/Unreal Projects/MyFirstProject/Content/StarterContent/Maps/Minimal_Default.umap'
[2024.12.08-13.05.07:533][  7]LogEditorTransaction: Non zero active count in UTransBuffer::Reset
ActiveCount : 1
SessionName : PropertyEditor
Reason      : Map Saved

Purging the undo buffer...

[2024.12.08-13.05.07:625][  7]LogSavePackage: Moving '../../../../../Users/Mike/Documents/Unreal Projects/MyFirstProject/Saved/Minimal_Default_BuiltData4A61481740747DEFFC704089B9C1B625.tmp' to '../../../../../Users/Mike/Documents/Unreal Projects/MyFirstProject/Content/StarterContent/Maps/Minimal_Default_BuiltData.uasset'
[2024.12.08-13.05.10:296][139]LogSlate: FSceneViewport::OnFocusLost() reason 2
[2024.12.08-13.05.12:401][391]LogBlueprintUserMessages: Early PlayInEditor Detection: Level '/Game/StarterContent/Maps/Minimal_Default.Minimal_Default:PersistentLevel' has LevelScriptBlueprint '/Game/StarterContent/Maps/Minimal_Default.Minimal_Default:PersistentLevel.Minimal_Default' with GeneratedClass '/Game/StarterContent/Maps/Minimal_Default.Minimal_Default_C' with ClassGeneratedBy '/Game/StarterContent/Maps/Minimal_Default.Minimal_Default:PersistentLevel.Minimal_Default'
[2024.12.08-13.05.12:401][391]LogPlayLevel: PlayLevel: No blueprints needed recompiling
[2024.12.08-13.05.12:402][391]PIE: New page: SIE session: Minimal_Default (Dec 8, 2024, 7:05:12 PM)
[2024.12.08-13.05.12:417][391]LogPlayLevel: Creating play world package: /Game/StarterContent/Maps/UEDPIE_0_Minimal_Default
[2024.12.08-13.05.12:435][391]LogPlayLevel: PIE: StaticDuplicateObject took: (0.018256s)
[2024.12.08-13.05.12:436][391]LogAIModule: Creating AISystem for world Minimal_Default
[2024.12.08-13.05.12:436][391]LogPlayLevel: PIE: World Init took: (0.000956s)
[2024.12.08-13.05.12:436][391]LogPlayLevel: PIE: Created PIE world by copying editor world from /Game/StarterContent/Maps/Minimal_Default.Minimal_Default to /Game/StarterContent/Maps/UEDPIE_0_Minimal_Default.Minimal_Default (0.019490s)
[2024.12.08-13.05.12:460][391]LogUObjectHash: Compacting FUObjectHashTables data took   1.93ms
[2024.12.08-13.05.12:504][391]LogInit: XAudio2 using 'Наушники (E7)' : 2 channels at 44.1 kHz using 16 bits per sample (channel mask 0x3)
[2024.12.08-13.05.12:512][391]LogInit: FAudioDevice initialized.
[2024.12.08-13.05.12:514][391]LogSlate: FSceneViewport::OnFocusLost() reason 2
[2024.12.08-13.05.12:552][391]LogLoad: Game class is 'GameModeBase'
[2024.12.08-13.05.12:567][391]LogWorld: Bringing World /Game/StarterContent/Maps/UEDPIE_0_Minimal_Default.Minimal_Default up for play (max tick rate 0) at 2024.12.08-16.05.12
[2024.12.08-13.05.12:570][391]LogWorld: Bringing up level for play took: 0.011843
[2024.12.08-13.05.12:591][391]LogBlueprintActionDatabase: Requesting refresh due to module change: Voice (loaded)
[2024.12.08-13.05.12:595][391]LogBlueprintActionDatabase: Requesting refresh due to module change: MovieSceneCapture (loaded)
[2024.12.08-13.05.12:595][391]LogContentBrowser: Native class hierarchy updated for 'MovieSceneCapture' in 0.0002 seconds. Added 20 classes and 0 folders.
[2024.12.08-13.05.12:598][391]LogBlueprintUserMessages: [Minimal_Default_C_1] Finish array iteration
[2024.12.08-13.05.12:598][391]PIE: Play in editor start time for /Game/StarterContent/Maps/UEDPIE_0_Minimal_Default 0.646
[2024.12.08-13.05.12:604][391]LogBlueprintUserMessages: Late PlayInEditor Detection: Level '/Game/StarterContent/Maps/Minimal_Default.Minimal_Default:PersistentLevel' has LevelScriptBlueprint '/Game/StarterContent/Maps/Minimal_Default.Minimal_Default:PersistentLevel.Minimal_Default' with GeneratedClass '/Game/StarterContent/Maps/Minimal_Default.Minimal_Default_C' with ClassGeneratedBy '/Game/StarterContent/Maps/Minimal_Default.Minimal_Default:PersistentLevel.Minimal_Default'
[2024.12.08-13.05.17:050][593]LogSlate: FSceneViewport::OnFocusLost() reason 0
[2024.12.08-13.05.17:151][602]LogBlueprintUserMessages: Early EndPlayMap Detection: Level '/Game/StarterContent/Maps/Minimal_Default.Minimal_Default:PersistentLevel' has LevelScriptBlueprint '/Game/StarterContent/Maps/Minimal_Default.Minimal_Default:PersistentLevel.Minimal_Default' with GeneratedClass '/Game/StarterContent/Maps/Minimal_Default.Minimal_Default_C' with ClassGeneratedBy '/Game/StarterContent/Maps/Minimal_Default.Minimal_Default:PersistentLevel.Minimal_Default'
[2024.12.08-13.05.17:151][602]LogSlate: Updating window title bar state: overlay mode, drag disabled, window buttons hidden, title bar hidden
[2024.12.08-13.05.17:201][602]LogPlayLevel: Display: Shutting down PIE online subsystems
[2024.12.08-13.05.17:202][602]LogBlueprintUserMessages: Late EndPlayMap Detection: Level '/Game/StarterContent/Maps/Minimal_Default.Minimal_Default:PersistentLevel' has LevelScriptBlueprint '/Game/StarterContent/Maps/Minimal_Default.Minimal_Default:PersistentLevel.Minimal_Default' with GeneratedClass '/Game/StarterContent/Maps/Minimal_Default.Minimal_Default_C' with ClassGeneratedBy '/Game/StarterContent/Maps/Minimal_Default.Minimal_Default:PersistentLevel.Minimal_Default'
[2024.12.08-13.05.17:233][602]LogSlate: Updating window title bar state: overlay mode, drag disabled, window buttons hidden, title bar hidden
[2024.12.08-13.05.17:253][602]LogUObjectHash: Compacting FUObjectHashTables data took   2.45ms
[2024.12.08-13.05.17:264][603]LogPlayLevel: Display: Destroying online subsystem :Context_12
[2024.12.08-13.06.15:418][161]LogAssetEditorManager: Opening Asset editor for Blueprint /Game/BP_Blocks.BP_Blocks
[2024.12.08-13.07.25:990][800]LogEditorViewport: Clicking on Actor (LMB): SphereReactionOfCollision_C (SphereReactionOfCollision)
[2024.12.08-13.07.27:988][897]LogSlate: FSceneViewport::OnFocusLost() reason 0
[2024.12.08-13.08.52:349][132]BlueprintLog: New page: Compile BP_Blocks
[2024.12.08-13.08.53:132][132]LogUObjectHash: Compacting FUObjectHashTables data took   2.67ms
[2024.12.08-13.08.57:640][267]LogSlate: FSceneViewport::OnFocusLost() reason 0
[2024.12.08-13.08.57:752][279]LogTemp: Repeating last play command: Simulate
[2024.12.08-13.08.57:761][279]LogBlueprintUserMessages: Early PlayInEditor Detection: Level '/Game/StarterContent/Maps/Minimal_Default.Minimal_Default:PersistentLevel' has LevelScriptBlueprint '/Game/StarterContent/Maps/Minimal_Default.Minimal_Default:PersistentLevel.Minimal_Default' with GeneratedClass '/Game/StarterContent/Maps/Minimal_Default.Minimal_Default_C' with ClassGeneratedBy '/Game/StarterContent/Maps/Minimal_Default.Minimal_Default:PersistentLevel.Minimal_Default'
[2024.12.08-13.08.57:761][279]LogPlayLevel: PlayLevel: No blueprints needed recompiling
[2024.12.08-13.08.57:761][279]PIE: New page: SIE session: Minimal_Default (Dec 8, 2024, 7:08:57 PM)
[2024.12.08-13.08.57:761][279]LogPlayLevel: Creating play world package: /Game/StarterContent/Maps/UEDPIE_0_Minimal_Default
[2024.12.08-13.08.57:776][279]LogPlayLevel: PIE: StaticDuplicateObject took: (0.015233s)
[2024.12.08-13.08.57:777][279]LogAIModule: Creating AISystem for world Minimal_Default
[2024.12.08-13.08.57:777][279]LogPlayLevel: PIE: World Init took: (0.000474s)
[2024.12.08-13.08.57:777][279]LogPlayLevel: PIE: Created PIE world by copying editor world from /Game/StarterContent/Maps/Minimal_Default.Minimal_Default to /Game/StarterContent/Maps/UEDPIE_0_Minimal_Default.Minimal_Default (0.015820s)
[2024.12.08-13.08.57:804][279]LogUObjectHash: Compacting FUObjectHashTables data took   2.03ms
[2024.12.08-13.08.57:838][279]LogInit: XAudio2 using 'Наушники (E7)' : 2 channels at 44.1 kHz using 16 bits per sample (channel mask 0x3)
[2024.12.08-13.08.57:845][279]LogInit: FAudioDevice initialized.
[2024.12.08-13.08.57:874][279]LogLoad: Game class is 'GameModeBase'
[2024.12.08-13.08.57:883][279]LogWorld: Bringing World /Game/StarterContent/Maps/UEDPIE_0_Minimal_Default.Minimal_Default up for play (max tick rate 0) at 2024.12.08-16.08.57
[2024.12.08-13.08.57:884][279]LogWorld: Bringing up level for play took: 0.009486
[2024.12.08-13.08.57:896][279]LogBlueprintUserMessages: [Minimal_Default_C_1] Finish array iteration
[2024.12.08-13.08.57:897][279]PIE: Play in editor start time for /Game/StarterContent/Maps/UEDPIE_0_Minimal_Default -0.055
[2024.12.08-13.08.57:901][279]LogBlueprintUserMessages: Late PlayInEditor Detection: Level '/Game/StarterContent/Maps/Minimal_Default.Minimal_Default:PersistentLevel' has LevelScriptBlueprint '/Game/StarterContent/Maps/Minimal_Default.Minimal_Default:PersistentLevel.Minimal_Default' with GeneratedClass '/Game/StarterContent/Maps/Minimal_Default.Minimal_Default_C' with ClassGeneratedBy '/Game/StarterContent/Maps/Minimal_Default.Minimal_Default:PersistentLevel.Minimal_Default'
[2024.12.08-13.09.18:823][566]LogSlate: FSceneViewport::OnFocusLost() reason 0
[2024.12.08-13.09.18:881][570]LogBlueprintUserMessages: Early EndPlayMap Detection: Level '/Game/StarterContent/Maps/Minimal_Default.Minimal_Default:PersistentLevel' has LevelScriptBlueprint '/Game/StarterContent/Maps/Minimal_Default.Minimal_Default:PersistentLevel.Minimal_Default' with GeneratedClass '/Game/StarterContent/Maps/Minimal_Default.Minimal_Default_C' with ClassGeneratedBy '/Game/StarterContent/Maps/Minimal_Default.Minimal_Default:PersistentLevel.Minimal_Default'
[2024.12.08-13.09.18:881][570]LogSlate: Updating window title bar state: overlay mode, drag disabled, window buttons hidden, title bar hidden
[2024.12.08-13.09.18:927][570]LogPlayLevel: Display: Shutting down PIE online subsystems
[2024.12.08-13.09.18:927][570]LogBlueprintUserMessages: Late EndPlayMap Detection: Level '/Game/StarterContent/Maps/Minimal_Default.Minimal_Default:PersistentLevel' has LevelScriptBlueprint '/Game/StarterContent/Maps/Minimal_Default.Minimal_Default:PersistentLevel.Minimal_Default' with GeneratedClass '/Game/StarterContent/Maps/Minimal_Default.Minimal_Default_C' with ClassGeneratedBy '/Game/StarterContent/Maps/Minimal_Default.Minimal_Default:PersistentLevel.Minimal_Default'
[2024.12.08-13.09.18:957][570]LogSlate: Updating window title bar state: overlay mode, drag disabled, window buttons hidden, title bar hidden
[2024.12.08-13.09.18:961][570]LogUObjectHash: Compacting FUObjectHashTables data took   1.48ms
[2024.12.08-13.09.18:984][571]LogPlayLevel: Display: Destroying online subsystem :Context_14
[2024.12.08-13.09.21:418][777]LogBlueprintUserMessages: Early PlayInEditor Detection: Level '/Game/StarterContent/Maps/Minimal_Default.Minimal_Default:PersistentLevel' has LevelScriptBlueprint '/Game/StarterContent/Maps/Minimal_Default.Minimal_Default:PersistentLevel.Minimal_Default' with GeneratedClass '/Game/StarterContent/Maps/Minimal_Default.Minimal_Default_C' with ClassGeneratedBy '/Game/StarterContent/Maps/Minimal_Default.Minimal_Default:PersistentLevel.Minimal_Default'
[2024.12.08-13.09.21:418][777]LogPlayLevel: PlayLevel: No blueprints needed recompiling
[2024.12.08-13.09.21:419][777]PIE: New page: PIE session: Minimal_Default (Dec 8, 2024, 7:09:21 PM)
[2024.12.08-13.09.21:419][777]LogPlayLevel: Creating play world package: /Game/StarterContent/Maps/UEDPIE_0_Minimal_Default
[2024.12.08-13.09.21:433][777]LogPlayLevel: PIE: StaticDuplicateObject took: (0.014725s)
[2024.12.08-13.09.21:434][777]LogAIModule: Creating AISystem for world Minimal_Default
[2024.12.08-13.09.21:435][777]LogPlayLevel: PIE: World Init took: (0.001197s)
[2024.12.08-13.09.21:435][777]LogPlayLevel: PIE: Created PIE world by copying editor world from /Game/StarterContent/Maps/Minimal_Default.Minimal_Default to /Game/StarterContent/Maps/UEDPIE_0_Minimal_Default.Minimal_Default (0.016030s)
[2024.12.08-13.09.21:459][777]LogUObjectHash: Compacting FUObjectHashTables data took   1.20ms
[2024.12.08-13.09.21:492][777]LogInit: XAudio2 using 'Наушники (E7)' : 2 channels at 44.1 kHz using 16 bits per sample (channel mask 0x3)
[2024.12.08-13.09.21:499][777]LogInit: FAudioDevice initialized.
[2024.12.08-13.09.21:527][777]LogLoad: Game class is 'GameModeBase'
[2024.12.08-13.09.21:536][777]LogWorld: Bringing World /Game/StarterContent/Maps/UEDPIE_0_Minimal_Default.Minimal_Default up for play (max tick rate 0) at 2024.12.08-16.09.21
[2024.12.08-13.09.21:537][777]LogWorld: Bringing up level for play took: 0.008640
[2024.12.08-13.09.21:551][777]LogBlueprintUserMessages: [Minimal_Default_C_1] Finish array iteration
[2024.12.08-13.09.21:551][777]PIE: Play in editor start time for /Game/StarterContent/Maps/UEDPIE_0_Minimal_Default -0.401
[2024.12.08-13.09.21:551][777]LogBlueprintUserMessages: Late PlayInEditor Detection: Level '/Game/StarterContent/Maps/Minimal_Default.Minimal_Default:PersistentLevel' has LevelScriptBlueprint '/Game/StarterContent/Maps/Minimal_Default.Minimal_Default:PersistentLevel.Minimal_Default' with GeneratedClass '/Game/StarterContent/Maps/Minimal_Default.Minimal_Default_C' with ClassGeneratedBy '/Game/StarterContent/Maps/Minimal_Default.Minimal_Default:PersistentLevel.Minimal_Default'
[2024.12.08-13.10.05:882][572]LogBlueprintUserMessages: Early EndPlayMap Detection: Level '/Game/StarterContent/Maps/Minimal_Default.Minimal_Default:PersistentLevel' has LevelScriptBlueprint '/Game/StarterContent/Maps/Minimal_Default.Minimal_Default:PersistentLevel.Minimal_Default' with GeneratedClass '/Game/StarterContent/Maps/Minimal_Default.Minimal_Default_C' with ClassGeneratedBy '/Game/StarterContent/Maps/Minimal_Default.Minimal_Default:PersistentLevel.Minimal_Default'
[2024.12.08-13.10.05:882][572]LogSlate: Updating window title bar state: overlay mode, drag disabled, window buttons hidden, title bar hidden
[2024.12.08-13.10.05:947][572]LogPlayLevel: Display: Shutting down PIE online subsystems
[2024.12.08-13.10.05:947][572]LogBlueprintUserMessages: Late EndPlayMap Detection: Level '/Game/StarterContent/Maps/Minimal_Default.Minimal_Default:PersistentLevel' has LevelScriptBlueprint '/Game/StarterContent/Maps/Minimal_Default.Minimal_Default:PersistentLevel.Minimal_Default' with GeneratedClass '/Game/StarterContent/Maps/Minimal_Default.Minimal_Default_C' with ClassGeneratedBy '/Game/StarterContent/Maps/Minimal_Default.Minimal_Default:PersistentLevel.Minimal_Default'
[2024.12.08-13.10.05:971][572]LogSlate: Updating window title bar state: overlay mode, drag disabled, window buttons hidden, title bar hidden
[2024.12.08-13.10.05:976][572]LogUObjectHash: Compacting FUObjectHashTables data took   1.61ms
[2024.12.08-13.10.06:003][573]LogPlayLevel: Display: Destroying online subsystem :Context_15
[2024.12.08-13.10.08:774][713]LogEditorViewport: Clicking on Actor (LMB): SphereReactionOfCollision_C (SphereReactionOfCollision)
[2024.12.08-13.10.10:339][781]LogSlate: FSceneViewport::OnFocusLost() reason 0
[2024.12.08-13.10.24:906][476]LogUObjectHash: Compacting FUObjectHashTables data took   1.34ms
[2024.12.08-13.10.25:205][476]LogSavePackage: Moving '../../../../../Users/Mike/Documents/Unreal Projects/MyFirstProject/Saved/Minimal_DefaultDC9B885B49791943D7A54AB61DA21897.tmp' to '../../../../../Users/Mike/Documents/Unreal Projects/MyFirstProject/Content/StarterContent/Maps/Minimal_Default.umap'
[2024.12.08-13.10.25:288][476]LogSavePackage: Moving '../../../../../Users/Mike/Documents/Unreal Projects/MyFirstProject/Saved/Minimal_Default_BuiltData4DF0ECAF42F0243F63479B988A7D8785.tmp' to '../../../../../Users/Mike/Documents/Unreal Projects/MyFirstProject/Content/StarterContent/Maps/Minimal_Default_BuiltData.uasset'
[2024.12.08-13.10.26:889][553]LogTemp: Repeating last play command: Selected Viewport
[2024.12.08-13.10.26:895][553]LogBlueprintUserMessages: Early PlayInEditor Detection: Level '/Game/StarterContent/Maps/Minimal_Default.Minimal_Default:PersistentLevel' has LevelScriptBlueprint '/Game/StarterContent/Maps/Minimal_Default.Minimal_Default:PersistentLevel.Minimal_Default' with GeneratedClass '/Game/StarterContent/Maps/Minimal_Default.Minimal_Default_C' with ClassGeneratedBy '/Game/StarterContent/Maps/Minimal_Default.Minimal_Default:PersistentLevel.Minimal_Default'
[2024.12.08-13.10.26:895][553]LogPlayLevel: PlayLevel: No blueprints needed recompiling
[2024.12.08-13.10.26:895][553]PIE: New page: PIE session: Minimal_Default (Dec 8, 2024, 7:10:26 PM)
[2024.12.08-13.10.26:895][553]LogPlayLevel: Creating play world package: /Game/StarterContent/Maps/UEDPIE_0_Minimal_Default
[2024.12.08-13.10.26:913][553]LogPlayLevel: PIE: StaticDuplicateObject took: (0.017513s)
[2024.12.08-13.10.26:913][553]LogAIModule: Creating AISystem for world Minimal_Default
[2024.12.08-13.10.26:913][553]LogPlayLevel: PIE: World Init took: (0.000519s)
[2024.12.08-13.10.26:913][553]LogPlayLevel: PIE: Created PIE world by copying editor world from /Game/StarterContent/Maps/Minimal_Default.Minimal_Default to /Game/StarterContent/Maps/UEDPIE_0_Minimal_Default.Minimal_Default (0.018150s)
[2024.12.08-13.10.26:938][553]LogUObjectHash: Compacting FUObjectHashTables data took   1.94ms
[2024.12.08-13.10.26:973][553]LogInit: XAudio2 using 'Наушники (E7)' : 2 channels at 44.1 kHz using 16 bits per sample (channel mask 0x3)
[2024.12.08-13.10.26:980][553]LogInit: FAudioDevice initialized.
[2024.12.08-13.10.27:007][553]LogLoad: Game class is 'GameModeBase'
[2024.12.08-13.10.27:015][553]LogWorld: Bringing World /Game/StarterContent/Maps/UEDPIE_0_Minimal_Default.Minimal_Default up for play (max tick rate 0) at 2024.12.08-16.10.27
[2024.12.08-13.10.27:016][553]LogWorld: Bringing up level for play took: 0.007653
[2024.12.08-13.10.27:028][553]LogBlueprintUserMessages: [Minimal_Default_C_2] Finish array iteration
[2024.12.08-13.10.27:028][553]PIE: Play in editor start time for /Game/StarterContent/Maps/UEDPIE_0_Minimal_Default 1.076
[2024.12.08-13.10.27:028][553]LogBlueprintUserMessages: Late PlayInEditor Detection: Level '/Game/StarterContent/Maps/Minimal_Default.Minimal_Default:PersistentLevel' has LevelScriptBlueprint '/Game/StarterContent/Maps/Minimal_Default.Minimal_Default:PersistentLevel.Minimal_Default' with GeneratedClass '/Game/StarterContent/Maps/Minimal_Default.Minimal_Default_C' with ClassGeneratedBy '/Game/StarterContent/Maps/Minimal_Default.Minimal_Default:PersistentLevel.Minimal_Default'
[2024.12.08-13.15.45:196][345]LogAudio: Warning: Current Audio Device with ID {0.0.0.00000000}.{16931e5d-2711-4ec8-aa82-2b9e920e17e7} was removed. Shutting down audio device.
[2024.12.08-13.15.45:196][345]LogAudio: Warning: Current Audio Device with ID {0.0.0.00000000}.{16931e5d-2711-4ec8-aa82-2b9e920e17e7} was removed. Shutting down audio device.
[2024.12.08-13.15.45:308][345]LogInit: XAudio2 using 'Динамики (Realtek(R) Audio)' : 2 channels at 48 kHz using 32 bits per sample (channel mask 0x3)
[2024.12.08-13.15.45:415][345]LogInit: XAudio2 using 'Динамики (Realtek(R) Audio)' : 2 channels at 48 kHz using 32 bits per sample (channel mask 0x3)
[2024.12.08-13.15.45:487][346]LogInit: XAudio2 using 'Динамики (Realtek(R) Audio)' : 2 channels at 48 kHz using 32 bits per sample (channel mask 0x3)
[2024.12.08-13.15.45:528][346]LogInit: XAudio2 using 'Динамики (Realtek(R) Audio)' : 2 channels at 48 kHz using 32 bits per sample (channel mask 0x3)
[2024.12.08-13.18.31:362][221]LogBlueprintUserMessages: Early EndPlayMap Detection: Level '/Game/StarterContent/Maps/Minimal_Default.Minimal_Default:PersistentLevel' has LevelScriptBlueprint '/Game/StarterContent/Maps/Minimal_Default.Minimal_Default:PersistentLevel.Minimal_Default' with GeneratedClass '/Game/StarterContent/Maps/Minimal_Default.Minimal_Default_C' with ClassGeneratedBy '/Game/StarterContent/Maps/Minimal_Default.Minimal_Default:PersistentLevel.Minimal_Default'
[2024.12.08-13.18.31:362][221]LogSlate: Updating window title bar state: overlay mode, drag disabled, window buttons hidden, title bar hidden
[2024.12.08-13.18.31:396][221]LogPlayLevel: Display: Shutting down PIE online subsystems
[2024.12.08-13.18.31:396][221]LogBlueprintUserMessages: Late EndPlayMap Detection: Level '/Game/StarterContent/Maps/Minimal_Default.Minimal_Default:PersistentLevel' has LevelScriptBlueprint '/Game/StarterContent/Maps/Minimal_Default.Minimal_Default:PersistentLevel.Minimal_Default' with GeneratedClass '/Game/StarterContent/Maps/Minimal_Default.Minimal_Default_C' with ClassGeneratedBy '/Game/StarterContent/Maps/Minimal_Default.Minimal_Default:PersistentLevel.Minimal_Default'
[2024.12.08-13.18.31:422][221]LogSlate: Updating window title bar state: overlay mode, drag disabled, window buttons hidden, title bar hidden
[2024.12.08-13.18.31:427][221]LogUObjectHash: Compacting FUObjectHashTables data took   2.19ms
[2024.12.08-13.18.31:497][223]LogPlayLevel: Display: Destroying online subsystem :Context_16
[2024.12.08-13.28.47:013][558]Cmd: SELECT NONE
[2024.12.08-13.29.12:696][854]LogSlate: FSceneViewport::OnFocusLost() reason 2
[2024.12.08-13.29.12:731][854]LogUObjectHash: Compacting FUObjectHashTables data took   0.98ms
[2024.12.08-13.29.12:731][854]LogFileHelpers: Editor autosave (incl. sublevels) for '/Game/StarterContent/Maps/Minimal_Default' took 0.026
[2024.12.08-13.29.12:732][854]OBJ SavePackage: Generating thumbnails for [0] asset(s) in package [/Game/BP_Blocks] ([1] browsable assets)...
[2024.12.08-13.29.12:732][854]OBJ SavePackage: Finished generating thumbnails for package [/Game/BP_Blocks]
[2024.12.08-13.29.12:732][854]Cmd: OBJ SAVEPACKAGE PACKAGE="/Game/BP_Blocks" FILE="../../../../../Users/Mike/Documents/Unreal Projects/MyFirstProject/Saved/Autosaves/Game/BP_Blocks_Auto2.uasset" SILENT=false AUTOSAVING=true
[2024.12.08-13.29.12:759][854]LogSavePackage: Moving '../../../../../Users/Mike/Documents/Unreal Projects/MyFirstProject/Saved/BP_Blocks_Auto22C1AD48B49686353D05FF8B6ABF743ED.tmp' to '../../../../../Users/Mike/Documents/Unreal Projects/MyFirstProject/Saved/Autosaves/Game/BP_Blocks_Auto2.uasset'
[2024.12.08-13.29.12:759][854]LogFileHelpers: Auto-saving content packages took 0.028
[2024.12.08-13.59.53:454][ 85]LogWindowsTextInputMethodSystem: Display: IME system now deactivated.
[2024.12.08-13.59.53:454][ 85]LogWindowsTextInputMethodSystem: Display: IME system now deactivated.
[2024.12.08-20.46.32:295][695]LogInit: XAudio2 using 'Наушники (E7)' : 2 channels at 44.1 kHz using 16 bits per sample (channel mask 0x3)
[2024.12.08-20.46.32:525][696]LogInit: XAudio2 using 'Наушники (E7)' : 2 channels at 44.1 kHz using 16 bits per sample (channel mask 0x3)
[2024.12.08-22.16.46:362][809]LogAudio: Warning: Current Audio Device with ID {0.0.0.00000000}.{16931e5d-2711-4ec8-aa82-2b9e920e17e7} was removed. Shutting down audio device.
[2024.12.08-22.16.46:362][809]LogInit: XAudio2 using 'Динамики (Realtek(R) Audio)' : 2 channels at 48 kHz using 32 bits per sample (channel mask 0x3)
[2024.12.08-22.16.46:656][810]LogInit: XAudio2 using 'Динамики (Realtek(R) Audio)' : 2 channels at 48 kHz using 32 bits per sample (channel mask 0x3)
[2024.12.08-22.51.16:389][970]LogInit: XAudio2 using 'Наушники (E7)' : 2 channels at 44.1 kHz using 16 bits per sample (channel mask 0x3)
[2024.12.08-22.51.16:609][971]LogInit: XAudio2 using 'Наушники (E7)' : 2 channels at 44.1 kHz using 16 bits per sample (channel mask 0x3)
[2024.12.09-00.02.58:610][780]LogAudio: Warning: Current Audio Device with ID {0.0.0.00000000}.{16931e5d-2711-4ec8-aa82-2b9e920e17e7} was removed. Shutting down audio device.
[2024.12.09-00.02.58:610][780]LogInit: XAudio2 using 'Динамики (Realtek(R) Audio)' : 2 channels at 48 kHz using 32 bits per sample (channel mask 0x3)
[2024.12.09-00.02.58:902][781]LogInit: XAudio2 using 'Динамики (Realtek(R) Audio)' : 2 channels at 48 kHz using 32 bits per sample (channel mask 0x3)
